06/18/2024 19:09:51 India Standard Time : Information : Local timezone is (UTC+05:30) India Standard Time (Kolkata)
06/18/2024 19:09:51 India Standard Time : Information : Service Hub .NET service module host started. Host id: dotnet$C94B8CFE-E3FD-4BAF-A941-2866DBB566FE. Controller pipe: net.pipe://18631FC4CB. PID: 1877
06/18/2024 19:09:51 India Standard Time : Information : hubHostClr read: Content-Length: 111

{"jsonrpc":"2.0","id":2,"method":"initializeHost","params":[{"HostsRootDirectory":".","AppConfigFallback":""}]}
06/18/2024 19:09:51 India Standard Time : Information : hubHostClr write: Content-Length: 79

{"jsonrpc":"2.0","id":2,"result":"dotnet$C94B8CFE-E3FD-4BAF-A941-2866DBB566FE"}
06/18/2024 19:09:51 India Standard Time : Information : hubHostClr read: Content-Length: 2182

{"jsonrpc":"2.0","id":3,"method":"startService","params":[{"name":"Microsoft.VisualStudio.TestWindow.VSCode.Service","host":"dotnet","hostId":"C94B8CFE-E3FD-4BAF-A941-2866DBB566FE","serviceBaseDirectory":"/Users/shashibhushankumar/.vscode/extensions/ms-dotnettools.csdevkit-1.7.27-darwin-arm64/components/VSUnitTesting/platforms/darwin-arm64/node_modules/@microsoft/visualstudio-testwindow-vscode-service.darwin-arm64","entryPoint":{"assemblyPath":"/Users/shashibhushankumar/.vscode/extensions/ms-dotnettools.csdevkit-1.7.27-darwin-arm64/components/VSUnitTesting/platforms/darwin-arm64/node_modules/@microsoft/visualstudio-testwindow-vscode-service.darwin-arm64/Microsoft.VisualStudio.TestWindow.VSCode.Service.dll","fullClassName":"Microsoft.VisualStudio.TestWindow.VSCode.Service.TestWindowVSCodeServiceFactory"}},{"ActivationArguments":{"__servicehub__ServiceModuleInfo_Microsoft.VisualStudio.TestWindow.VSCode.Service":"{\"name\":null,\"host\":\"dotnet\",\"hostId\":\"C94B8CFE-E3FD-4BAF-A941-2866DBB566FE\",\"serviceBaseDirectory\":\"/Users/shashibhushankumar/.vscode/extensions/ms-dotnettools.csdevkit-1.7.27-darwin-arm64/components/VSUnitTesting/platforms/darwin-arm64/node_modules/@microsoft/visualstudio-testwindow-vscode-service.darwin-arm64\",\"entryPoint\":{\"assemblyPath\":\"/Users/shashibhushankumar/.vscode/extensions/ms-dotnettools.csdevkit-1.7.27-darwin-arm64/components/VSUnitTesting/platforms/darwin-arm64/node_modules/@microsoft/visualstudio-testwindow-vscode-service.darwin-arm64/Microsoft.VisualStudio.TestWindow.VSCode.Service.dll\",\"fullClassName\":\"Microsoft.VisualStudio.TestWindow.VSCode.Service.TestWindowVSCodeServiceFactory\",\"scriptPath\":null,\"constructorFunction\":null,\"configPath\":null,\"appBasePath\":null,\"assemblySearchPathsConfig\":null},\"hostGroupAllowed\":null,\"hostGroupId\":null,\"serviceOverride\":null,\"singleDomainLoaderOptimization\":null,\"versionRange\":null,\"friendServices\":null}","__servicehub__ServiceHubRemoteServiceBrokerPipeName":"/Users/shashibhushankumar/.ServiceHub/789c3ccb66/858d674cea","__servicehub__RequestedServiceVersion":"0.1"},"ClientCredentials":{},"ClientCulture":"en-GB","ClientUICulture":"en-GB"}]}Content-Length: 1944

{"jsonrpc":"2.0","id":4,"method":"startService","params":[{"name":"Microsoft.TemplateEngine.VSCode.TemplateService","host":"dotnet","hostId":"C94B8CFE-E3FD-4BAF-A941-2866DBB566FE","serviceBaseDirectory":"/Users/shashibhushankumar/.vscode/extensions/ms-dotnettools.csdevkit-1.7.27-darwin-arm64/components/dotnet-project-system-vscode/node_modules/@microsoft/vscode.templateengine","entryPoint":{"assemblyPath":"/Users/shashibhushankumar/.vscode/extensions/ms-dotnettools.csdevkit-1.7.27-darwin-arm64/components/dotnet-project-system-vscode/node_modules/@microsoft/vscode.templateengine/Microsoft.TemplateEngine.VSCode.dll","fullClassName":"Microsoft.TemplateEngine.VSCode.TemplateServiceFactory"}},{"ActivationArguments":{"__servicehub__ServiceModuleInfo_Microsoft.TemplateEngine.VSCode.TemplateService":"{\"name\":null,\"host\":\"dotnet\",\"hostId\":\"C94B8CFE-E3FD-4BAF-A941-2866DBB566FE\",\"serviceBaseDirectory\":\"/Users/shashibhushankumar/.vscode/extensions/ms-dotnettools.csdevkit-1.7.27-darwin-arm64/components/dotnet-project-system-vscode/node_modules/@microsoft/vscode.templateengine\",\"entryPoint\":{\"assemblyPath\":\"/Users/shashibhushankumar/.vscode/extensions/ms-dotnettools.csdevkit-1.7.27-darwin-arm64/components/dotnet-project-system-vscode/node_modules/@microsoft/vscode.templateengine/Microsoft.TemplateEngine.VSCode.dll\",\"fullClassName\":\"Microsoft.TemplateEngine.VSCode.TemplateServiceFactory\",\"scriptPath\":null,\"constructorFunction\":null,\"configPath\":null,\"appBasePath\":null,\"assemblySearchPathsConfig\":null},\"hostGroupAllowed\":null,\"hostGroupId\":null,\"serviceOverride\":null,\"singleDomainLoaderOptimization\":null,\"versionRange\":null,\"friendServices\":null}","__servicehub__ServiceHubRemoteServiceBrokerPipeName":"/Users/shashibhushankumar/.ServiceHub/789c3ccb66/021a9d3413","__servicehub__RequestedServiceVersion":"0.1
06/18/2024 19:09:51 India Standard Time : Information : hubHostClr read: "},"ClientCredentials":{},"ClientCulture":"en-GB","ClientUICulture":"en-GB"}]}Content-Length: 2144

{"jsonrpc":"2.0","id":5,"method":"startService","params":[{"name":"Microsoft.VisualStudio.Debugger.HotReloadSessionNotificationService","host":"dotnet","hostId":"C94B8CFE-E3FD-4BAF-A941-2866DBB566FE","serviceBaseDirectory":"/Users/shashibhushankumar/.vscode/extensions/ms-dotnettools.csdevkit-1.7.27-darwin-arm64/components/VSDebugCore/platforms/darwin-arm64/node_modules/@microsoft/visualstudio-debugger-devkit.darwin-arm64","entryPoint":{"assemblyPath":"/Users/shashibhushankumar/.vscode/extensions/ms-dotnettools.csdevkit-1.7.27-darwin-arm64/components/VSDebugCore/platforms/darwin-arm64/node_modules/@microsoft/visualstudio-debugger-devkit.darwin-arm64/Microsoft.VisualStudio.Debugger.DevKit.dll","fullClassName":"Microsoft.VisualStudio.Debugger.HotReloadSessionNotificationService+Factory"}},{"ActivationArguments":{"__servicehub__ServiceModuleInfo_Microsoft.VisualStudio.Debugger.HotReloadSessionNotificationService":"{\"name\":null,\"host\":\"dotnet\",\"hostId\":\"C94B8CFE-E3FD-4BAF-A941-2866DBB566FE\",\"serviceBaseDirectory\":\"/Users/shashibhushankumar/.vscode/extensions/ms-dotnettools.csdevkit-1.7.27-darwin-arm64/components/VSDebugCore/platforms/darwin-arm64/node_modules/@microsoft/visualstudio-debugger-devkit.darwin-arm64\",\"entryPoint\":{\"assemblyPath\":\"/Users/shashibhushankumar/.vscode/extensions/ms-dotnettools.csdevkit-1.7.27-darwin-arm64/components/VSDebugCore/platforms/darwin-arm64/node_modules/@microsoft/visualstudio-debugger-devkit.darwin-arm64/Microsoft.VisualStudio.Debugger.DevKit.dll\",\"fullClassName\":\"Microsoft.VisualStudio.Debugger.HotReloadSessionNotificationService+Factory\",\"scriptPath\":null,\"constructorFunction\":null,\"configPath\":null,\"appBasePath\":null,\"assemblySearchPathsConfig\":null},\"hostGroupAllowed\":null,\"hostGroupId\":null,\"serviceOverride\":null,\"singleDomainLoaderOptimization\":null,\"versionRange\":null,\"friendServices\":null}","__servicehub__ServiceHubRemoteServiceBrokerPipeName":"/Users/shashibhushankumar/.ServiceHub/789c3ccb66/1739e1e1df","__servicehub__RequestedServiceVersion":"0.1"},"ClientCredentials":{},"ClientCulture":"en-IN","ClientUICulture":"en-US"}]}Content-Length: 1944

{"jsonrpc":"2.0","id":6,"method":"startService","params":[{"name":"Microsoft.TemplateEngine.VSCode.TemplateService","host":"dotnet","hostId":"C94B8CFE-E3FD-4BAF-A941-2866DBB566FE","serviceBaseDirectory":"/Users/shashibhushankumar/.vscode/extensions/ms-dotnettools.csdevkit-1.7.27-darwin-arm64/components/dotnet-project-system-vscode/node_modules/@microsoft/vscode.templateengine","entryPoint":{"assemblyPath":"/Users/shashibhushankumar/.vscode/extensions/ms-dotnettools.csdevkit-1.7.27-darwin-arm64/components/dotnet-project-system-vscode/node_modules/@microsoft/vscode.templateengine/Microsoft.TemplateEngine.VSCode.dll","fullClassName":"Microsoft.TemplateEngine.VSCode.TemplateServiceFactory"}},{"ActivationArguments":{"__servicehub__ServiceModuleInfo_Microsoft.TemplateEngine.VSCode.TemplateService":"{\"name\":null,\"host\":\"dotnet\",\"hostId\":\"C94B8CFE-E3FD-4BAF-A941-2866DBB566FE\",\"serviceBaseDirectory\":\"/Users/shashibhushankumar/.vscode/extensions/ms-dotnettools.csdevkit-1.7.27-darwin-arm64/components/dotnet-project-system-vscode/node_modules/@microsoft/vscode.templateengine\",\"entryPoint\":{\"assemblyPath\":\"/Users/shashibhushankumar/.vscode/extensions/ms-dotnettools.csdevkit-1.7.27-darwin-arm64/components/dotnet-project-system-vscode/node_modules/@microsoft/vscode.templateengine/Microsoft.TemplateEngine.VSCode.dll\",\"fullClassName\":\"Microsoft.TemplateEngine.VSCode.TemplateServiceFactory\",\"scriptPath\":null,\"constructorFunction\":null,\"configPath\":null,\"appBasePath\":null,\"assemblySearchPathsConfig\":null},\"hostGroupAllowed\":null,\"hostGroupId\":null,\"serviceOverride\":null,\"singleDomainLoaderOptimization\":null,\"versionRange\":null,\"friendServices\":null}","__servicehub__ServiceHubRemoteServiceBrokerPipeName":"/Users/shashibhushankumar/.ServiceHub/789c3ccb66/1668e001d1","__s
06/18/2024 19:09:51 India Standard Time : Information : CLR host received start request for service 'Microsoft.VisualStudio.TestWindow.VSCode.Service'
06/18/2024 19:09:51 India Standard Time : Information : hubHostClr read: ervicehub__RequestedServiceVersion":"0.1"},"ClientCredentials":{},"ClientCulture":"en-GB","ClientUICulture":"en-GB"}]}Content-Length: 1944

{"jsonrpc":"2.0","id":7,"method":"startService","params":[{"name":"Microsoft.TemplateEngine.VSCode.TemplateService","host":"dotnet","hostId":"C94B8CFE-E3FD-4BAF-A941-2866DBB566FE","serviceBaseDirectory":"/Users/shashibhushankumar/.vscode/extensions/ms-dotnettools.csdevkit-1.7.27-darwin-arm64/components/dotnet-project-system-vscode/node_modules/@microsoft/vscode.templateengine","entryPoint":{"assemblyPath":"/Users/shashibhushankumar/.vscode/extensions/ms-dotnettools.csdevkit-1.7.27-darwin-arm64/components/dotnet-project-system-vscode/node_modules/@microsoft/vscode.templateengine/Microsoft.TemplateEngine.VSCode.dll","fullClassName":"Microsoft.TemplateEngine.VSCode.TemplateServiceFactory"}},{"ActivationArguments":{"__servicehub__ServiceModuleInfo_Microsoft.TemplateEngine.VSCode.TemplateService":"{\"name\":null,\"host\":\"dotnet\",\"hostId\":\"C94B8CFE-E3FD-4BAF-A941-2866DBB566FE\",\"serviceBaseDirectory\":\"/Users/shashibhushankumar/.vscode/extensions/ms-dotnettools.csdevkit-1.7.27-darwin-arm64/components/dotnet-project-system-vscode/node_modules/@microsoft/vscode.templateengine\",\"entryPoint\":{\"assemblyPath\":\"/Users/shashibhushankumar/.vscode/extensions/ms-dotnettools.csdevkit-1.7.27-darwin-arm64/components/dotnet-project-system-vscode/node_modules/@microsoft/vscode.templateengine/Microsoft.TemplateEngine.VSCode.dll\",\"fullClassName\":\"Microsoft.TemplateEngine.VSCode.TemplateServiceFactory\",\"scriptPath\":null,\"constructorFunction\":null,\"configPath\":null,\"appBasePath\":null,\"assemblySearchPathsConfig\":null},\"hostGroupAllowed\":null,\"hostGroupId\":null,\"serviceOverride\":null,\"singleDomainLoaderOptimization\":null,\"versionRange\":null,\"friendServices\":null}","__servicehub__ServiceHubRemoteServiceBrokerPipeName":"/Users/shashibhushankumar/.ServiceHub/789c3ccb66/652cf46f9c","__servicehub__RequestedServiceVersion":"0.1"},"ClientCredentials":{},"ClientCulture":"en-GB","ClientUICulture":"en-GB"}]}
06/18/2024 19:09:51 India Standard Time : Information : Loading service module assembly '/Users/shashibhushankumar/.vscode/extensions/ms-dotnettools.csdevkit-1.7.27-darwin-arm64/components/VSUnitTesting/platforms/darwin-arm64/node_modules/@microsoft/visualstudio-testwindow-vscode-service.darwin-arm64/Microsoft.VisualStudio.TestWindow.VSCode.Service.dll' from '/Users/shashibhushankumar/.vscode/extensions/ms-dotnettools.csdevkit-1.7.27-darwin-arm64/components/VSUnitTesting/platforms/darwin-arm64/node_modules/@microsoft/visualstudio-testwindow-vscode-service.darwin-arm64'
06/18/2024 19:09:51 India Standard Time : Information : Starting service module 'Microsoft.VisualStudio.TestWindow.VSCode.Service'. Class: Microsoft.VisualStudio.TestWindow.VSCode.Service.TestWindowVSCodeServiceFactory, Supported Version: 
06/18/2024 19:09:51 India Standard Time : Information : Started service 'Microsoft.VisualStudio.TestWindow.VSCode.Service'. Pipe name: /Users/shashibhushankumar/.ServiceHub/789c3ccb66/98d4625c6f, Supported Version: 
06/18/2024 19:09:51 India Standard Time : Information : CLR host received start request for service 'Microsoft.TemplateEngine.VSCode.TemplateService'
06/18/2024 19:09:51 India Standard Time : Information : Loading service module assembly '/Users/shashibhushankumar/.vscode/extensions/ms-dotnettools.csdevkit-1.7.27-darwin-arm64/components/dotnet-project-system-vscode/node_modules/@microsoft/vscode.templateengine/Microsoft.TemplateEngine.VSCode.dll' from '/Users/shashibhushankumar/.vscode/extensions/ms-dotnettools.csdevkit-1.7.27-darwin-arm64/components/dotnet-project-system-vscode/node_modules/@microsoft/vscode.templateengine'
06/18/2024 19:09:51 India Standard Time : Information : hubHostClr write: Content-Length: 95

{"jsonrpc":"2.0","id":3,"result":"/Users/shashibhushankumar/.ServiceHub/789c3ccb66/98d4625c6f"}
06/18/2024 19:09:51 India Standard Time : Information : Starting service module 'Microsoft.TemplateEngine.VSCode.TemplateService'. Class: Microsoft.TemplateEngine.VSCode.TemplateServiceFactory, Supported Version: 
06/18/2024 19:09:51 India Standard Time : Information : Started service 'Microsoft.TemplateEngine.VSCode.TemplateService'. Pipe name: /Users/shashibhushankumar/.ServiceHub/789c3ccb66/77f79ad545, Supported Version: 
06/18/2024 19:09:51 India Standard Time : Information : CLR host received start request for service 'Microsoft.VisualStudio.Debugger.HotReloadSessionNotificationService'
06/18/2024 19:09:51 India Standard Time : Information : Loading service module assembly '/Users/shashibhushankumar/.vscode/extensions/ms-dotnettools.csdevkit-1.7.27-darwin-arm64/components/VSDebugCore/platforms/darwin-arm64/node_modules/@microsoft/visualstudio-debugger-devkit.darwin-arm64/Microsoft.VisualStudio.Debugger.DevKit.dll' from '/Users/shashibhushankumar/.vscode/extensions/ms-dotnettools.csdevkit-1.7.27-darwin-arm64/components/VSDebugCore/platforms/darwin-arm64/node_modules/@microsoft/visualstudio-debugger-devkit.darwin-arm64'
06/18/2024 19:09:51 India Standard Time : Information : hubHostClr write: Content-Length: 95

{"jsonrpc":"2.0","id":4,"result":"/Users/shashibhushankumar/.ServiceHub/789c3ccb66/77f79ad545"}
06/18/2024 19:09:51 India Standard Time : Information : A new client connected to CLR service module 'Microsoft.VisualStudio.TestWindow.VSCode.Service'
06/18/2024 19:09:51 India Standard Time : Information : A new client connected to CLR service module 'Microsoft.TemplateEngine.VSCode.TemplateService'
06/18/2024 19:09:51 India Standard Time : Information : Found FactoryVersion=Version2 for service : Microsoft.VisualStudio.TestWindow.VSCode.Service.
06/18/2024 19:09:51 India Standard Time : Information : Service 'Microsoft.VisualStudio.TestWindow.VSCode.Service.TestWindowVSCodeServiceFactory' implements IServiceHubServiceFactory. Creating factory instance and caching it.
06/18/2024 19:09:51 India Standard Time : Information : Found FactoryVersion=Version2 for service : Microsoft.TemplateEngine.VSCode.TemplateService.
06/18/2024 19:09:51 India Standard Time : Information : Service 'Microsoft.TemplateEngine.VSCode.TemplateServiceFactory' implements IServiceHubServiceFactory. Creating factory instance and caching it.
06/18/2024 19:09:51 India Standard Time : Information : Starting service module 'Microsoft.VisualStudio.Debugger.HotReloadSessionNotificationService'. Class: Microsoft.VisualStudio.Debugger.HotReloadSessionNotificationService+Factory, Supported Version: 
06/18/2024 19:09:51 India Standard Time : Information : Started service 'Microsoft.VisualStudio.Debugger.HotReloadSessionNotificationService'. Pipe name: /Users/shashibhushankumar/.ServiceHub/789c3ccb66/e31987cb4e, Supported Version: 
06/18/2024 19:09:51 India Standard Time : Information : CLR host received start request for service 'Microsoft.TemplateEngine.VSCode.TemplateService'
06/18/2024 19:09:51 India Standard Time : Information : Loading service module assembly '/Users/shashibhushankumar/.vscode/extensions/ms-dotnettools.csdevkit-1.7.27-darwin-arm64/components/dotnet-project-system-vscode/node_modules/@microsoft/vscode.templateengine/Microsoft.TemplateEngine.VSCode.dll' from '/Users/shashibhushankumar/.vscode/extensions/ms-dotnettools.csdevkit-1.7.27-darwin-arm64/components/dotnet-project-system-vscode/node_modules/@microsoft/vscode.templateengine'
06/18/2024 19:09:51 India Standard Time : Information : Starting service module 'Microsoft.TemplateEngine.VSCode.TemplateService'. Class: Microsoft.TemplateEngine.VSCode.TemplateServiceFactory, Supported Version: 
06/18/2024 19:09:51 India Standard Time : Information : Started service 'Microsoft.TemplateEngine.VSCode.TemplateService'. Pipe name: /Users/shashibhushankumar/.ServiceHub/789c3ccb66/1e5e6c3a95, Supported Version: 
06/18/2024 19:09:51 India Standard Time : Information : CLR host received start request for service 'Microsoft.TemplateEngine.VSCode.TemplateService'
06/18/2024 19:09:51 India Standard Time : Information : Loading service module assembly '/Users/shashibhushankumar/.vscode/extensions/ms-dotnettools.csdevkit-1.7.27-darwin-arm64/components/dotnet-project-system-vscode/node_modules/@microsoft/vscode.templateengine/Microsoft.TemplateEngine.VSCode.dll' from '/Users/shashibhushankumar/.vscode/extensions/ms-dotnettools.csdevkit-1.7.27-darwin-arm64/components/dotnet-project-system-vscode/node_modules/@microsoft/vscode.templateengine'
06/18/2024 19:09:51 India Standard Time : Information : Starting service module 'Microsoft.TemplateEngine.VSCode.TemplateService'. Class: Microsoft.TemplateEngine.VSCode.TemplateServiceFactory, Supported Version: 
06/18/2024 19:09:51 India Standard Time : Information : Started service 'Microsoft.TemplateEngine.VSCode.TemplateService'. Pipe name: /Users/shashibhushankumar/.ServiceHub/789c3ccb66/c1f0e8ac3a, Supported Version: 
06/18/2024 19:09:51 India Standard Time : Information : hubHostClr write: Content-Length: 105

{"jsonrpc":"2.0","method":"hostServicesStarted","params":["dotnet$C94B8CFE-E3FD-4BAF-A941-2866DBB566FE"]}Content-Length: 95

{"jsonrpc":"2.0","id":5,"result":"/Users/shashibhushankumar/.ServiceHub/789c3ccb66/e31987cb4e"}
06/18/2024 19:09:51 India Standard Time : Information : hubHostClr write: Content-Length: 95

{"jsonrpc":"2.0","id":6,"result":"/Users/shashibhushankumar/.ServiceHub/789c3ccb66/1e5e6c3a95"}Content-Length: 95

{"jsonrpc":"2.0","id":7,"result":"/Users/shashibhushankumar/.ServiceHub/789c3ccb66/c1f0e8ac3a"}
06/18/2024 19:09:51 India Standard Time : Information : A new client connected to CLR service module 'Microsoft.VisualStudio.Debugger.HotReloadSessionNotificationService'
06/18/2024 19:09:51 India Standard Time : Information : A new client connected to CLR service module 'Microsoft.TemplateEngine.VSCode.TemplateService'
06/18/2024 19:09:51 India Standard Time : Information : A new client connected to CLR service module 'Microsoft.TemplateEngine.VSCode.TemplateService'
06/18/2024 19:09:51 India Standard Time : Information : Found IServiceHubServiceFactory in cache. Creating instance from the factory.
06/18/2024 19:09:51 India Standard Time : Information : Found IServiceHubServiceFactory in cache. Creating instance from the factory.
06/18/2024 19:09:51 India Standard Time : Information : Found FactoryVersion=Version2 for service : Microsoft.VisualStudio.Debugger.HotReloadSessionNotificationService.
06/18/2024 19:09:51 India Standard Time : Information : Service 'Microsoft.VisualStudio.Debugger.HotReloadSessionNotificationService+Factory' implements IServiceHubServiceFactory. Creating factory instance and caching it.
06/18/2024 19:09:51 India Standard Time : Information : Creating service Microsoft.VisualStudio.Debugger.HotReloadSessionNotificationService+Factory from factory with FactoryVersion=Version2 and ClientRequestedVersion=0.1.
06/18/2024 19:09:51 India Standard Time : Information : Creating service Microsoft.VisualStudio.TestWindow.VSCode.Service.TestWindowVSCodeServiceFactory from factory with FactoryVersion=Version2 and ClientRequestedVersion=0.1.
06/18/2024 19:09:51 India Standard Time : Information : Creating service Microsoft.TemplateEngine.VSCode.TemplateServiceFactory from factory with FactoryVersion=Version2 and ClientRequestedVersion=0.1.
06/18/2024 19:09:51 India Standard Time : Information : Setting up RPC connection for service 'Microsoft.TemplateEngine.VSCode.TemplateServiceFactory' from factory
06/18/2024 19:09:51 India Standard Time : Information : Setting up RPC connection for service 'Microsoft.VisualStudio.Debugger.HotReloadSessionNotificationService+Factory' from factory
06/18/2024 19:09:51 India Standard Time : Information : Setting up RPC connection for service 'Microsoft.VisualStudio.TestWindow.VSCode.Service.TestWindowVSCodeServiceFactory' from factory
06/18/2024 19:09:51 India Standard Time : Information : Creating service Microsoft.TemplateEngine.VSCode.TemplateServiceFactory from factory with FactoryVersion=Version2 and ClientRequestedVersion=0.1.
06/18/2024 19:09:51 India Standard Time : Information : Setting up RPC connection for service 'Microsoft.TemplateEngine.VSCode.TemplateServiceFactory' from factory
06/18/2024 19:09:51 India Standard Time : Information : Creating service Microsoft.TemplateEngine.VSCode.TemplateServiceFactory from factory with FactoryVersion=Version2 and ClientRequestedVersion=0.1.
06/18/2024 19:09:51 India Standard Time : Information : Setting up RPC connection for service 'Microsoft.TemplateEngine.VSCode.TemplateServiceFactory' from factory
06/18/2024 19:09:52 India Standard Time : Information : Completed RPC connection setup for service 'Microsoft.TemplateEngine.VSCode.TemplateServiceFactory' from factory
06/18/2024 19:09:52 India Standard Time : Information : Completed RPC connection setup for service 'Microsoft.TemplateEngine.VSCode.TemplateServiceFactory' from factory
06/18/2024 19:09:52 India Standard Time : Information : Completed RPC connection setup for service 'Microsoft.TemplateEngine.VSCode.TemplateServiceFactory' from factory
06/18/2024 19:09:52 India Standard Time : Information : Completed RPC connection setup for service 'Microsoft.VisualStudio.TestWindow.VSCode.Service.TestWindowVSCodeServiceFactory' from factory
06/18/2024 19:09:52 India Standard Time : Information : Completed RPC connection setup for service 'Microsoft.VisualStudio.Debugger.HotReloadSessionNotificationService+Factory' from factory
06/18/2024 19:10:09 India Standard Time : Information : hubHostClr write: Content-Length: 103

{"jsonrpc":"2.0","method":"hostServicesEnded","params":["dotnet$C94B8CFE-E3FD-4BAF-A941-2866DBB566FE"]}
06/18/2024 19:10:09 India Standard Time : Information : hubHostClr read: Content-Length: 46

{"jsonrpc":"2.0","method":"exit","params":[3]}
06/18/2024 19:10:09 India Standard Time : Information : Exit command received with reason 'ForcedControllerShutdown'. Exiting CLR host
06/18/2024 19:10:09 India Standard Time : Information : Checking if 'Microsoft.TemplateEngine.VSCode.TemplateServiceFactory' implements Microsoft.VisualStudio.Threading.IAsyncDisposable.
06/18/2024 19:10:09 India Standard Time : Information : Checking if 'Microsoft.VisualStudio.TestWindow.VSCode.Service.TestWindowVSCodeServiceFactory' implements Microsoft.VisualStudio.Threading.IAsyncDisposable.
06/18/2024 19:10:09 India Standard Time : Information : Checking if 'Microsoft.VisualStudio.Debugger.HotReloadSessionNotificationService+Factory' implements Microsoft.VisualStudio.Threading.IAsyncDisposable.
06/18/2024 19:10:09 India Standard Time : Information : Checking if 'Microsoft.TemplateEngine.VSCode.TemplateServiceFactory' implements System.IAsyncDisposable.
06/18/2024 19:10:09 India Standard Time : Information : Checking if 'Microsoft.VisualStudio.TestWindow.VSCode.Service.TestWindowVSCodeServiceFactory' implements System.IAsyncDisposable.
06/18/2024 19:10:09 India Standard Time : Information : Checking if 'Microsoft.VisualStudio.Debugger.HotReloadSessionNotificationService+Factory' implements System.IAsyncDisposable.
06/18/2024 19:10:09 India Standard Time : Information : Checking if 'Microsoft.TemplateEngine.VSCode.TemplateServiceFactory' implements System.IDisposable.
06/18/2024 19:10:09 India Standard Time : Information : Checking if 'Microsoft.VisualStudio.TestWindow.VSCode.Service.TestWindowVSCodeServiceFactory' implements System.IDisposable.
06/18/2024 19:10:09 India Standard Time : Information : Checking if 'Microsoft.VisualStudio.Debugger.HotReloadSessionNotificationService+Factory' implements System.IDisposable.
06/18/2024 19:10:09 India Standard Time : Information : hubHostClr JSON RPC has been disposed
06/18/2024 19:10:09 India Standard Time : Information : hubHostClr read: end of stream
