10/01/2024 12:21:47 India Standard Time : Information : Local timezone is (UTC+05:30) India Standard Time (Kolkata)
10/01/2024 12:21:47 India Standard Time : Information : Started controller with command line /Users/shashibhushankumar/.vscode/extensions/ms-dotnettools.csdevkit-1.10.18-darwin-arm64/components/vs-green-server/platforms/darwin-arm64/node_modules/@microsoft/servicehub-controller-net60.darwin-arm64/Microsoft.ServiceHub.Controller e2966b87ba /ControllerCooldownTimeout:30000 /TelemetrySession:{"TelemetryLevel":"off","IsOptedIn":false,"HostName":"Default","AppInsightsInstrumentationKey":null,"AsimovInstrumentationKey":null,"CollectorApiKey":"0c6ae279ed8443289764825290e4f9e2-1a736e7c-1324-4338-be46-fc2a58ae4d14-7255","AppId":1010,"UserId":"b654b7d3-895b-478b-a437-129a858005af","Id":"0c7d5530-7185-4e25-b784-122b11f1e39b1727402306336","ProcessStartTime":133722391059001328,"SkuName":null,"VSExeVersion":null,"BucketFiltersToEnableWatsonForFaults":[],"BucketFiltersToAddDumpsToFaults":[]}
10/01/2024 12:21:47 India Standard Time : Information : Acquiring single controller instance mutex with name '1186655943-ServiceHubControllerSingleInstanceMutex'
10/01/2024 12:21:47 India Standard Time : Information : Acquired single controller instance mutex with name '1186655943-ServiceHubControllerSingleInstanceMutex'
10/01/2024 12:21:47 India Standard Time : Warning : Invalid 'TelemetrySession' was passed as an argument: {"TelemetryLevel":"off","IsOptedIn":false,"HostName":"Default","AppInsightsInstrumentationKey":null,"AsimovInstrumentationKey":null,"CollectorApiKey":"0c6ae279ed8443289764825290e4f9e2-1a736e7c-1324-4338-be46-fc2a58ae4d14-7255","AppId":1010,"UserId":"b654b7d3-895b-478b-a437-129a858005af","Id":"0c7d5530-7185-4e25-b784-122b11f1e39b1727402306336","ProcessStartTime":133722391059001328,"SkuName":null,"VSExeVersion":null,"BucketFiltersToEnableWatsonForFaults":[],"BucketFiltersToAddDumpsToFaults":[]}.
10/01/2024 12:21:47 India Standard Time : Information : Controller cooldown timeout is set to 30000ms
10/01/2024 12:21:47 India Standard Time : Information : Starting server 'hubController' at 'net.pipe://e2966b87ba' (at '/Users/shashibhushankumar/.ServiceHub/e2966b87ba/e2966b87ba').
10/01/2024 12:21:47 India Standard Time : Information : Successfully started server on pipe e2966b87ba
10/01/2024 12:21:47 India Standard Time : Information : Triggered controller shutdown timer process.
10/01/2024 12:21:47 India Standard Time : Information : Client connected to controller
10/01/2024 12:21:47 India Standard Time : Information : Client connected to controller
10/01/2024 12:21:47 India Standard Time : Information : Client connected to controller
10/01/2024 12:21:47 India Standard Time : Information : Microsoft.ServiceHub.Controller.HubController read: end of stream
10/01/2024 12:21:47 India Standard Time : Information : Microsoft.ServiceHub.Controller.HubController read: end of stream
10/01/2024 12:21:47 India Standard Time : Information : Microsoft.ServiceHub.Controller.HubController read: Content-Length: 109

{"jsonrpc":"2.0","id":2,"method":"UpdateClientInfoAsync","params":[{"clientName":"VsHubClient","pid":90168}]}
10/01/2024 12:21:47 India Standard Time : Information : JsonRpc disconnected due to RemotePartyTerminated. Reached end of stream.
10/01/2024 12:21:47 India Standard Time : Information : JsonRpc disconnected due to RemotePartyTerminated. Reached end of stream.
10/01/2024 12:21:47 India Standard Time : Information : Starting server 'clientWatch' at 'net.pipe://90172BB97D' (at '/Users/shashibhushankumar/.ServiceHub/e2966b87ba/90172BB97D').
10/01/2024 12:21:47 India Standard Time : Information : Microsoft.ServiceHub.Controller.HubController write: Content-Length: 455

{"jsonrpc":"2.0","id":2,"result":{"ClientWatchServerName":"net.pipe://90172BB97D","ControllerConfig":{"Executable":"/Users/shashibhushankumar/.vscode/extensions/ms-dotnettools.csdevkit-1.10.18-darwin-arm64/components/vs-green-server/platforms/darwin-arm64/node_modules/@microsoft/servicehub-controller-net60.darwin-arm64/Microsoft.ServiceHub.Controller","Args":["e2966b87ba"],"PipeName":"e2966b87ba"},"HostsConfig":{"RootDir":".","AppConfigFallback":""}}}
10/01/2024 12:21:47 India Standard Time : Information : External client connect to client watch
10/01/2024 12:21:47 India Standard Time : Information : Microsoft.ServiceHub.Controller.HubController read: end of stream
10/01/2024 12:21:47 India Standard Time : Information : JsonRpc disconnected due to RemotePartyTerminated. Reached end of stream.
10/01/2024 12:21:47 India Standard Time : Information : External client disconnected from client watch.
10/01/2024 12:21:47 India Standard Time : Information : Starting fast shutdown
10/01/2024 12:21:47 India Standard Time : Information : Stopping the location service server.
10/01/2024 12:21:47 India Standard Time : Information : Exiting hub controller.
10/01/2024 12:21:47 India Standard Time : Information : Releasing single controller instance mutex.
10/01/2024 12:21:47 India Standard Time : Information : All hosts have exited.
10/01/2024 12:21:47 India Standard Time : Information : Controller terminating with exit code '0'.
