06/25/2024 23:25:05 India Standard Time : Information : Local timezone is (UTC+05:30) India Standard Time (Kolkata)
06/25/2024 23:25:05 India Standard Time : Information : Added local RPC method "ExecuteQueryAsync" -> Microsoft.VisualStudio.ProjectSystem.Server.QueryExecutionServiceFactory+QueryExecutionServiceShim.ExecuteQueryAsync(String, CancellationToken) (Microsoft.VisualStudio.ProjectSystem.Server.QueryExecutionServiceFactory+QueryExecutionServiceShim)
06/25/2024 23:25:05 India Standard Time : Information : Added local RPC method "ExecuteRemoteExecutableAsync" -> Microsoft.VisualStudio.ProjectSystem.Server.QueryExecutionServiceFactory+QueryExecutionServiceShim.ExecuteRemoteExecutableAsync(String, CancellationToken) (Microsoft.VisualStudio.ProjectSystem.Server.QueryExecutionServiceFactory+QueryExecutionServiceShim)
06/25/2024 23:25:05 India Standard Time : Information : Added local RPC method "GetServiceIdentityAsync" -> Microsoft.VisualStudio.ProjectSystem.Server.QueryExecutionServiceFactory+QueryExecutionServiceShim.GetServiceIdentityAsync(CancellationToken) (Microsoft.VisualStudio.ProjectSystem.Server.QueryExecutionServiceFactory+QueryExecutionServiceShim)
06/25/2024 23:25:05 India Standard Time : Information : Added local RPC method "QueryAsync" -> Microsoft.VisualStudio.ProjectSystem.Server.QueryExecutionServiceFactory+QueryExecutionServiceShim.QueryAsync(String, CancellationToken) (Microsoft.VisualStudio.ProjectSystem.Server.QueryExecutionServiceFactory+QueryExecutionServiceShim)
06/25/2024 23:25:05 India Standard Time : Information : Added local RPC method "SubscribeQueryResultsAsync" -> Microsoft.VisualStudio.ProjectSystem.Server.QueryExecutionServiceFactory+QueryExecutionServiceShim.SubscribeQueryResultsAsync(String, IObserver`1, CancellationToken) (Microsoft.VisualStudio.ProjectSystem.Server.QueryExecutionServiceFactory+QueryExecutionServiceShim)
06/25/2024 23:25:05 India Standard Time : Information : Added local RPC method "TrackQueryUpdatesAsync" -> Microsoft.VisualStudio.ProjectSystem.Server.QueryExecutionServiceFactory+QueryExecutionServiceShim.TrackQueryUpdatesAsync(String, IObserver`1, CancellationToken) (Microsoft.VisualStudio.ProjectSystem.Server.QueryExecutionServiceFactory+QueryExecutionServiceShim)
06/25/2024 23:25:05 India Standard Time : Information : Added local RPC method "Dispose" -> Microsoft.VisualStudio.ProjectSystem.OnceInitializedOnceDisposedAsync.Dispose() (Microsoft.VisualStudio.ProjectSystem.Server.QueryExecutionServiceFactory+QueryExecutionServiceShim)
06/25/2024 23:25:05 India Standard Time : Information : Added local RPC method "DisposeAsync" -> Microsoft.VisualStudio.ProjectSystem.OnceInitializedOnceDisposedAsync.DisposeAsync() (Microsoft.VisualStudio.ProjectSystem.Server.QueryExecutionServiceFactory+QueryExecutionServiceShim)
06/25/2024 23:25:05 India Standard Time : Information : Added local RPC method "ExecuteQuery" -> Microsoft.VisualStudio.ProjectSystem.Server.QueryExecutionServiceFactory+QueryExecutionServiceShim.ExecuteQueryAsync(String, CancellationToken) (Microsoft.VisualStudio.ProjectSystem.Server.QueryExecutionServiceFactory+QueryExecutionServiceShim)
06/25/2024 23:25:05 India Standard Time : Information : Added local RPC method "ExecuteRemoteExecutable" -> Microsoft.VisualStudio.ProjectSystem.Server.QueryExecutionServiceFactory+QueryExecutionServiceShim.ExecuteRemoteExecutableAsync(String, CancellationToken) (Microsoft.VisualStudio.ProjectSystem.Server.QueryExecutionServiceFactory+QueryExecutionServiceShim)
06/25/2024 23:25:05 India Standard Time : Information : Added local RPC method "GetServiceIdentity" -> Microsoft.VisualStudio.ProjectSystem.Server.QueryExecutionServiceFactory+QueryExecutionServiceShim.GetServiceIdentityAsync(CancellationToken) (Microsoft.VisualStudio.ProjectSystem.Server.QueryExecutionServiceFactory+QueryExecutionServiceShim)
06/25/2024 23:25:05 India Standard Time : Information : Added local RPC method "Query" -> Microsoft.VisualStudio.ProjectSystem.Server.QueryExecutionServiceFactory+QueryExecutionServiceShim.QueryAsync(String, CancellationToken) (Microsoft.VisualStudio.ProjectSystem.Server.QueryExecutionServiceFactory+QueryExecutionServiceShim)
06/25/2024 23:25:05 India Standard Time : Information : Added local RPC method "SubscribeQueryResults" -> Microsoft.VisualStudio.ProjectSystem.Server.QueryExecutionServiceFactory+QueryExecutionServiceShim.SubscribeQueryResultsAsync(String, IObserver`1, CancellationToken) (Microsoft.VisualStudio.ProjectSystem.Server.QueryExecutionServiceFactory+QueryExecutionServiceShim)
06/25/2024 23:25:05 India Standard Time : Information : Added local RPC method "TrackQueryUpdates" -> Microsoft.VisualStudio.ProjectSystem.Server.QueryExecutionServiceFactory+QueryExecutionServiceShim.TrackQueryUpdatesAsync(String, IObserver`1, CancellationToken) (Microsoft.VisualStudio.ProjectSystem.Server.QueryExecutionServiceFactory+QueryExecutionServiceShim)
06/25/2024 23:25:05 India Standard Time: Information : 3 :Listening started.
06/25/2024 23:25:05 India Standard Time : Information : Microsoft.VisualStudio.ProjectSystem.Query.Remoting.QueryExecutionService read: Content-Length: 688

{"traceparent":"00-7e5628c646a52245afb06d3b58a03399-0674a0f83de45b42-00","jsonrpc":"2.0","id":2,"method":"SubscribeQueryResultsAsync","params":["{\"context\":\"Projects\",\"query\":{\"$properties\":[\"Id\",\"Name\",\"Path\",\"Guid\",\"ActiveConfigurations\"],\"ActiveConfigurations\":{\"$properties\":[\"Id\",\"Name\",\"ConfigurationName\",\"PlatformName\",\"Capabilities\",\"OutputGroups\"],\"OutputGroups\":{\"$properties\":[\"Id\",\"Name\",\"Outputs\"],\"Outputs\":{\"$properties\":[\"Name\",\"FinalOutputPath\",\"IsKeyOutput\"]},\"$filter\":{\"OutputGroupsByName\":[[\"Built\"]]}}},\"$filter\":{\"ProjectsByCapabilities\":[\"TestContainer\"]}}}",{"__jsonrpc_marshaled":1,"handle":0}]}
06/25/2024 23:25:05 India Standard Time: Information : 7 :{"id":2,"method":"SubscribeQueryResultsAsync"}
06/25/2024 23:25:05 India Standard Time: Information : 6 :Received request "2" for method "SubscribeQueryResultsAsync".
06/25/2024 23:25:05 India Standard Time: Information : 9 :Invoking Microsoft.VisualStudio.ProjectSystem.Server.QueryExecutionServiceFactory+QueryExecutionServiceShim.SubscribeQueryResultsAsync(String, IObserver`1, CancellationToken)
06/25/2024 23:25:05 India Standard Time : Transfer : Transfer, relatedActivityId=de3dc21c-be19-4e6e-a5ff-5ddb4f042e4f
06/25/2024 23:25:05 India Standard Time : Start : SubscribeQueryResultsAsync
06/25/2024 23:25:05 India Standard Time : Stop : SubscribeQueryResultsAsync
06/25/2024 23:25:05 India Standard Time : Transfer : Transfer, relatedActivityId=c628567e-a546-4522-afb0-6d3b58a03399
06/25/2024 23:25:05 India Standard Time : Information : Added local RPC method "$/invokeProxy/0/dispose" -> System.IDisposable.Dispose() (Microsoft.VisualStudio.ProjectSystem.AsyncSubscribe`1[System.String])
06/25/2024 23:25:05 India Standard Time: Information : 8 :{"id":2}
06/25/2024 23:25:05 India Standard Time : Information : Microsoft.VisualStudio.ProjectSystem.Query.Remoting.QueryExecutionService write: Content-Length: 70

{"jsonrpc":"2.0","id":2,"result":{"__jsonrpc_marshaled":1,"handle":0}}
06/25/2024 23:25:06 India Standard Time: Information : 8 :{"id":null,"method":"$/invokeProxy/0/onNext"}
06/25/2024 23:25:06 India Standard Time : Information : Microsoft.VisualStudio.ProjectSystem.Query.Remoting.QueryExecutionService write: Content-Length: 317

{"traceparent":"00-1cc23dde19be6e4ea5ff5ddb4f042e4f-59af5200f01e4d48-01","jsonrpc":"2.0","method":"$/invokeProxy/0/onNext","params":["{\"Versions\":{\"CpsProject:0:MyConsoleApp.Debug|AnyCPU\":1,\"CpsProject:1:webdevelopment.Debug|AnyCPU\":1,\"Workspace:Version\":1,\"ProjectsStateUpdates:Version\":0},\"Items\":[]}"]}
06/25/2024 23:25:07 India Standard Time: Information : 8 :{"id":null,"method":"$/invokeProxy/0/onNext"}
06/25/2024 23:25:07 India Standard Time : Information : Microsoft.VisualStudio.ProjectSystem.Query.Remoting.QueryExecutionService write: Content-Length: 317

{"traceparent":"00-1cc23dde19be6e4ea5ff5ddb4f042e4f-3dccbea02fc08e46-01","jsonrpc":"2.0","method":"$/invokeProxy/0/onNext","params":["{\"Versions\":{\"CpsProject:0:MyConsoleApp.Debug|AnyCPU\":1,\"CpsProject:1:webdevelopment.Debug|AnyCPU\":2,\"Workspace:Version\":1,\"ProjectsStateUpdates:Version\":0},\"Items\":[]}"]}
06/25/2024 23:28:14 India Standard Time: Information : 8 :{"id":null,"method":"$/invokeProxy/0/onNext"}
06/25/2024 23:28:14 India Standard Time : Information : Microsoft.VisualStudio.ProjectSystem.Query.Remoting.QueryExecutionService write: Content-Length: 317

{"traceparent":"00-1cc23dde19be6e4ea5ff5ddb4f042e4f-f96702d8aa4ed341-01","jsonrpc":"2.0","method":"$/invokeProxy/0/onNext","params":["{\"Versions\":{\"CpsProject:0:MyConsoleApp.Debug|AnyCPU\":2,\"CpsProject:1:webdevelopment.Debug|AnyCPU\":3,\"Workspace:Version\":1,\"ProjectsStateUpdates:Version\":0},\"Items\":[]}"]}
06/25/2024 23:28:36 India Standard Time: Information : 8 :{"id":null,"method":"$/invokeProxy/0/onNext"}
06/25/2024 23:28:36 India Standard Time : Information : Microsoft.VisualStudio.ProjectSystem.Query.Remoting.QueryExecutionService write: Content-Length: 317

{"traceparent":"00-1cc23dde19be6e4ea5ff5ddb4f042e4f-c07f0b515b865746-01","jsonrpc":"2.0","method":"$/invokeProxy/0/onNext","params":["{\"Versions\":{\"CpsProject:0:MyConsoleApp.Debug|AnyCPU\":3,\"CpsProject:1:webdevelopment.Debug|AnyCPU\":4,\"Workspace:Version\":1,\"ProjectsStateUpdates:Version\":0},\"Items\":[]}"]}
06/25/2024 23:29:06 India Standard Time: Information : 8 :{"id":null,"method":"$/invokeProxy/0/onNext"}
06/25/2024 23:29:06 India Standard Time : Information : Microsoft.VisualStudio.ProjectSystem.Query.Remoting.QueryExecutionService write: Content-Length: 317

{"traceparent":"00-1cc23dde19be6e4ea5ff5ddb4f042e4f-72511a3e0166b043-01","jsonrpc":"2.0","method":"$/invokeProxy/0/onNext","params":["{\"Versions\":{\"CpsProject:0:MyConsoleApp.Debug|AnyCPU\":4,\"CpsProject:1:webdevelopment.Debug|AnyCPU\":5,\"Workspace:Version\":1,\"ProjectsStateUpdates:Version\":0},\"Items\":[]}"]}
06/25/2024 23:29:55 India Standard Time: Information : 8 :{"id":null,"method":"$/invokeProxy/0/onNext"}
06/25/2024 23:29:55 India Standard Time : Information : Microsoft.VisualStudio.ProjectSystem.Query.Remoting.QueryExecutionService write: Content-Length: 317

{"traceparent":"00-1cc23dde19be6e4ea5ff5ddb4f042e4f-d66a6fa4f341a44c-01","jsonrpc":"2.0","method":"$/invokeProxy/0/onNext","params":["{\"Versions\":{\"CpsProject:0:MyConsoleApp.Debug|AnyCPU\":5,\"CpsProject:1:webdevelopment.Debug|AnyCPU\":6,\"Workspace:Version\":1,\"ProjectsStateUpdates:Version\":0},\"Items\":[]}"]}
06/25/2024 23:30:27 India Standard Time: Information : 8 :{"id":null,"method":"$/invokeProxy/0/onNext"}
06/25/2024 23:30:27 India Standard Time : Information : Microsoft.VisualStudio.ProjectSystem.Query.Remoting.QueryExecutionService write: Content-Length: 317

{"traceparent":"00-1cc23dde19be6e4ea5ff5ddb4f042e4f-6ea4db3c6e6c974d-01","jsonrpc":"2.0","method":"$/invokeProxy/0/onNext","params":["{\"Versions\":{\"CpsProject:0:MyConsoleApp.Debug|AnyCPU\":6,\"CpsProject:1:webdevelopment.Debug|AnyCPU\":7,\"Workspace:Version\":1,\"ProjectsStateUpdates:Version\":0},\"Items\":[]}"]}
06/25/2024 23:30:52 India Standard Time: Information : 8 :{"id":null,"method":"$/invokeProxy/0/onNext"}
06/25/2024 23:30:52 India Standard Time : Information : Microsoft.VisualStudio.ProjectSystem.Query.Remoting.QueryExecutionService write: Content-Length: 317

{"traceparent":"00-1cc23dde19be6e4ea5ff5ddb4f042e4f-1c296e92a5ce9f41-01","jsonrpc":"2.0","method":"$/invokeProxy/0/onNext","params":["{\"Versions\":{\"CpsProject:0:MyConsoleApp.Debug|AnyCPU\":7,\"CpsProject:1:webdevelopment.Debug|AnyCPU\":8,\"Workspace:Version\":1,\"ProjectsStateUpdates:Version\":0},\"Items\":[]}"]}
06/25/2024 23:31:52 India Standard Time: Information : 8 :{"id":null,"method":"$/invokeProxy/0/onNext"}
06/25/2024 23:31:52 India Standard Time : Information : Microsoft.VisualStudio.ProjectSystem.Query.Remoting.QueryExecutionService write: Content-Length: 317

{"traceparent":"00-1cc23dde19be6e4ea5ff5ddb4f042e4f-64cd3b2a7f08ab4b-01","jsonrpc":"2.0","method":"$/invokeProxy/0/onNext","params":["{\"Versions\":{\"CpsProject:0:MyConsoleApp.Debug|AnyCPU\":8,\"CpsProject:1:webdevelopment.Debug|AnyCPU\":9,\"Workspace:Version\":1,\"ProjectsStateUpdates:Version\":0},\"Items\":[]}"]}
06/25/2024 23:33:00 India Standard Time: Information : 8 :{"id":null,"method":"$/invokeProxy/0/onNext"}
06/25/2024 23:33:00 India Standard Time : Information : Microsoft.VisualStudio.ProjectSystem.Query.Remoting.QueryExecutionService write: Content-Length: 318

{"traceparent":"00-1cc23dde19be6e4ea5ff5ddb4f042e4f-640f25b7bf54d14b-01","jsonrpc":"2.0","method":"$/invokeProxy/0/onNext","params":["{\"Versions\":{\"CpsProject:0:MyConsoleApp.Debug|AnyCPU\":9,\"CpsProject:1:webdevelopment.Debug|AnyCPU\":10,\"Workspace:Version\":1,\"ProjectsStateUpdates:Version\":0},\"Items\":[]}"]}
06/25/2024 23:34:50 India Standard Time: Information : 8 :{"id":null,"method":"$/invokeProxy/0/onNext"}
06/25/2024 23:34:50 India Standard Time : Information : Microsoft.VisualStudio.ProjectSystem.Query.Remoting.QueryExecutionService write: Content-Length: 319

{"traceparent":"00-1cc23dde19be6e4ea5ff5ddb4f042e4f-19dd461eb3e04844-01","jsonrpc":"2.0","method":"$/invokeProxy/0/onNext","params":["{\"Versions\":{\"CpsProject:0:MyConsoleApp.Debug|AnyCPU\":10,\"CpsProject:1:webdevelopment.Debug|AnyCPU\":11,\"Workspace:Version\":1,\"ProjectsStateUpdates:Version\":0},\"Items\":[]}"]}
06/25/2024 23:48:09 India Standard Time : Information : Microsoft.VisualStudio.ProjectSystem.Query.Remoting.QueryExecutionService read: Content-Length: 64

{"jsonrpc":"2.0","method":"$/invokeProxy/0/dispose","params":[]}
06/25/2024 23:48:09 India Standard Time: Information : 7 :{"id":null,"method":"$/invokeProxy/0/dispose"}
06/25/2024 23:48:09 India Standard Time: Information : 6 :Received notification for method "$/invokeProxy/0/dispose".
06/25/2024 23:48:09 India Standard Time: Information : 9 :Invoking System.IDisposable.Dispose()
06/25/2024 23:48:09 India Standard Time : Start : $/invokeProxy/0/dispose
06/25/2024 23:48:09 India Standard Time : Stop : $/invokeProxy/0/dispose
06/25/2024 23:48:09 India Standard Time : Information : Microsoft.VisualStudio.ProjectSystem.Query.Remoting.QueryExecutionService read: Content-Length: 97

{"jsonrpc":"2.0","method":"$/releaseMarshaledObject","params":{"handle":0,"ownedBySender":false}}
06/25/2024 23:48:09 India Standard Time: Information : 7 :{"id":null,"method":"$/releaseMarshaledObject"}
06/25/2024 23:48:09 India Standard Time: Information : 6 :Received notification for method "$/releaseMarshaledObject".
06/25/2024 23:48:09 India Standard Time: Information : 9 :Invoking StreamJsonRpc.Reflection.MessageFormatterRpcMarshaledContextTracker.ReleaseMarshaledObject(Int64, Boolean)
06/25/2024 23:48:09 India Standard Time : Start : $/releaseMarshaledObject
06/25/2024 23:48:09 India Standard Time : Stop : $/releaseMarshaledObject
06/25/2024 23:48:09 India Standard Time : Information : Waiting for 'Microsoft.VisualStudio.ProjectSystem.Query.Remoting.QueryExecutionService' instance to complete its completionTask.
06/25/2024 23:48:09 India Standard Time : Information : Microsoft.VisualStudio.ProjectSystem.Query.Remoting.QueryExecutionService read: end of stream
06/25/2024 23:48:09 India Standard Time: Information : 13 :Connection closing (RemotePartyTerminated: Reached end of stream.). 
06/25/2024 23:48:09 India Standard Time : Information : Disposed 'Microsoft.VisualStudio.ProjectSystem.Query.Remoting.QueryExecutionService' via 'completionTask' method.
06/25/2024 23:48:09 India Standard Time : Information : Finishing shutting down service: Microsoft.VisualStudio.ProjectSystem.Query.Remoting.QueryExecutionService.
