06/25/2024 23:25:04 India Standard Time : Information : Local timezone is (UTC+05:30) India Standard Time (Kolkata)
06/25/2024 23:25:04 India Standard Time : Information : Added local RPC method "getPipe" -> Microsoft.VisualStudio.Utilities.ServiceBroker.GlobalBrokeredServiceContainer+View.GetPipeAsync(ServiceMoniker, ServiceActivationOptions, CancellationToken) (Microsoft.VisualStudio.Utilities.ServiceBroker.GlobalBrokeredServiceContainer+View)
06/25/2024 23:25:04 India Standard Time : Information : Added local RPC method "getProxy" -> Microsoft.VisualStudio.Utilities.ServiceBroker.GlobalBrokeredServiceContainer+View.GetProxyAsync(ServiceRpcDescriptor, ServiceActivationOptions, CancellationToken) (Microsoft.VisualStudio.Utilities.ServiceBroker.GlobalBrokeredServiceContainer+View)
06/25/2024 23:25:04 India Standard Time : Information : Added local RPC method "handshake" -> Microsoft.VisualStudio.Utilities.ServiceBroker.GlobalBrokeredServiceContainer+View.HandshakeAsync(ServiceBrokerClientMetadata, CancellationToken) (Microsoft.VisualStudio.Utilities.ServiceBroker.GlobalBrokeredServiceContainer+View)
06/25/2024 23:25:04 India Standard Time : Information : Added local RPC method "requestServiceChannel" -> Microsoft.VisualStudio.Utilities.ServiceBroker.GlobalBrokeredServiceContainer+View.RequestServiceChannelAsync(ServiceMoniker, ServiceActivationOptions, CancellationToken) (Microsoft.VisualStudio.Utilities.ServiceBroker.GlobalBrokeredServiceContainer+View)
06/25/2024 23:25:04 India Standard Time : Information : Added local RPC method "cancelServiceRequest" -> Microsoft.VisualStudio.Utilities.ServiceBroker.GlobalBrokeredServiceContainer+View.CancelServiceRequestAsync(Guid) (Microsoft.VisualStudio.Utilities.ServiceBroker.GlobalBrokeredServiceContainer+View)
06/25/2024 23:25:04 India Standard Time : Information : Added local RPC method "getPipe" -> Microsoft.VisualStudio.Utilities.ServiceBroker.GlobalBrokeredServiceContainer+View.GetPipeAsync(ServiceMoniker, ServiceActivationOptions, CancellationToken) (Microsoft.VisualStudio.Utilities.ServiceBroker.GlobalBrokeredServiceContainer+View)
06/25/2024 23:25:04 India Standard Time : Information : Added local RPC method "getProxy" -> Microsoft.VisualStudio.Utilities.ServiceBroker.GlobalBrokeredServiceContainer+View.GetProxyAsync(ServiceRpcDescriptor, ServiceActivationOptions, CancellationToken) (Microsoft.VisualStudio.Utilities.ServiceBroker.GlobalBrokeredServiceContainer+View)
06/25/2024 23:25:04 India Standard Time : Information : Added local RPC method "handshake" -> Microsoft.VisualStudio.Utilities.ServiceBroker.GlobalBrokeredServiceContainer+View.HandshakeAsync(ServiceBrokerClientMetadata, CancellationToken) (Microsoft.VisualStudio.Utilities.ServiceBroker.GlobalBrokeredServiceContainer+View)
06/25/2024 23:25:04 India Standard Time : Information : Added local RPC method "requestServiceChannel" -> Microsoft.VisualStudio.Utilities.ServiceBroker.GlobalBrokeredServiceContainer+View.RequestServiceChannelAsync(ServiceMoniker, ServiceActivationOptions, CancellationToken) (Microsoft.VisualStudio.Utilities.ServiceBroker.GlobalBrokeredServiceContainer+View)
06/25/2024 23:25:04 India Standard Time : Information : Added local RPC method "cancelServiceRequest" -> Microsoft.VisualStudio.Utilities.ServiceBroker.GlobalBrokeredServiceContainer+View.CancelServiceRequestAsync(Guid) (Microsoft.VisualStudio.Utilities.ServiceBroker.GlobalBrokeredServiceContainer+View)
06/25/2024 23:25:04 India Standard Time: Information : 2 :Listening for events from Microsoft.VisualStudio.Utilities.ServiceBroker.GlobalBrokeredServiceContainer+View.AvailabilityChanged to raise notification.
06/25/2024 23:25:04 India Standard Time: Information : 3 :Listening started.
06/25/2024 23:25:04 India Standard Time: Information : 7 :{"id":2,"method":"handshake"}
06/25/2024 23:25:04 India Standard Time: Information : 6 :Received request "2" for method "handshake".
06/25/2024 23:25:04 India Standard Time: Information : 9 :Invoking Microsoft.VisualStudio.Utilities.ServiceBroker.GlobalBrokeredServiceContainer+View.HandshakeAsync(ServiceBrokerClientMetadata, CancellationToken)
06/25/2024 23:25:04 India Standard Time : Start : handshake
06/25/2024 23:25:04 India Standard Time : Stop : handshake
06/25/2024 23:25:04 India Standard Time: Information : 8 :{"id":2}
06/25/2024 23:25:05 India Standard Time: Information : 7 :{"id":3,"method":"requestServiceChannel"}
06/25/2024 23:25:05 India Standard Time: Information : 6 :Received request "3" for method "requestServiceChannel".
06/25/2024 23:25:05 India Standard Time: Information : 9 :Invoking Microsoft.VisualStudio.Utilities.ServiceBroker.GlobalBrokeredServiceContainer+View.RequestServiceChannelAsync(ServiceMoniker, ServiceActivationOptions, CancellationToken)
06/25/2024 23:25:05 India Standard Time : Start : requestServiceChannel
06/25/2024 23:25:05 India Standard Time : Stop : requestServiceChannel
06/25/2024 23:25:05 India Standard Time: Information : 8 :{"id":3}
06/25/2024 23:25:05 India Standard Time: Information : 7 :{"id":4,"method":"requestServiceChannel"}
06/25/2024 23:25:05 India Standard Time: Information : 6 :Received request "4" for method "requestServiceChannel".
06/25/2024 23:25:05 India Standard Time: Information : 9 :Invoking Microsoft.VisualStudio.Utilities.ServiceBroker.GlobalBrokeredServiceContainer+View.RequestServiceChannelAsync(ServiceMoniker, ServiceActivationOptions, CancellationToken)
06/25/2024 23:25:05 India Standard Time : Start : requestServiceChannel
06/25/2024 23:25:05 India Standard Time : Stop : requestServiceChannel
06/25/2024 23:25:05 India Standard Time: Information : 8 :{"id":4}
