10/12/2024 12:41:42 India Standard Time : Information : Local timezone is (UTC+05:30) India Standard Time (Kolkata)
10/12/2024 12:41:42 India Standard Time : Information : Started controller with command line /Users/shashibhushankumar/.vscode/extensions/ms-dotnettools.csdevkit-1.11.14-darwin-arm64/components/vs-green-server/platforms/darwin-arm64/node_modules/@microsoft/servicehub-controller-net60.darwin-arm64/Microsoft.ServiceHub.Controller 45db7b903d /ControllerCooldownTimeout:30000 /TelemetrySession:{"TelemetryLevel":"off","IsOptedIn":false,"HostName":"Default","AppInsightsInstrumentationKey":null,"AsimovInstrumentationKey":null,"CollectorApiKey":"0c6ae279ed8443289764825290e4f9e2-1a736e7c-1324-4338-be46-fc2a58ae4d14-7255","AppId":1010,"UserId":"b654b7d3-895b-478b-a437-129a858005af","Id":"c446f3a3-12aa-451b-a63e-49684510c2141728563967885","ProcessStartTime":133731906998472012,"SkuName":null,"VSExeVersion":null,"BucketFiltersToEnableWatsonForFaults":[],"BucketFiltersToAddDumpsToFaults":[]}
10/12/2024 12:41:42 India Standard Time : Information : Acquiring single controller instance mutex with name '-163286141-ServiceHubControllerSingleInstanceMutex'
10/12/2024 12:41:42 India Standard Time : Information : Acquired single controller instance mutex with name '-163286141-ServiceHubControllerSingleInstanceMutex'
10/12/2024 12:41:42 India Standard Time : Warning : Invalid 'TelemetrySession' was passed as an argument: {"TelemetryLevel":"off","IsOptedIn":false,"HostName":"Default","AppInsightsInstrumentationKey":null,"AsimovInstrumentationKey":null,"CollectorApiKey":"0c6ae279ed8443289764825290e4f9e2-1a736e7c-1324-4338-be46-fc2a58ae4d14-7255","AppId":1010,"UserId":"b654b7d3-895b-478b-a437-129a858005af","Id":"c446f3a3-12aa-451b-a63e-49684510c2141728563967885","ProcessStartTime":133731906998472012,"SkuName":null,"VSExeVersion":null,"BucketFiltersToEnableWatsonForFaults":[],"BucketFiltersToAddDumpsToFaults":[]}.
10/12/2024 12:41:42 India Standard Time : Information : Controller cooldown timeout is set to 30000ms
10/12/2024 12:41:42 India Standard Time : Information : Starting server 'hubController' at 'net.pipe://45db7b903d' (at '/Users/shashibhushankumar/.ServiceHub/45db7b903d/45db7b903d').
10/12/2024 12:41:42 India Standard Time : Information : Successfully started server on pipe 45db7b903d
10/12/2024 12:41:42 India Standard Time : Information : Triggered controller shutdown timer process.
10/12/2024 12:41:42 India Standard Time : Information : Client connected to controller
10/12/2024 12:41:42 India Standard Time : Information : Client connected to controller
10/12/2024 12:41:42 India Standard Time : Information : Client connected to controller
10/12/2024 12:41:42 India Standard Time : Information : Microsoft.ServiceHub.Controller.HubController read: Content-Length: 109

{"jsonrpc":"2.0","id":2,"method":"UpdateClientInfoAsync","params":[{"clientName":"VsHubClient","pid":72113}]}
10/12/2024 12:41:42 India Standard Time : Information : Microsoft.ServiceHub.Controller.HubController read: end of stream
10/12/2024 12:41:42 India Standard Time : Information : Microsoft.ServiceHub.Controller.HubController read: end of stream
10/12/2024 12:41:42 India Standard Time : Information : JsonRpc disconnected due to RemotePartyTerminated. Reached end of stream.
10/12/2024 12:41:42 India Standard Time : Information : JsonRpc disconnected due to RemotePartyTerminated. Reached end of stream.
10/12/2024 12:41:42 India Standard Time : Information : Starting server 'clientWatch' at 'net.pipe://721221B284' (at '/Users/shashibhushankumar/.ServiceHub/45db7b903d/721221B284').
10/12/2024 12:41:42 India Standard Time : Information : Microsoft.ServiceHub.Controller.HubController write: Content-Length: 455

{"jsonrpc":"2.0","id":2,"result":{"ClientWatchServerName":"net.pipe://721221B284","ControllerConfig":{"Executable":"/Users/shashibhushankumar/.vscode/extensions/ms-dotnettools.csdevkit-1.11.14-darwin-arm64/components/vs-green-server/platforms/darwin-arm64/node_modules/@microsoft/servicehub-controller-net60.darwin-arm64/Microsoft.ServiceHub.Controller","Args":["45db7b903d"],"PipeName":"45db7b903d"},"HostsConfig":{"RootDir":".","AppConfigFallback":""}}}
10/12/2024 12:41:42 India Standard Time : Information : External client connect to client watch
10/12/2024 12:41:42 India Standard Time : Information : Client connected to controller
10/12/2024 12:41:42 India Standard Time : Information : Client connected to controller
10/12/2024 12:41:42 India Standard Time : Information : Microsoft.ServiceHub.Controller.HubController read: end of stream
10/12/2024 12:41:42 India Standard Time : Information : JsonRpc disconnected due to RemotePartyTerminated. Reached end of stream.
10/12/2024 12:41:42 India Standard Time : Information : Microsoft.ServiceHub.Controller.HubController read: Content-Length: 109

{"jsonrpc":"2.0","id":2,"method":"UpdateClientInfoAsync","params":[{"clientName":"VsHubClient","pid":72113}]}
10/12/2024 12:41:42 India Standard Time : Information : Microsoft.ServiceHub.Controller.HubController write: Content-Length: 455

{"jsonrpc":"2.0","id":2,"result":{"ClientWatchServerName":"net.pipe://721221B284","ControllerConfig":{"Executable":"/Users/shashibhushankumar/.vscode/extensions/ms-dotnettools.csdevkit-1.11.14-darwin-arm64/components/vs-green-server/platforms/darwin-arm64/node_modules/@microsoft/servicehub-controller-net60.darwin-arm64/Microsoft.ServiceHub.Controller","Args":["45db7b903d"],"PipeName":"45db7b903d"},"HostsConfig":{"RootDir":".","AppConfigFallback":""}}}
10/12/2024 12:41:42 India Standard Time : Information : Microsoft.ServiceHub.Controller.HubController read: Content-Length: 821

{"jsonrpc":"2.0","id":3,"method":"RegisterServiceAsync","params":[{"Name":"Microsoft.VisualStudio.CpsProjectIconSourceService"},{"host":"dotnet.projectSystem","hostId":"C94B8CFE-E3FD-4BAF-A941-2866DBB566FE","serviceBaseDirectory":"/Users/shashibhushankumar/.vscode/extensions/ms-dotnettools.csdevkit-1.11.14-darwin-arm64/components/CPS/platforms/darwin-arm64/node_modules/@microsoft/visualstudio-projectsystem-server.darwin-arm64","entryPoint":{"assemblyPath":"/Users/shashibhushankumar/.vscode/extensions/ms-dotnettools.csdevkit-1.11.14-darwin-arm64/components/CPS/platforms/darwin-arm64/node_modules/@microsoft/visualstudio-projectsystem-server.darwin-arm64/Microsoft.VisualStudio.ProjectSystem.Server.Implementation.dll","fullClassName":"Microsoft.VisualStudio.ProjectSystem.Server.ProjectIconSourceServiceFactory"}}]}
10/12/2024 12:41:42 India Standard Time : Information : Microsoft.ServiceHub.Controller.HubController write: Content-Length: 38

{"jsonrpc":"2.0","id":3,"result":null}
10/12/2024 12:41:42 India Standard Time : Information : Client connected to controller
10/12/2024 12:41:42 India Standard Time : Information : Client connected to controller
10/12/2024 12:41:42 India Standard Time : Information : Microsoft.ServiceHub.Controller.HubController read: end of stream
10/12/2024 12:41:42 India Standard Time : Information : JsonRpc disconnected due to RemotePartyTerminated. Reached end of stream.
10/12/2024 12:41:42 India Standard Time : Information : Microsoft.ServiceHub.Controller.HubController read: Content-Length: 109

{"jsonrpc":"2.0","id":2,"method":"UpdateClientInfoAsync","params":[{"clientName":"VsHubClient","pid":72113}]}
10/12/2024 12:41:42 India Standard Time : Information : Microsoft.ServiceHub.Controller.HubController write: Content-Length: 455

{"jsonrpc":"2.0","id":2,"result":{"ClientWatchServerName":"net.pipe://721221B284","ControllerConfig":{"Executable":"/Users/shashibhushankumar/.vscode/extensions/ms-dotnettools.csdevkit-1.11.14-darwin-arm64/components/vs-green-server/platforms/darwin-arm64/node_modules/@microsoft/servicehub-controller-net60.darwin-arm64/Microsoft.ServiceHub.Controller","Args":["45db7b903d"],"PipeName":"45db7b903d"},"HostsConfig":{"RootDir":".","AppConfigFallback":""}}}
10/12/2024 12:41:42 India Standard Time : Information : Microsoft.ServiceHub.Controller.HubController read: Content-Length: 822

{"jsonrpc":"2.0","id":3,"method":"RegisterServiceAsync","params":[{"Name":"Microsoft.VisualStudio.LaunchConfigurationService"},{"host":"dotnet.projectSystem","hostId":"C94B8CFE-E3FD-4BAF-A941-2866DBB566FE","serviceBaseDirectory":"/Users/shashibhushankumar/.vscode/extensions/ms-dotnettools.csdevkit-1.11.14-darwin-arm64/components/CPS/platforms/darwin-arm64/node_modules/@microsoft/visualstudio-projectsystem-server.darwin-arm64","entryPoint":{"assemblyPath":"/Users/shashibhushankumar/.vscode/extensions/ms-dotnettools.csdevkit-1.11.14-darwin-arm64/components/CPS/platforms/darwin-arm64/node_modules/@microsoft/visualstudio-projectsystem-server.darwin-arm64/Microsoft.VisualStudio.ProjectSystem.Server.Implementation.dll","fullClassName":"Microsoft.VisualStudio.ProjectSystem.Server.LaunchConfigurationServiceFactory"}}]}
10/12/2024 12:41:42 India Standard Time : Information : Microsoft.ServiceHub.Controller.HubController write: Content-Length: 38

{"jsonrpc":"2.0","id":3,"result":null}
10/12/2024 12:41:42 India Standard Time : Information : Client connected to controller
10/12/2024 12:41:42 India Standard Time : Information : Client connected to controller
10/12/2024 12:41:42 India Standard Time : Information : Microsoft.ServiceHub.Controller.HubController read: end of stream
10/12/2024 12:41:42 India Standard Time : Information : JsonRpc disconnected due to RemotePartyTerminated. Reached end of stream.
10/12/2024 12:41:42 India Standard Time : Information : Microsoft.ServiceHub.Controller.HubController read: Content-Length: 109

{"jsonrpc":"2.0","id":2,"method":"UpdateClientInfoAsync","params":[{"clientName":"VsHubClient","pid":72113}]}
10/12/2024 12:41:42 India Standard Time : Information : Microsoft.ServiceHub.Controller.HubController write: Content-Length: 455

{"jsonrpc":"2.0","id":2,"result":{"ClientWatchServerName":"net.pipe://721221B284","ControllerConfig":{"Executable":"/Users/shashibhushankumar/.vscode/extensions/ms-dotnettools.csdevkit-1.11.14-darwin-arm64/components/vs-green-server/platforms/darwin-arm64/node_modules/@microsoft/servicehub-controller-net60.darwin-arm64/Microsoft.ServiceHub.Controller","Args":["45db7b903d"],"PipeName":"45db7b903d"},"HostsConfig":{"RootDir":".","AppConfigFallback":""}}}
10/12/2024 12:41:42 India Standard Time : Information : Microsoft.ServiceHub.Controller.HubController read: Content-Length: 820

{"jsonrpc":"2.0","id":3,"method":"RegisterServiceAsync","params":[{"Name":"Microsoft.VisualStudio.ProjectSystem.CompositionService"},{"host":"dotnet.projectSystem","hostId":"C94B8CFE-E3FD-4BAF-A941-2866DBB566FE","serviceBaseDirectory":"/Users/shashibhushankumar/.vscode/extensions/ms-dotnettools.csdevkit-1.11.14-darwin-arm64/components/CPS/platforms/darwin-arm64/node_modules/@microsoft/visualstudio-projectsystem-server.darwin-arm64","entryPoint":{"assemblyPath":"/Users/shashibhushankumar/.vscode/extensions/ms-dotnettools.csdevkit-1.11.14-darwin-arm64/components/CPS/platforms/darwin-arm64/node_modules/@microsoft/visualstudio-projectsystem-server.darwin-arm64/Microsoft.VisualStudio.ProjectSystem.Server.Implementation.dll","fullClassName":"Microsoft.VisualStudio.ProjectSystem.Server.CompositionServiceFactory"}}]}
10/12/2024 12:41:42 India Standard Time : Information : Microsoft.ServiceHub.Controller.HubController write: Content-Length: 38

{"jsonrpc":"2.0","id":3,"result":null}
10/12/2024 12:41:42 India Standard Time : Information : Client connected to controller
10/12/2024 12:41:42 India Standard Time : Information : Client connected to controller
10/12/2024 12:41:42 India Standard Time : Information : Microsoft.ServiceHub.Controller.HubController read: end of stream
10/12/2024 12:41:42 India Standard Time : Information : JsonRpc disconnected due to RemotePartyTerminated. Reached end of stream.
10/12/2024 12:41:42 India Standard Time : Information : Microsoft.ServiceHub.Controller.HubController read: Content-Length: 109

{"jsonrpc":"2.0","id":2,"method":"UpdateClientInfoAsync","params":[{"clientName":"VsHubClient","pid":72113}]}
10/12/2024 12:41:42 India Standard Time : Information : Microsoft.ServiceHub.Controller.HubController write: Content-Length: 455

{"jsonrpc":"2.0","id":2,"result":{"ClientWatchServerName":"net.pipe://721221B284","ControllerConfig":{"Executable":"/Users/shashibhushankumar/.vscode/extensions/ms-dotnettools.csdevkit-1.11.14-darwin-arm64/components/vs-green-server/platforms/darwin-arm64/node_modules/@microsoft/servicehub-controller-net60.darwin-arm64/Microsoft.ServiceHub.Controller","Args":["45db7b903d"],"PipeName":"45db7b903d"},"HostsConfig":{"RootDir":".","AppConfigFallback":""}}}
10/12/2024 12:41:42 India Standard Time : Information : Microsoft.ServiceHub.Controller.HubController read: Content-Length: 852

{"jsonrpc":"2.0","id":3,"method":"RegisterServiceAsync","params":[{"Name":"Microsoft.VisualStudio.ProjectSystem.ProjectInitializationStatusService"},{"host":"dotnet.projectSystem","hostId":"C94B8CFE-E3FD-4BAF-A941-2866DBB566FE","serviceBaseDirectory":"/Users/shashibhushankumar/.vscode/extensions/ms-dotnettools.csdevkit-1.11.14-darwin-arm64/components/CPS/platforms/darwin-arm64/node_modules/@microsoft/visualstudio-projectsystem-server.darwin-arm64","entryPoint":{"assemblyPath":"/Users/shashibhushankumar/.vscode/extensions/ms-dotnettools.csdevkit-1.11.14-darwin-arm64/components/CPS/platforms/darwin-arm64/node_modules/@microsoft/visualstudio-projectsystem-server.darwin-arm64/Microsoft.VisualStudio.ProjectSystem.Server.Implementation.dll","fullClassName":"Microsoft.VisualStudio.ProjectSystem.Server.ProjectInitializationStatusServiceFactory"}}]}
10/12/2024 12:41:42 India Standard Time : Information : Microsoft.ServiceHub.Controller.HubController write: Content-Length: 38

{"jsonrpc":"2.0","id":3,"result":null}
10/12/2024 12:41:42 India Standard Time : Information : Client connected to controller
10/12/2024 12:41:42 India Standard Time : Information : Client connected to controller
10/12/2024 12:41:42 India Standard Time : Information : Microsoft.ServiceHub.Controller.HubController read: end of stream
10/12/2024 12:41:42 India Standard Time : Information : JsonRpc disconnected due to RemotePartyTerminated. Reached end of stream.
10/12/2024 12:41:42 India Standard Time : Information : Microsoft.ServiceHub.Controller.HubController read: Content-Length: 109

{"jsonrpc":"2.0","id":2,"method":"UpdateClientInfoAsync","params":[{"clientName":"VsHubClient","pid":72113}]}
10/12/2024 12:41:42 India Standard Time : Information : Microsoft.ServiceHub.Controller.HubController write: Content-Length: 455

{"jsonrpc":"2.0","id":2,"result":{"ClientWatchServerName":"net.pipe://721221B284","ControllerConfig":{"Executable":"/Users/shashibhushankumar/.vscode/extensions/ms-dotnettools.csdevkit-1.11.14-darwin-arm64/components/vs-green-server/platforms/darwin-arm64/node_modules/@microsoft/servicehub-controller-net60.darwin-arm64/Microsoft.ServiceHub.Controller","Args":["45db7b903d"],"PipeName":"45db7b903d"},"HostsConfig":{"RootDir":".","AppConfigFallback":""}}}
10/12/2024 12:41:42 India Standard Time : Information : Microsoft.ServiceHub.Controller.HubController read: Content-Length: 822

{"jsonrpc":"2.0","id":3,"method":"RegisterServiceAsync","params":[{"Name":"Microsoft.VisualStudio.ProjectSystem.ProjectTreeProvider"},{"host":"dotnet.projectSystem","hostId":"C94B8CFE-E3FD-4BAF-A941-2866DBB566FE","serviceBaseDirectory":"/Users/shashibhushankumar/.vscode/extensions/ms-dotnettools.csdevkit-1.11.14-darwin-arm64/components/CPS/platforms/darwin-arm64/node_modules/@microsoft/visualstudio-projectsystem-server.darwin-arm64","entryPoint":{"assemblyPath":"/Users/shashibhushankumar/.vscode/extensions/ms-dotnettools.csdevkit-1.11.14-darwin-arm64/components/CPS/platforms/darwin-arm64/node_modules/@microsoft/visualstudio-projectsystem-server.darwin-arm64/Microsoft.VisualStudio.ProjectSystem.Server.Implementation.dll","fullClassName":"Microsoft.VisualStudio.ProjectSystem.Server.ProjectTreeProviderFactory"}}]}
10/12/2024 12:41:42 India Standard Time : Information : Microsoft.ServiceHub.Controller.HubController write: Content-Length: 38

{"jsonrpc":"2.0","id":3,"result":null}
10/12/2024 12:41:42 India Standard Time : Information : Client connected to controller
10/12/2024 12:41:42 India Standard Time : Information : Client connected to controller
10/12/2024 12:41:42 India Standard Time : Information : Microsoft.ServiceHub.Controller.HubController read: end of stream
10/12/2024 12:41:42 India Standard Time : Information : JsonRpc disconnected due to RemotePartyTerminated. Reached end of stream.
10/12/2024 12:41:42 India Standard Time : Information : Microsoft.ServiceHub.Controller.HubController read: Content-Length: 109

{"jsonrpc":"2.0","id":2,"method":"UpdateClientInfoAsync","params":[{"clientName":"VsHubClient","pid":72113}]}
10/12/2024 12:41:42 India Standard Time : Information : Microsoft.ServiceHub.Controller.HubController write: Content-Length: 455

{"jsonrpc":"2.0","id":2,"result":{"ClientWatchServerName":"net.pipe://721221B284","ControllerConfig":{"Executable":"/Users/shashibhushankumar/.vscode/extensions/ms-dotnettools.csdevkit-1.11.14-darwin-arm64/components/vs-green-server/platforms/darwin-arm64/node_modules/@microsoft/servicehub-controller-net60.darwin-arm64/Microsoft.ServiceHub.Controller","Args":["45db7b903d"],"PipeName":"45db7b903d"},"HostsConfig":{"RootDir":".","AppConfigFallback":""}}}
10/12/2024 12:41:42 India Standard Time : Information : Microsoft.ServiceHub.Controller.HubController read: Content-Length: 841

{"jsonrpc":"2.0","id":3,"method":"RegisterServiceAsync","params":[{"Name":"Microsoft.VisualStudio.ProjectSystem.Query.Remoting.QueryExecutionService"},{"host":"dotnet.projectSystem","hostId":"C94B8CFE-E3FD-4BAF-A941-2866DBB566FE","serviceBaseDirectory":"/Users/shashibhushankumar/.vscode/extensions/ms-dotnettools.csdevkit-1.11.14-darwin-arm64/components/CPS/platforms/darwin-arm64/node_modules/@microsoft/visualstudio-projectsystem-server.darwin-arm64","entryPoint":{"assemblyPath":"/Users/shashibhushankumar/.vscode/extensions/ms-dotnettools.csdevkit-1.11.14-darwin-arm64/components/CPS/platforms/darwin-arm64/node_modules/@microsoft/visualstudio-projectsystem-server.darwin-arm64/Microsoft.VisualStudio.ProjectSystem.Server.Implementation.dll","fullClassName":"Microsoft.VisualStudio.ProjectSystem.Server.QueryExecutionServiceFactory"}}]}
10/12/2024 12:41:42 India Standard Time : Information : Microsoft.ServiceHub.Controller.HubController write: Content-Length: 38

{"jsonrpc":"2.0","id":3,"result":null}
10/12/2024 12:41:42 India Standard Time : Information : Client connected to controller
10/12/2024 12:41:42 India Standard Time : Information : Client connected to controller
10/12/2024 12:41:42 India Standard Time : Information : Microsoft.ServiceHub.Controller.HubController read: end of stream
10/12/2024 12:41:42 India Standard Time : Information : JsonRpc disconnected due to RemotePartyTerminated. Reached end of stream.
10/12/2024 12:41:43 India Standard Time : Information : Microsoft.ServiceHub.Controller.HubController read: Content-Length: 109

{"jsonrpc":"2.0","id":2,"method":"UpdateClientInfoAsync","params":[{"clientName":"VsHubClient","pid":72113}]}
10/12/2024 12:41:43 India Standard Time : Information : Microsoft.ServiceHub.Controller.HubController write: Content-Length: 455

{"jsonrpc":"2.0","id":2,"result":{"ClientWatchServerName":"net.pipe://721221B284","ControllerConfig":{"Executable":"/Users/shashibhushankumar/.vscode/extensions/ms-dotnettools.csdevkit-1.11.14-darwin-arm64/components/vs-green-server/platforms/darwin-arm64/node_modules/@microsoft/servicehub-controller-net60.darwin-arm64/Microsoft.ServiceHub.Controller","Args":["45db7b903d"],"PipeName":"45db7b903d"},"HostsConfig":{"RootDir":".","AppConfigFallback":""}}}
10/12/2024 12:41:43 India Standard Time : Information : Microsoft.ServiceHub.Controller.HubController read: Content-Length: 802

{"jsonrpc":"2.0","id":3,"method":"RegisterServiceAsync","params":[{"Name":"Microsoft.VisualStudio.Debugger.AspireSessionSynchronizeService"},{"host":"dotnet","hostId":"C94B8CFE-E3FD-4BAF-A941-2866DBB566FE","serviceBaseDirectory":"/Users/shashibhushankumar/.vscode/extensions/ms-dotnettools.csdevkit-1.11.14-darwin-arm64/components/VSDebugCore/platforms/darwin-arm64/node_modules/@microsoft/visualstudio-debugger-devkit.darwin-arm64","entryPoint":{"assemblyPath":"/Users/shashibhushankumar/.vscode/extensions/ms-dotnettools.csdevkit-1.11.14-darwin-arm64/components/VSDebugCore/platforms/darwin-arm64/node_modules/@microsoft/visualstudio-debugger-devkit.darwin-arm64/Microsoft.VisualStudio.Debugger.DevKit.dll","fullClassName":"Microsoft.VisualStudio.Debugger.AspireSessionSynchronizeService+Factory"}}]}
10/12/2024 12:41:43 India Standard Time : Information : Microsoft.ServiceHub.Controller.HubController write: Content-Length: 38

{"jsonrpc":"2.0","id":3,"result":null}
10/12/2024 12:41:43 India Standard Time : Information : Client connected to controller
10/12/2024 12:41:43 India Standard Time : Information : Microsoft.ServiceHub.Controller.HubController read: end of stream
10/12/2024 12:41:43 India Standard Time : Information : Client connected to controller
10/12/2024 12:41:43 India Standard Time : Information : JsonRpc disconnected due to RemotePartyTerminated. Reached end of stream.
10/12/2024 12:41:43 India Standard Time : Information : Microsoft.ServiceHub.Controller.HubController read: Content-Length: 109

{"jsonrpc":"2.0","id":2,"method":"UpdateClientInfoAsync","params":[{"clientName":"VsHubClient","pid":72113}]}
10/12/2024 12:41:43 India Standard Time : Information : Microsoft.ServiceHub.Controller.HubController write: Content-Length: 455

{"jsonrpc":"2.0","id":2,"result":{"ClientWatchServerName":"net.pipe://721221B284","ControllerConfig":{"Executable":"/Users/shashibhushankumar/.vscode/extensions/ms-dotnettools.csdevkit-1.11.14-darwin-arm64/components/vs-green-server/platforms/darwin-arm64/node_modules/@microsoft/servicehub-controller-net60.darwin-arm64/Microsoft.ServiceHub.Controller","Args":["45db7b903d"],"PipeName":"45db7b903d"},"HostsConfig":{"RootDir":".","AppConfigFallback":""}}}
10/12/2024 12:41:43 India Standard Time : Information : Microsoft.ServiceHub.Controller.HubController read: Content-Length: 810

{"jsonrpc":"2.0","id":3,"method":"RegisterServiceAsync","params":[{"Name":"Microsoft.VisualStudio.Debugger.GenericHotReloadAgentManagerService"},{"host":"dotnet","hostId":"C94B8CFE-E3FD-4BAF-A941-2866DBB566FE","serviceBaseDirectory":"/Users/shashibhushankumar/.vscode/extensions/ms-dotnettools.csdevkit-1.11.14-darwin-arm64/components/VSDebugCore/platforms/darwin-arm64/node_modules/@microsoft/visualstudio-debugger-devkit.darwin-arm64","entryPoint":{"assemblyPath":"/Users/shashibhushankumar/.vscode/extensions/ms-dotnettools.csdevkit-1.11.14-darwin-arm64/components/VSDebugCore/platforms/darwin-arm64/node_modules/@microsoft/visualstudio-debugger-devkit.darwin-arm64/Microsoft.VisualStudio.Debugger.DevKit.dll","fullClassName":"Microsoft.VisualStudio.Debugger.GenericHotReloadAgentManagerService+Factory"}}]}
10/12/2024 12:41:43 India Standard Time : Information : Microsoft.ServiceHub.Controller.HubController write: Content-Length: 38

{"jsonrpc":"2.0","id":3,"result":null}
10/12/2024 12:41:43 India Standard Time : Information : Client connected to controller
10/12/2024 12:41:43 India Standard Time : Information : Microsoft.ServiceHub.Controller.HubController read: end of stream
10/12/2024 12:41:43 India Standard Time : Information : Client connected to controller
10/12/2024 12:41:43 India Standard Time : Information : JsonRpc disconnected due to RemotePartyTerminated. Reached end of stream.
10/12/2024 12:41:43 India Standard Time : Information : Microsoft.ServiceHub.Controller.HubController read: Content-Length: 109

{"jsonrpc":"2.0","id":2,"method":"UpdateClientInfoAsync","params":[{"clientName":"VsHubClient","pid":72113}]}
10/12/2024 12:41:43 India Standard Time : Information : Microsoft.ServiceHub.Controller.HubController write: Content-Length: 455

{"jsonrpc":"2.0","id":2,"result":{"ClientWatchServerName":"net.pipe://721221B284","ControllerConfig":{"Executable":"/Users/shashibhushankumar/.vscode/extensions/ms-dotnettools.csdevkit-1.11.14-darwin-arm64/components/vs-green-server/platforms/darwin-arm64/node_modules/@microsoft/servicehub-controller-net60.darwin-arm64/Microsoft.ServiceHub.Controller","Args":["45db7b903d"],"PipeName":"45db7b903d"},"HostsConfig":{"RootDir":".","AppConfigFallback":""}}}
10/12/2024 12:41:43 India Standard Time : Information : Microsoft.ServiceHub.Controller.HubController read: Content-Length: 784

{"jsonrpc":"2.0","id":3,"method":"RegisterServiceAsync","params":[{"Name":"Microsoft.VisualStudio.Debugger.HotReloadClientService"},{"host":"dotnet","hostId":"C94B8CFE-E3FD-4BAF-A941-2866DBB566FE","serviceBaseDirectory":"/Users/shashibhushankumar/.vscode/extensions/ms-dotnettools.csdevkit-1.11.14-darwin-arm64/components/VSDebugCore/platforms/darwin-arm64/node_modules/@microsoft/visualstudio-debugger-devkit.darwin-arm64","entryPoint":{"assemblyPath":"/Users/shashibhushankumar/.vscode/extensions/ms-dotnettools.csdevkit-1.11.14-darwin-arm64/components/VSDebugCore/platforms/darwin-arm64/node_modules/@microsoft/visualstudio-debugger-devkit.darwin-arm64/Microsoft.VisualStudio.Debugger.DevKit.dll","fullClassName":"Microsoft.VisualStudio.Debugger.HotReloadClientService+Factory"}}]}
10/12/2024 12:41:43 India Standard Time : Information : Microsoft.ServiceHub.Controller.HubController write: Content-Length: 38

{"jsonrpc":"2.0","id":3,"result":null}
10/12/2024 12:41:43 India Standard Time : Information : Client connected to controller
10/12/2024 12:41:43 India Standard Time : Information : Client connected to controller
10/12/2024 12:41:43 India Standard Time : Information : Microsoft.ServiceHub.Controller.HubController read: end of stream
10/12/2024 12:41:43 India Standard Time : Information : JsonRpc disconnected due to RemotePartyTerminated. Reached end of stream.
10/12/2024 12:41:43 India Standard Time : Information : Microsoft.ServiceHub.Controller.HubController read: Content-Length: 109

{"jsonrpc":"2.0","id":2,"method":"UpdateClientInfoAsync","params":[{"clientName":"VsHubClient","pid":72113}]}
10/12/2024 12:41:43 India Standard Time : Information : Microsoft.ServiceHub.Controller.HubController write: Content-Length: 455

{"jsonrpc":"2.0","id":2,"result":{"ClientWatchServerName":"net.pipe://721221B284","ControllerConfig":{"Executable":"/Users/shashibhushankumar/.vscode/extensions/ms-dotnettools.csdevkit-1.11.14-darwin-arm64/components/vs-green-server/platforms/darwin-arm64/node_modules/@microsoft/servicehub-controller-net60.darwin-arm64/Microsoft.ServiceHub.Controller","Args":["45db7b903d"],"PipeName":"45db7b903d"},"HostsConfig":{"RootDir":".","AppConfigFallback":""}}}
10/12/2024 12:41:43 India Standard Time : Information : Microsoft.ServiceHub.Controller.HubController read: Content-Length: 810

{"jsonrpc":"2.0","id":3,"method":"RegisterServiceAsync","params":[{"Name":"Microsoft.VisualStudio.Debugger.HotReloadSessionNotificationService"},{"host":"dotnet","hostId":"C94B8CFE-E3FD-4BAF-A941-2866DBB566FE","serviceBaseDirectory":"/Users/shashibhushankumar/.vscode/extensions/ms-dotnettools.csdevkit-1.11.14-darwin-arm64/components/VSDebugCore/platforms/darwin-arm64/node_modules/@microsoft/visualstudio-debugger-devkit.darwin-arm64","entryPoint":{"assemblyPath":"/Users/shashibhushankumar/.vscode/extensions/ms-dotnettools.csdevkit-1.11.14-darwin-arm64/components/VSDebugCore/platforms/darwin-arm64/node_modules/@microsoft/visualstudio-debugger-devkit.darwin-arm64/Microsoft.VisualStudio.Debugger.DevKit.dll","fullClassName":"Microsoft.VisualStudio.Debugger.HotReloadSessionNotificationService+Factory"}}]}
10/12/2024 12:41:43 India Standard Time : Information : Microsoft.ServiceHub.Controller.HubController write: Content-Length: 38

{"jsonrpc":"2.0","id":3,"result":null}
10/12/2024 12:41:43 India Standard Time : Information : Client connected to controller
10/12/2024 12:41:43 India Standard Time : Information : Microsoft.ServiceHub.Controller.HubController read: end of stream
10/12/2024 12:41:43 India Standard Time : Information : JsonRpc disconnected due to RemotePartyTerminated. Reached end of stream.
10/12/2024 12:41:43 India Standard Time : Information : Client connected to controller
10/12/2024 12:41:43 India Standard Time : Information : Microsoft.ServiceHub.Controller.HubController read: Content-Length: 109

{"jsonrpc":"2.0","id":2,"method":"UpdateClientInfoAsync","params":[{"clientName":"VsHubClient","pid":72113}]}
10/12/2024 12:41:43 India Standard Time : Information : Microsoft.ServiceHub.Controller.HubController write: Content-Length: 455

{"jsonrpc":"2.0","id":2,"result":{"ClientWatchServerName":"net.pipe://721221B284","ControllerConfig":{"Executable":"/Users/shashibhushankumar/.vscode/extensions/ms-dotnettools.csdevkit-1.11.14-darwin-arm64/components/vs-green-server/platforms/darwin-arm64/node_modules/@microsoft/servicehub-controller-net60.darwin-arm64/Microsoft.ServiceHub.Controller","Args":["45db7b903d"],"PipeName":"45db7b903d"},"HostsConfig":{"RootDir":".","AppConfigFallback":""}}}
10/12/2024 12:41:43 India Standard Time : Information : Microsoft.ServiceHub.Controller.HubController read: Content-Length: 827

{"jsonrpc":"2.0","id":3,"method":"RegisterServiceAsync","params":[{"Name":"Microsoft.VisualStudio.Debugger.ManagedEditAndContinueCsDevKitEngineService2"},{"host":"dotnet","hostId":"C94B8CFE-E3FD-4BAF-A941-2866DBB566FE","serviceBaseDirectory":"/Users/shashibhushankumar/.vscode/extensions/ms-dotnettools.csdevkit-1.11.14-darwin-arm64/components/VSDebugCore/platforms/darwin-arm64/node_modules/@microsoft/visualstudio-debugger-devkit.darwin-arm64","entryPoint":{"assemblyPath":"/Users/shashibhushankumar/.vscode/extensions/ms-dotnettools.csdevkit-1.11.14-darwin-arm64/components/VSDebugCore/platforms/darwin-arm64/node_modules/@microsoft/visualstudio-debugger-devkit.darwin-arm64/Microsoft.VisualStudio.Debugger.DevKit.dll","fullClassName":"Microsoft.VisualStudio.Debugger.ManagedEditAndContinueCsDevKitEngineService+Factory"}}]}
10/12/2024 12:41:43 India Standard Time : Information : Microsoft.ServiceHub.Controller.HubController write: Content-Length: 38

{"jsonrpc":"2.0","id":3,"result":null}
10/12/2024 12:41:43 India Standard Time : Information : Client connected to controller
10/12/2024 12:41:43 India Standard Time : Information : Client connected to controller
10/12/2024 12:41:43 India Standard Time : Information : Microsoft.ServiceHub.Controller.HubController read: end of stream
10/12/2024 12:41:43 India Standard Time : Information : JsonRpc disconnected due to RemotePartyTerminated. Reached end of stream.
10/12/2024 12:41:43 India Standard Time : Information : Microsoft.ServiceHub.Controller.HubController read: Content-Length: 109

{"jsonrpc":"2.0","id":2,"method":"UpdateClientInfoAsync","params":[{"clientName":"VsHubClient","pid":72113}]}
10/12/2024 12:41:43 India Standard Time : Information : Microsoft.ServiceHub.Controller.HubController write: Content-Length: 455

{"jsonrpc":"2.0","id":2,"result":{"ClientWatchServerName":"net.pipe://721221B284","ControllerConfig":{"Executable":"/Users/shashibhushankumar/.vscode/extensions/ms-dotnettools.csdevkit-1.11.14-darwin-arm64/components/vs-green-server/platforms/darwin-arm64/node_modules/@microsoft/servicehub-controller-net60.darwin-arm64/Microsoft.ServiceHub.Controller","Args":["45db7b903d"],"PipeName":"45db7b903d"},"HostsConfig":{"RootDir":".","AppConfigFallback":""}}}
10/12/2024 12:41:43 India Standard Time : Information : Microsoft.ServiceHub.Controller.HubController read: Content-Length: 827

{"jsonrpc":"2.0","id":3,"method":"RegisterServiceAsync","params":[{"Name":"Microsoft.VisualStudio.Debugger.ManagedEditAndContinueRemoteDebuggerService2"},{"host":"dotnet","hostId":"C94B8CFE-E3FD-4BAF-A941-2866DBB566FE","serviceBaseDirectory":"/Users/shashibhushankumar/.vscode/extensions/ms-dotnettools.csdevkit-1.11.14-darwin-arm64/components/VSDebugCore/platforms/darwin-arm64/node_modules/@microsoft/visualstudio-debugger-devkit.darwin-arm64","entryPoint":{"assemblyPath":"/Users/shashibhushankumar/.vscode/extensions/ms-dotnettools.csdevkit-1.11.14-darwin-arm64/components/VSDebugCore/platforms/darwin-arm64/node_modules/@microsoft/visualstudio-debugger-devkit.darwin-arm64/Microsoft.VisualStudio.Debugger.DevKit.dll","fullClassName":"Microsoft.VisualStudio.Debugger.ManagedEditAndContinueRemoteDebuggerService+Factory"}}]}
10/12/2024 12:41:43 India Standard Time : Information : Microsoft.ServiceHub.Controller.HubController write: Content-Length: 38

{"jsonrpc":"2.0","id":3,"result":null}
10/12/2024 12:41:43 India Standard Time : Information : Client connected to controller
10/12/2024 12:41:43 India Standard Time : Information : Microsoft.ServiceHub.Controller.HubController read: end of stream
10/12/2024 12:41:43 India Standard Time : Information : Client connected to controller
10/12/2024 12:41:43 India Standard Time : Information : JsonRpc disconnected due to RemotePartyTerminated. Reached end of stream.
10/12/2024 12:41:43 India Standard Time : Information : Microsoft.ServiceHub.Controller.HubController read: Content-Length: 109

{"jsonrpc":"2.0","id":2,"method":"UpdateClientInfoAsync","params":[{"clientName":"VsHubClient","pid":72113}]}
10/12/2024 12:41:43 India Standard Time : Information : Microsoft.ServiceHub.Controller.HubController write: Content-Length: 455

{"jsonrpc":"2.0","id":2,"result":{"ClientWatchServerName":"net.pipe://721221B284","ControllerConfig":{"Executable":"/Users/shashibhushankumar/.vscode/extensions/ms-dotnettools.csdevkit-1.11.14-darwin-arm64/components/vs-green-server/platforms/darwin-arm64/node_modules/@microsoft/servicehub-controller-net60.darwin-arm64/Microsoft.ServiceHub.Controller","Args":["45db7b903d"],"PipeName":"45db7b903d"},"HostsConfig":{"RootDir":".","AppConfigFallback":""}}}
10/12/2024 12:41:43 India Standard Time : Information : Microsoft.ServiceHub.Controller.HubController read: Content-Length: 810

{"jsonrpc":"2.0","id":3,"method":"RegisterServiceAsync","params":[{"Name":"Microsoft.VisualStudio.Debugger.ManagedHotReloadAgentManagerService"},{"host":"dotnet","hostId":"C94B8CFE-E3FD-4BAF-A941-2866DBB566FE","serviceBaseDirectory":"/Users/shashibhushankumar/.vscode/extensions/ms-dotnettools.csdevkit-1.11.14-darwin-arm64/components/VSDebugCore/platforms/darwin-arm64/node_modules/@microsoft/visualstudio-debugger-devkit.darwin-arm64","entryPoint":{"assemblyPath":"/Users/shashibhushankumar/.vscode/extensions/ms-dotnettools.csdevkit-1.11.14-darwin-arm64/components/VSDebugCore/platforms/darwin-arm64/node_modules/@microsoft/visualstudio-debugger-devkit.darwin-arm64/Microsoft.VisualStudio.Debugger.DevKit.dll","fullClassName":"Microsoft.VisualStudio.Debugger.ManagedHotReloadAgentManagerService+Factory"}}]}
10/12/2024 12:41:43 India Standard Time : Information : Microsoft.ServiceHub.Controller.HubController write: Content-Length: 38

{"jsonrpc":"2.0","id":3,"result":null}
10/12/2024 12:41:43 India Standard Time : Information : Client connected to controller
10/12/2024 12:41:43 India Standard Time : Information : Microsoft.ServiceHub.Controller.HubController read: end of stream
10/12/2024 12:41:43 India Standard Time : Information : Client connected to controller
10/12/2024 12:41:43 India Standard Time : Information : JsonRpc disconnected due to RemotePartyTerminated. Reached end of stream.
10/12/2024 12:41:43 India Standard Time : Information : Microsoft.ServiceHub.Controller.HubController read: Content-Length: 109

{"jsonrpc":"2.0","id":2,"method":"UpdateClientInfoAsync","params":[{"clientName":"VsHubClient","pid":72113}]}
10/12/2024 12:41:43 India Standard Time : Information : Microsoft.ServiceHub.Controller.HubController write: Content-Length: 455

{"jsonrpc":"2.0","id":2,"result":{"ClientWatchServerName":"net.pipe://721221B284","ControllerConfig":{"Executable":"/Users/shashibhushankumar/.vscode/extensions/ms-dotnettools.csdevkit-1.11.14-darwin-arm64/components/vs-green-server/platforms/darwin-arm64/node_modules/@microsoft/servicehub-controller-net60.darwin-arm64/Microsoft.ServiceHub.Controller","Args":["45db7b903d"],"PipeName":"45db7b903d"},"HostsConfig":{"RootDir":".","AppConfigFallback":""}}}
10/12/2024 12:41:43 India Standard Time : Information : Microsoft.ServiceHub.Controller.HubController read: Content-Length: 786

{"jsonrpc":"2.0","id":3,"method":"RegisterServiceAsync","params":[{"Name":"Microsoft.VisualStudio.Debugger.ManagedHotReloadService"},{"host":"dotnet","hostId":"C94B8CFE-E3FD-4BAF-A941-2866DBB566FE","serviceBaseDirectory":"/Users/shashibhushankumar/.vscode/extensions/ms-dotnettools.csdevkit-1.11.14-darwin-arm64/components/VSDebugCore/platforms/darwin-arm64/node_modules/@microsoft/visualstudio-debugger-devkit.darwin-arm64","entryPoint":{"assemblyPath":"/Users/shashibhushankumar/.vscode/extensions/ms-dotnettools.csdevkit-1.11.14-darwin-arm64/components/VSDebugCore/platforms/darwin-arm64/node_modules/@microsoft/visualstudio-debugger-devkit.darwin-arm64/Microsoft.VisualStudio.Debugger.DevKit.dll","fullClassName":"Microsoft.VisualStudio.Debugger.ManagedHotReloadService+Factory"}}]}
10/12/2024 12:41:43 India Standard Time : Information : Microsoft.ServiceHub.Controller.HubController write: Content-Length: 38

{"jsonrpc":"2.0","id":3,"result":null}
10/12/2024 12:41:43 India Standard Time : Information : Client connected to controller
10/12/2024 12:41:43 India Standard Time : Information : Microsoft.ServiceHub.Controller.HubController read: end of stream
10/12/2024 12:41:43 India Standard Time : Information : JsonRpc disconnected due to RemotePartyTerminated. Reached end of stream.
10/12/2024 12:41:43 India Standard Time : Information : Client connected to controller
10/12/2024 12:41:43 India Standard Time : Information : Microsoft.ServiceHub.Controller.HubController read: Content-Length: 109

{"jsonrpc":"2.0","id":2,"method":"UpdateClientInfoAsync","params":[{"clientName":"VsHubClient","pid":72113}]}
10/12/2024 12:41:43 India Standard Time : Information : Microsoft.ServiceHub.Controller.HubController write: Content-Length: 455

{"jsonrpc":"2.0","id":2,"result":{"ClientWatchServerName":"net.pipe://721221B284","ControllerConfig":{"Executable":"/Users/shashibhushankumar/.vscode/extensions/ms-dotnettools.csdevkit-1.11.14-darwin-arm64/components/vs-green-server/platforms/darwin-arm64/node_modules/@microsoft/servicehub-controller-net60.darwin-arm64/Microsoft.ServiceHub.Controller","Args":["45db7b903d"],"PipeName":"45db7b903d"},"HostsConfig":{"RootDir":".","AppConfigFallback":""}}}
10/12/2024 12:41:43 India Standard Time : Information : Microsoft.ServiceHub.Controller.HubController read: Content-Length: 774

{"jsonrpc":"2.0","id":3,"method":"RegisterServiceAsync","params":[{"Name":"Microsoft.VisualStudio.Debugger.SourceLinkService"},{"host":"dotnet","hostId":"C94B8CFE-E3FD-4BAF-A941-2866DBB566FE","serviceBaseDirectory":"/Users/shashibhushankumar/.vscode/extensions/ms-dotnettools.csdevkit-1.11.14-darwin-arm64/components/VSDebugCore/platforms/darwin-arm64/node_modules/@microsoft/visualstudio-debugger-devkit.darwin-arm64","entryPoint":{"assemblyPath":"/Users/shashibhushankumar/.vscode/extensions/ms-dotnettools.csdevkit-1.11.14-darwin-arm64/components/VSDebugCore/platforms/darwin-arm64/node_modules/@microsoft/visualstudio-debugger-devkit.darwin-arm64/Microsoft.VisualStudio.Debugger.DevKit.dll","fullClassName":"Microsoft.VisualStudio.Debugger.SourceLinkService+Factory"}}]}
10/12/2024 12:41:43 India Standard Time : Information : Microsoft.ServiceHub.Controller.HubController write: Content-Length: 38

{"jsonrpc":"2.0","id":3,"result":null}
10/12/2024 12:41:43 India Standard Time : Information : Client connected to controller
10/12/2024 12:41:43 India Standard Time : Information : Client connected to controller
10/12/2024 12:41:43 India Standard Time : Information : Microsoft.ServiceHub.Controller.HubController read: end of stream
10/12/2024 12:41:43 India Standard Time : Information : JsonRpc disconnected due to RemotePartyTerminated. Reached end of stream.
10/12/2024 12:41:43 India Standard Time : Information : Microsoft.ServiceHub.Controller.HubController read: Content-Length: 109

{"jsonrpc":"2.0","id":2,"method":"UpdateClientInfoAsync","params":[{"clientName":"VsHubClient","pid":72113}]}
10/12/2024 12:41:43 India Standard Time : Information : Microsoft.ServiceHub.Controller.HubController write: Content-Length: 455

{"jsonrpc":"2.0","id":2,"result":{"ClientWatchServerName":"net.pipe://721221B284","ControllerConfig":{"Executable":"/Users/shashibhushankumar/.vscode/extensions/ms-dotnettools.csdevkit-1.11.14-darwin-arm64/components/vs-green-server/platforms/darwin-arm64/node_modules/@microsoft/servicehub-controller-net60.darwin-arm64/Microsoft.ServiceHub.Controller","Args":["45db7b903d"],"PipeName":"45db7b903d"},"HostsConfig":{"RootDir":".","AppConfigFallback":""}}}
10/12/2024 12:41:43 India Standard Time : Information : Microsoft.ServiceHub.Controller.HubController read: Content-Length: 811

{"jsonrpc":"2.0","id":3,"method":"RegisterServiceAsync","params":[{"Name":"Microsoft.VisualStudio.Debugger.SymbolLocatorService"},{"host":"dotnet","hostId":"C94B8CFE-E3FD-4BAF-A941-2866DBB566FE","serviceBaseDirectory":"/Users/shashibhushankumar/.vscode/extensions/ms-dotnettools.csdevkit-1.11.14-darwin-arm64/components/VSDebugCore/platforms/darwin-arm64/node_modules/@microsoft/visualstudio-debugger-devkit.darwin-arm64","entryPoint":{"assemblyPath":"/Users/shashibhushankumar/.vscode/extensions/ms-dotnettools.csdevkit-1.11.14-darwin-arm64/components/VSDebugCore/platforms/darwin-arm64/node_modules/@microsoft/visualstudio-debugger-devkit.darwin-arm64/Microsoft.VisualStudio.Debugger.DevKit.dll","fullClassName":"Microsoft.VisualStudio.Debugger.BrokeredServices.SymbolLocator.SymbolLocatorService+Factory"}}]}
10/12/2024 12:41:43 India Standard Time : Information : Microsoft.ServiceHub.Controller.HubController write: Content-Length: 38

{"jsonrpc":"2.0","id":3,"result":null}
10/12/2024 12:41:43 India Standard Time : Information : Client connected to controller
10/12/2024 12:41:43 India Standard Time : Information : Microsoft.ServiceHub.Controller.HubController read: end of stream
10/12/2024 12:41:43 India Standard Time : Information : Client connected to controller
10/12/2024 12:41:43 India Standard Time : Information : JsonRpc disconnected due to RemotePartyTerminated. Reached end of stream.
10/12/2024 12:41:43 India Standard Time : Information : Microsoft.ServiceHub.Controller.HubController read: Content-Length: 109

{"jsonrpc":"2.0","id":2,"method":"UpdateClientInfoAsync","params":[{"clientName":"VsHubClient","pid":72113}]}
10/12/2024 12:41:43 India Standard Time : Information : Microsoft.ServiceHub.Controller.HubController write: Content-Length: 455

{"jsonrpc":"2.0","id":2,"result":{"ClientWatchServerName":"net.pipe://721221B284","ControllerConfig":{"Executable":"/Users/shashibhushankumar/.vscode/extensions/ms-dotnettools.csdevkit-1.11.14-darwin-arm64/components/vs-green-server/platforms/darwin-arm64/node_modules/@microsoft/servicehub-controller-net60.darwin-arm64/Microsoft.ServiceHub.Controller","Args":["45db7b903d"],"PipeName":"45db7b903d"},"HostsConfig":{"RootDir":".","AppConfigFallback":""}}}
10/12/2024 12:41:43 India Standard Time : Information : Microsoft.ServiceHub.Controller.HubController read: Content-Length: 878

{"jsonrpc":"2.0","id":3,"method":"RegisterServiceAsync","params":[{"Name":"Microsoft.VisualStudio.TestWindow.VSCode.ProjectSystemProvider.Service"},{"host":"dotnet","hostId":"C94B8CFE-E3FD-4BAF-A941-2866DBB566FE","serviceBaseDirectory":"/Users/shashibhushankumar/.vscode/extensions/ms-dotnettools.csdevkit-1.11.14-darwin-arm64/components/VSUnitTesting/platforms/darwin-arm64/node_modules/@microsoft/visualstudio-testwindow-vscode-service.darwin-arm64","entryPoint":{"assemblyPath":"/Users/shashibhushankumar/.vscode/extensions/ms-dotnettools.csdevkit-1.11.14-darwin-arm64/components/VSUnitTesting/platforms/darwin-arm64/node_modules/@microsoft/visualstudio-testwindow-vscode-service.darwin-arm64/Microsoft.VisualStudio.TestWindow.VSCode.Service.dll","fullClassName":"Microsoft.VisualStudio.TestWindow.VSCode.ProjectSystemProvider.Service.ProjectSystemProviderServiceFactory"}}]}
10/12/2024 12:41:43 India Standard Time : Information : Microsoft.ServiceHub.Controller.HubController write: Content-Length: 38

{"jsonrpc":"2.0","id":3,"result":null}
10/12/2024 12:41:43 India Standard Time : Information : Client connected to controller
10/12/2024 12:41:43 India Standard Time : Information : Microsoft.ServiceHub.Controller.HubController read: end of stream
10/12/2024 12:41:43 India Standard Time : Information : Client connected to controller
10/12/2024 12:41:43 India Standard Time : Information : JsonRpc disconnected due to RemotePartyTerminated. Reached end of stream.
10/12/2024 12:41:43 India Standard Time : Information : Microsoft.ServiceHub.Controller.HubController read: Content-Length: 109

{"jsonrpc":"2.0","id":2,"method":"UpdateClientInfoAsync","params":[{"clientName":"VsHubClient","pid":72113}]}
10/12/2024 12:41:43 India Standard Time : Information : Microsoft.ServiceHub.Controller.HubController write: Content-Length: 455

{"jsonrpc":"2.0","id":2,"result":{"ClientWatchServerName":"net.pipe://721221B284","ControllerConfig":{"Executable":"/Users/shashibhushankumar/.vscode/extensions/ms-dotnettools.csdevkit-1.11.14-darwin-arm64/components/vs-green-server/platforms/darwin-arm64/node_modules/@microsoft/servicehub-controller-net60.darwin-arm64/Microsoft.ServiceHub.Controller","Args":["45db7b903d"],"PipeName":"45db7b903d"},"HostsConfig":{"RootDir":".","AppConfigFallback":""}}}
10/12/2024 12:41:43 India Standard Time : Information : Microsoft.ServiceHub.Controller.HubController read: Content-Length: 829

{"jsonrpc":"2.0","id":3,"method":"RegisterServiceAsync","params":[{"Name":"Microsoft.VisualStudio.TestWindow.VSCode.Service"},{"host":"dotnet","hostId":"C94B8CFE-E3FD-4BAF-A941-2866DBB566FE","serviceBaseDirectory":"/Users/shashibhushankumar/.vscode/extensions/ms-dotnettools.csdevkit-1.11.14-darwin-arm64/components/VSUnitTesting/platforms/darwin-arm64/node_modules/@microsoft/visualstudio-testwindow-vscode-service.darwin-arm64","entryPoint":{"assemblyPath":"/Users/shashibhushankumar/.vscode/extensions/ms-dotnettools.csdevkit-1.11.14-darwin-arm64/components/VSUnitTesting/platforms/darwin-arm64/node_modules/@microsoft/visualstudio-testwindow-vscode-service.darwin-arm64/Microsoft.VisualStudio.TestWindow.VSCode.Service.dll","fullClassName":"Microsoft.VisualStudio.TestWindow.VSCode.Service.TestWindowVSCodeServiceFactory"}}]}
10/12/2024 12:41:43 India Standard Time : Information : Microsoft.ServiceHub.Controller.HubController write: Content-Length: 38

{"jsonrpc":"2.0","id":3,"result":null}
10/12/2024 12:41:43 India Standard Time : Information : Client connected to controller
10/12/2024 12:41:43 India Standard Time : Information : Microsoft.ServiceHub.Controller.HubController read: end of stream
10/12/2024 12:41:43 India Standard Time : Information : Client connected to controller
10/12/2024 12:41:43 India Standard Time : Information : JsonRpc disconnected due to RemotePartyTerminated. Reached end of stream.
10/12/2024 12:41:43 India Standard Time : Information : Microsoft.ServiceHub.Controller.HubController read: Content-Length: 109

{"jsonrpc":"2.0","id":2,"method":"UpdateClientInfoAsync","params":[{"clientName":"VsHubClient","pid":72113}]}
10/12/2024 12:41:43 India Standard Time : Information : Microsoft.ServiceHub.Controller.HubController write: Content-Length: 455

{"jsonrpc":"2.0","id":2,"result":{"ClientWatchServerName":"net.pipe://721221B284","ControllerConfig":{"Executable":"/Users/shashibhushankumar/.vscode/extensions/ms-dotnettools.csdevkit-1.11.14-darwin-arm64/components/vs-green-server/platforms/darwin-arm64/node_modules/@microsoft/servicehub-controller-net60.darwin-arm64/Microsoft.ServiceHub.Controller","Args":["45db7b903d"],"PipeName":"45db7b903d"},"HostsConfig":{"RootDir":".","AppConfigFallback":""}}}
10/12/2024 12:41:43 India Standard Time : Information : Microsoft.ServiceHub.Controller.HubController read: Content-Length: 669

{"jsonrpc":"2.0","id":3,"method":"RegisterServiceAsync","params":[{"Name":"Microsoft.VisualStudio.AspireServer"},{"host":"dotnet.aspireServer","hostId":"C94B8CFE-E3FD-4BAF-A941-2866DBB566FE","serviceBaseDirectory":"/Users/shashibhushankumar/.vscode/extensions/ms-dotnettools.csdevkit-1.11.14-darwin-arm64/components/WebTools/node_modules/@microsoft/vscode.webtools/Services","entryPoint":{"assemblyPath":"/Users/shashibhushankumar/.vscode/extensions/ms-dotnettools.csdevkit-1.11.14-darwin-arm64/components/WebTools/node_modules/@microsoft/vscode.webtools/Services/Microsoft.WebTools.AspireServer.dll","fullClassName":"Microsoft.WebTools.AspireServer.ServiceFactory"}}]}
10/12/2024 12:41:43 India Standard Time : Information : Microsoft.ServiceHub.Controller.HubController write: Content-Length: 38

{"jsonrpc":"2.0","id":3,"result":null}
10/12/2024 12:41:43 India Standard Time : Information : Client connected to controller
10/12/2024 12:41:43 India Standard Time : Information : Microsoft.ServiceHub.Controller.HubController read: end of stream
10/12/2024 12:41:43 India Standard Time : Information : Client connected to controller
10/12/2024 12:41:43 India Standard Time : Information : JsonRpc disconnected due to RemotePartyTerminated. Reached end of stream.
10/12/2024 12:41:43 India Standard Time : Information : Microsoft.ServiceHub.Controller.HubController read: Content-Length: 109

{"jsonrpc":"2.0","id":2,"method":"UpdateClientInfoAsync","params":[{"clientName":"VsHubClient","pid":72113}]}
10/12/2024 12:41:43 India Standard Time : Information : Microsoft.ServiceHub.Controller.HubController write: Content-Length: 455

{"jsonrpc":"2.0","id":2,"result":{"ClientWatchServerName":"net.pipe://721221B284","ControllerConfig":{"Executable":"/Users/shashibhushankumar/.vscode/extensions/ms-dotnettools.csdevkit-1.11.14-darwin-arm64/components/vs-green-server/platforms/darwin-arm64/node_modules/@microsoft/servicehub-controller-net60.darwin-arm64/Microsoft.ServiceHub.Controller","Args":["45db7b903d"],"PipeName":"45db7b903d"},"HostsConfig":{"RootDir":".","AppConfigFallback":""}}}
10/12/2024 12:41:43 India Standard Time : Information : Microsoft.ServiceHub.Controller.HubController read: Content-Length: 777

{"jsonrpc":"2.0","id":3,"method":"RegisterServiceAsync","params":[{"Name":"Microsoft.VisualStudio.Debugger.AspireService"},{"host":"dotnet.projectSystem","hostId":"C94B8CFE-E3FD-4BAF-A941-2866DBB566FE","serviceBaseDirectory":"/Users/shashibhushankumar/.vscode/extensions/ms-dotnettools.csdevkit-1.11.14-darwin-arm64/components/WebTools/node_modules/@microsoft/vscode.webtools/Services","entryPoint":{"assemblyPath":"/Users/shashibhushankumar/.vscode/extensions/ms-dotnettools.csdevkit-1.11.14-darwin-arm64/components/WebTools/node_modules/@microsoft/vscode.webtools/Services/Microsoft.WebTools.Aspire.VSCode.Services.dll","fullClassName":"Microsoft.WebTools.Aspire.VSCode.Services.ServiceFactory"},"friendServices":["Microsoft.VisualStudio.ProjectSystem.CompositionService"]}]}
10/12/2024 12:41:43 India Standard Time : Information : Microsoft.ServiceHub.Controller.HubController write: Content-Length: 38

{"jsonrpc":"2.0","id":3,"result":null}
10/12/2024 12:41:43 India Standard Time : Information : Client connected to controller
10/12/2024 12:41:43 India Standard Time : Information : Client connected to controller
10/12/2024 12:41:43 India Standard Time : Information : Microsoft.ServiceHub.Controller.HubController read: end of stream
10/12/2024 12:41:43 India Standard Time : Information : JsonRpc disconnected due to RemotePartyTerminated. Reached end of stream.
10/12/2024 12:41:43 India Standard Time : Information : Microsoft.ServiceHub.Controller.HubController read: Content-Length: 109

{"jsonrpc":"2.0","id":2,"method":"UpdateClientInfoAsync","params":[{"clientName":"VsHubClient","pid":72113}]}
10/12/2024 12:41:43 India Standard Time : Information : Microsoft.ServiceHub.Controller.HubController write: Content-Length: 455

{"jsonrpc":"2.0","id":2,"result":{"ClientWatchServerName":"net.pipe://721221B284","ControllerConfig":{"Executable":"/Users/shashibhushankumar/.vscode/extensions/ms-dotnettools.csdevkit-1.11.14-darwin-arm64/components/vs-green-server/platforms/darwin-arm64/node_modules/@microsoft/servicehub-controller-net60.darwin-arm64/Microsoft.ServiceHub.Controller","Args":["45db7b903d"],"PipeName":"45db7b903d"},"HostsConfig":{"RootDir":".","AppConfigFallback":""}}}
10/12/2024 12:41:43 India Standard Time : Information : Microsoft.ServiceHub.Controller.HubController read: Content-Length: 892

{"jsonrpc":"2.0","id":3,"method":"RegisterServiceAsync","params":[{"Name":"Microsoft.VisualStudio.ProjectSystem.DebugTargetFrameworkService"},{"host":"dotnet.projectSystem","hostId":"C94B8CFE-E3FD-4BAF-A941-2866DBB566FE","serviceBaseDirectory":"/Users/shashibhushankumar/.vscode/extensions/ms-dotnettools.csdevkit-1.11.14-darwin-arm64/components/dotnet-project-system-vscode/node_modules/@microsoft/vscode.projectsystem.managed/Services","entryPoint":{"assemblyPath":"/Users/shashibhushankumar/.vscode/extensions/ms-dotnettools.csdevkit-1.11.14-darwin-arm64/components/dotnet-project-system-vscode/node_modules/@microsoft/vscode.projectsystem.managed/Services/Microsoft.ProjectSystem.Managed.VSCode.Services.dll","fullClassName":"Microsoft.VisualStudio.ProjectSystem.Services.DebugTargetFrameworkServiceFactory"},"friendServices":["Microsoft.VisualStudio.ProjectSystem.CompositionService"]}]}
10/12/2024 12:41:43 India Standard Time : Information : Microsoft.ServiceHub.Controller.HubController write: Content-Length: 38

{"jsonrpc":"2.0","id":3,"result":null}
10/12/2024 12:41:43 India Standard Time : Information : Client connected to controller
10/12/2024 12:41:43 India Standard Time : Information : Client connected to controller
10/12/2024 12:41:43 India Standard Time : Information : Microsoft.ServiceHub.Controller.HubController read: end of stream
10/12/2024 12:41:43 India Standard Time : Information : JsonRpc disconnected due to RemotePartyTerminated. Reached end of stream.
10/12/2024 12:41:43 India Standard Time : Information : Microsoft.ServiceHub.Controller.HubController read: Content-Length: 109

{"jsonrpc":"2.0","id":2,"method":"UpdateClientInfoAsync","params":[{"clientName":"VsHubClient","pid":72113}]}
10/12/2024 12:41:43 India Standard Time : Information : Microsoft.ServiceHub.Controller.HubController write: Content-Length: 455

{"jsonrpc":"2.0","id":2,"result":{"ClientWatchServerName":"net.pipe://721221B284","ControllerConfig":{"Executable":"/Users/shashibhushankumar/.vscode/extensions/ms-dotnettools.csdevkit-1.11.14-darwin-arm64/components/vs-green-server/platforms/darwin-arm64/node_modules/@microsoft/servicehub-controller-net60.darwin-arm64/Microsoft.ServiceHub.Controller","Args":["45db7b903d"],"PipeName":"45db7b903d"},"HostsConfig":{"RootDir":".","AppConfigFallback":""}}}
10/12/2024 12:41:43 India Standard Time : Information : Microsoft.ServiceHub.Controller.HubController read: Content-Length: 710

{"jsonrpc":"2.0","id":3,"method":"RegisterServiceAsync","params":[{"Name":"Microsoft.TemplateEngine.VSCode.TemplateService"},{"host":"dotnet","hostId":"C94B8CFE-E3FD-4BAF-A941-2866DBB566FE","serviceBaseDirectory":"/Users/shashibhushankumar/.vscode/extensions/ms-dotnettools.csdevkit-1.11.14-darwin-arm64/components/dotnet-project-system-vscode/node_modules/@microsoft/vscode.templateengine","entryPoint":{"assemblyPath":"/Users/shashibhushankumar/.vscode/extensions/ms-dotnettools.csdevkit-1.11.14-darwin-arm64/components/dotnet-project-system-vscode/node_modules/@microsoft/vscode.templateengine/Microsoft.TemplateEngine.VSCode.dll","fullClassName":"Microsoft.TemplateEngine.VSCode.TemplateServiceFactory"}}]}
10/12/2024 12:41:43 India Standard Time : Information : Microsoft.ServiceHub.Controller.HubController write: Content-Length: 38

{"jsonrpc":"2.0","id":3,"result":null}
10/12/2024 12:41:43 India Standard Time : Information : Client connected to controller
10/12/2024 12:41:43 India Standard Time : Information : Client connected to controller
10/12/2024 12:41:43 India Standard Time : Information : Microsoft.ServiceHub.Controller.HubController read: end of stream
10/12/2024 12:41:43 India Standard Time : Information : JsonRpc disconnected due to RemotePartyTerminated. Reached end of stream.
10/12/2024 12:41:43 India Standard Time : Information : Microsoft.ServiceHub.Controller.HubController read: Content-Length: 109

{"jsonrpc":"2.0","id":2,"method":"UpdateClientInfoAsync","params":[{"clientName":"VsHubClient","pid":72113}]}
10/12/2024 12:41:43 India Standard Time : Information : Microsoft.ServiceHub.Controller.HubController write: Content-Length: 455

{"jsonrpc":"2.0","id":2,"result":{"ClientWatchServerName":"net.pipe://721221B284","ControllerConfig":{"Executable":"/Users/shashibhushankumar/.vscode/extensions/ms-dotnettools.csdevkit-1.11.14-darwin-arm64/components/vs-green-server/platforms/darwin-arm64/node_modules/@microsoft/servicehub-controller-net60.darwin-arm64/Microsoft.ServiceHub.Controller","Args":["45db7b903d"],"PipeName":"45db7b903d"},"HostsConfig":{"RootDir":".","AppConfigFallback":""}}}
10/12/2024 12:41:43 India Standard Time : Information : Microsoft.ServiceHub.Controller.HubController read: Content-Length: 767

{"jsonrpc":"2.0","id":3,"method":"RegisterServiceAsync","params":[{"Name":"Microsoft.CodeCoverage.VSCode.CollectionService"},{"host":"dotnet","hostId":"C94B8CFE-E3FD-4BAF-A941-2866DBB566FE","serviceBaseDirectory":"/Users/shashibhushankumar/.vscode/extensions/ms-dotnettools.csdevkit-1.11.14-darwin-arm64/components/vs-code-coverage/platforms/darwin-arm64/node_modules/@microsoft/coverage-services.darwin-arm64","entryPoint":{"assemblyPath":"/Users/shashibhushankumar/.vscode/extensions/ms-dotnettools.csdevkit-1.11.14-darwin-arm64/components/vs-code-coverage/platforms/darwin-arm64/node_modules/@microsoft/coverage-services.darwin-arm64/Microsoft.CodeCoverage.VSCode.Services.dll","fullClassName":"Microsoft.VisualStudio.CoverageServices.CollectionServiceFactory"}}]}
10/12/2024 12:41:43 India Standard Time : Information : Microsoft.ServiceHub.Controller.HubController write: Content-Length: 38

{"jsonrpc":"2.0","id":3,"result":null}
10/12/2024 12:41:43 India Standard Time : Information : Client connected to controller
10/12/2024 12:41:43 India Standard Time : Information : Client connected to controller
10/12/2024 12:41:43 India Standard Time : Information : Microsoft.ServiceHub.Controller.HubController read: end of stream
10/12/2024 12:41:43 India Standard Time : Information : JsonRpc disconnected due to RemotePartyTerminated. Reached end of stream.
10/12/2024 12:41:43 India Standard Time : Information : Microsoft.ServiceHub.Controller.HubController read: Content-Length: 109

{"jsonrpc":"2.0","id":2,"method":"UpdateClientInfoAsync","params":[{"clientName":"VsHubClient","pid":72113}]}
10/12/2024 12:41:43 India Standard Time : Information : Microsoft.ServiceHub.Controller.HubController write: Content-Length: 455

{"jsonrpc":"2.0","id":2,"result":{"ClientWatchServerName":"net.pipe://721221B284","ControllerConfig":{"Executable":"/Users/shashibhushankumar/.vscode/extensions/ms-dotnettools.csdevkit-1.11.14-darwin-arm64/components/vs-green-server/platforms/darwin-arm64/node_modules/@microsoft/servicehub-controller-net60.darwin-arm64/Microsoft.ServiceHub.Controller","Args":["45db7b903d"],"PipeName":"45db7b903d"},"HostsConfig":{"RootDir":".","AppConfigFallback":""}}}
10/12/2024 12:41:43 India Standard Time : Information : Microsoft.ServiceHub.Controller.HubController read: Content-Length: 759

{"jsonrpc":"2.0","id":3,"method":"RegisterServiceAsync","params":[{"Name":"Microsoft.CodeCoverage.VSCode.ReportService"},{"host":"dotnet","hostId":"C94B8CFE-E3FD-4BAF-A941-2866DBB566FE","serviceBaseDirectory":"/Users/shashibhushankumar/.vscode/extensions/ms-dotnettools.csdevkit-1.11.14-darwin-arm64/components/vs-code-coverage/platforms/darwin-arm64/node_modules/@microsoft/coverage-services.darwin-arm64","entryPoint":{"assemblyPath":"/Users/shashibhushankumar/.vscode/extensions/ms-dotnettools.csdevkit-1.11.14-darwin-arm64/components/vs-code-coverage/platforms/darwin-arm64/node_modules/@microsoft/coverage-services.darwin-arm64/Microsoft.CodeCoverage.VSCode.Services.dll","fullClassName":"Microsoft.VisualStudio.CoverageServices.ReportServiceFactory"}}]}
10/12/2024 12:41:43 India Standard Time : Information : Microsoft.ServiceHub.Controller.HubController write: Content-Length: 38

{"jsonrpc":"2.0","id":3,"result":null}
10/12/2024 12:41:43 India Standard Time : Information : Client connected to controller
10/12/2024 12:41:43 India Standard Time : Information : Client connected to controller
10/12/2024 12:41:43 India Standard Time : Information : Microsoft.ServiceHub.Controller.HubController read: end of stream
10/12/2024 12:41:43 India Standard Time : Information : JsonRpc disconnected due to RemotePartyTerminated. Reached end of stream.
10/12/2024 12:41:43 India Standard Time : Information : Microsoft.ServiceHub.Controller.HubController read: Content-Length: 109

{"jsonrpc":"2.0","id":2,"method":"UpdateClientInfoAsync","params":[{"clientName":"VsHubClient","pid":72113}]}
10/12/2024 12:41:43 India Standard Time : Information : Microsoft.ServiceHub.Controller.HubController write: Content-Length: 455

{"jsonrpc":"2.0","id":2,"result":{"ClientWatchServerName":"net.pipe://721221B284","ControllerConfig":{"Executable":"/Users/shashibhushankumar/.vscode/extensions/ms-dotnettools.csdevkit-1.11.14-darwin-arm64/components/vs-green-server/platforms/darwin-arm64/node_modules/@microsoft/servicehub-controller-net60.darwin-arm64/Microsoft.ServiceHub.Controller","Args":["45db7b903d"],"PipeName":"45db7b903d"},"HostsConfig":{"RootDir":".","AppConfigFallback":""}}}
10/12/2024 12:41:43 India Standard Time : Information : Microsoft.ServiceHub.Controller.HubController read: Content-Length: 809

{"jsonrpc":"2.0","id":3,"method":"RegisterServiceAsync","params":[{"Name":"Microsoft.VisualStudio.ProjectQueryTestService"},{"host":"dotnet","hostId":"C94B8CFE-E3FD-4BAF-A941-2866DBB566FE","serviceBaseDirectory":"/Users/shashibhushankumar/.vscode/extensions/ms-dotnettools.csdevkit-1.11.14-darwin-arm64/components/vs-green-server/platforms/darwin-arm64/node_modules/@microsoft/visualstudio-server-samples-sayhello.darwin-arm64","entryPoint":{"assemblyPath":"/Users/shashibhushankumar/.vscode/extensions/ms-dotnettools.csdevkit-1.11.14-darwin-arm64/components/vs-green-server/platforms/darwin-arm64/node_modules/@microsoft/visualstudio-server-samples-sayhello.darwin-arm64/Microsoft.VisualStudio.Samples.SayHello.dll","fullClassName":"Microsoft.VisualStudio.Samples.SayHello.ProjectQueryTestServiceFactory"}}]}
10/12/2024 12:41:43 India Standard Time : Information : Microsoft.ServiceHub.Controller.HubController write: Content-Length: 38

{"jsonrpc":"2.0","id":3,"result":null}
10/12/2024 12:41:43 India Standard Time : Information : Client connected to controller
10/12/2024 12:41:43 India Standard Time : Information : Microsoft.ServiceHub.Controller.HubController read: end of stream
10/12/2024 12:41:43 India Standard Time : Information : Client connected to controller
10/12/2024 12:41:43 India Standard Time : Information : JsonRpc disconnected due to RemotePartyTerminated. Reached end of stream.
10/12/2024 12:41:43 India Standard Time : Information : Microsoft.ServiceHub.Controller.HubController read: Content-Length: 109

{"jsonrpc":"2.0","id":2,"method":"UpdateClientInfoAsync","params":[{"clientName":"VsHubClient","pid":72113}]}
10/12/2024 12:41:43 India Standard Time : Information : Microsoft.ServiceHub.Controller.HubController write: Content-Length: 455

{"jsonrpc":"2.0","id":2,"result":{"ClientWatchServerName":"net.pipe://721221B284","ControllerConfig":{"Executable":"/Users/shashibhushankumar/.vscode/extensions/ms-dotnettools.csdevkit-1.11.14-darwin-arm64/components/vs-green-server/platforms/darwin-arm64/node_modules/@microsoft/servicehub-controller-net60.darwin-arm64/Microsoft.ServiceHub.Controller","Args":["45db7b903d"],"PipeName":"45db7b903d"},"HostsConfig":{"RootDir":".","AppConfigFallback":""}}}
10/12/2024 12:41:43 India Standard Time : Information : Microsoft.ServiceHub.Controller.HubController read: Content-Length: 775

{"jsonrpc":"2.0","id":3,"method":"RegisterServiceAsync","params":[{"Name":"helloServiceHubDotNetHost"},{"host":"dotnet","hostId":"C94B8CFE-E3FD-4BAF-A941-2866DBB566FE","serviceBaseDirectory":"/Users/shashibhushankumar/.vscode/extensions/ms-dotnettools.csdevkit-1.11.14-darwin-arm64/components/vs-green-server/platforms/darwin-arm64/node_modules/@microsoft/visualstudio-server-samples-sayhello.darwin-arm64","entryPoint":{"assemblyPath":"/Users/shashibhushankumar/.vscode/extensions/ms-dotnettools.csdevkit-1.11.14-darwin-arm64/components/vs-green-server/platforms/darwin-arm64/node_modules/@microsoft/visualstudio-server-samples-sayhello.darwin-arm64/Microsoft.VisualStudio.Samples.SayHello.dll","fullClassName":"Microsoft.VisualStudio.Samples.SayHello.HelloWorldFactory"}}]}
10/12/2024 12:41:43 India Standard Time : Information : Microsoft.ServiceHub.Controller.HubController write: Content-Length: 38

{"jsonrpc":"2.0","id":3,"result":null}
10/12/2024 12:41:43 India Standard Time : Information : Microsoft.ServiceHub.Controller.HubController read: Content-Length: 344

{"jsonrpc":"2.0","id":3,"method":"requestServiceChannel","params":[{"Name":"Microsoft.VisualStudio.LaunchConfigurationService"},{"ActivationArguments":{"__servicehub__ServiceHubRemoteServiceBrokerPipeName":"/Users/shashibhushankumar/.ServiceHub/45db7b903d/a66398938f"},"ClientCredentials":{},"ClientCulture":"en-GB","ClientUICulture":"en-GB"}]}
10/12/2024 12:41:43 India Standard Time : Information : Locating service 'Microsoft.VisualStudio.LaunchConfigurationService' requested by VsHubClient (pid:72113)
10/12/2024 12:41:43 India Standard Time : Information : Microsoft.ServiceHub.Controller.HubController read: Content-Length: 354

{"jsonrpc":"2.0","id":4,"method":"requestServiceChannel","params":[{"Name":"Microsoft.CodeCoverage.VSCode.ReportService","Version":"1.0"},{"ActivationArguments":{"__servicehub__ServiceHubRemoteServiceBrokerPipeName":"/Users/shashibhushankumar/.ServiceHub/45db7b903d/951cc5e078"},"ClientCredentials":{},"ClientCulture":"en-GB","ClientUICulture":"en-GB"}]}
10/12/2024 12:41:43 India Standard Time : Information : Microsoft.ServiceHub.Controller.HubController read: Content-Length: 359

{"jsonrpc":"2.0","id":5,"method":"requestServiceChannel","params":[{"Name":"Microsoft.VisualStudio.TestWindow.VSCode.Service","Version":"0.1"},{"ActivationArguments":{"__servicehub__ServiceHubRemoteServiceBrokerPipeName":"/Users/shashibhushankumar/.ServiceHub/45db7b903d/a72d17fb49"},"ClientCredentials":{},"ClientCulture":"en-GB","ClientUICulture":"en-GB"}]}Content-Length: 344

{"jsonrpc":"2.0","id":6,"method":"requestServiceChannel","params":[{"Name":"Microsoft.VisualStudio.LaunchConfigurationService"},{"ActivationArguments":{"__servicehub__ServiceHubRemoteServiceBrokerPipeName":"/Users/shashibhushankumar/.ServiceHub/45db7b903d/0cfd5ca7b9"},"ClientCredentials":{},"ClientCulture":"en-GB","ClientUICulture":"en-GB"}]}Content-Length: 384

{"jsonrpc":"2.0","id":7,"method":"requestServiceChannel","params":[{"Name":"Microsoft.VisualStudio.ProjectSystem.Query.Remoting.QueryExecutionService","Version":"0.3"},{"ActivationArguments":{"__servicehub__ServiceHubRemoteServiceBrokerPipeName":"/Users/shashibhushankumar/.ServiceHub/45db7b903d/f7df172831"},"ClientCredentials":{},"ClientCulture":"en-GB","ClientUICulture":"en-GB"}]}
10/12/2024 12:41:43 India Standard Time : Information : Service 'Microsoft.VisualStudio.LaunchConfigurationService' has not been loaded before. Loading now.
10/12/2024 12:41:43 India Standard Time : Information : Starting server 'hostCallback' at 'net.pipe://72122923AA' (at '/Users/shashibhushankumar/.ServiceHub/45db7b903d/72122923AA').
10/12/2024 12:41:43 India Standard Time : Information : Discovering configuration files for 'HostConfigurationFileManager'
10/12/2024 12:41:43 India Standard Time : Information : Found configuration file "/Users/shashibhushankumar/.vscode/extensions/ms-dotnettools.csdevkit-1.11.14-darwin-arm64/components/servicehub/dotnet.projectSystem.servicehub.host.json"
10/12/2024 12:41:43 India Standard Time : Information : Found configuration file 'dotnet.projectSystem' at "/Users/shashibhushankumar/.vscode/extensions/ms-dotnettools.csdevkit-1.11.14-darwin-arm64/components/servicehub/dotnet.projectSystem.servicehub.host.json"
10/12/2024 12:41:43 India Standard Time : Information : Found configuration file "/Users/shashibhushankumar/.vscode/extensions/ms-dotnettools.csdevkit-1.11.14-darwin-arm64/components/servicehub/dotnet.aspireServer.servicehub.host.json"
10/12/2024 12:41:43 India Standard Time : Information : Found configuration file 'dotnet.aspireServer' at "/Users/shashibhushankumar/.vscode/extensions/ms-dotnettools.csdevkit-1.11.14-darwin-arm64/components/servicehub/dotnet.aspireServer.servicehub.host.json"
10/12/2024 12:41:43 India Standard Time : Information : Found configuration file "/Users/shashibhushankumar/.vscode/extensions/ms-dotnettools.csdevkit-1.11.14-darwin-arm64/components/servicehub/dotnet.servicehub.host.json"
10/12/2024 12:41:43 India Standard Time : Information : Found configuration file 'dotnet' at "/Users/shashibhushankumar/.vscode/extensions/ms-dotnettools.csdevkit-1.11.14-darwin-arm64/components/servicehub/dotnet.servicehub.host.json"
10/12/2024 12:41:43 India Standard Time : Information : Loading host info for 'dotnet.projectSystem' from '/Users/shashibhushankumar/.vscode/extensions/ms-dotnettools.csdevkit-1.11.14-darwin-arm64/components/servicehub/dotnet.projectSystem.servicehub.host.json'
10/12/2024 12:41:43 India Standard Time : Information : Launching 'dotnet.projectSystem$C94B8CFE-E3FD-4BAF-A941-2866DBB566FE' hub host with command line: '/Users/shashibhushankumar/.vscode/extensions/ms-dotnettools.csdevkit-1.11.14-darwin-arm64/components/vs-green-server/platforms/darwin-arm64/node_modules/@microsoft/visualstudio-code-servicehost.darwin-arm64/Microsoft.VisualStudio.Code.ServiceHost dotnet.projectSystem$C94B8CFE-E3FD-4BAF-A941-2866DBB566FE net.pipe://72122923AA'
10/12/2024 12:41:43 India Standard Time : Information : Setting environment variable 'DOTNET_ROOT' to '/usr/local/share/dotnet' in the "/Users/shashibhushankumar/.vscode/extensions/ms-dotnettools.csdevkit-1.11.14-darwin-arm64/components/vs-green-server/platforms/darwin-arm64/node_modules/@microsoft/visualstudio-code-servicehost.darwin-arm64/Microsoft.VisualStudio.Code.ServiceHost" process.
10/12/2024 12:41:43 India Standard Time : Information : Setting environment variable 'DOTNET_ROLL_FORWARD_TO_PRERELEASE' to '0' in the "/Users/shashibhushankumar/.vscode/extensions/ms-dotnettools.csdevkit-1.11.14-darwin-arm64/components/vs-green-server/platforms/darwin-arm64/node_modules/@microsoft/visualstudio-code-servicehost.darwin-arm64/Microsoft.VisualStudio.Code.ServiceHost" process.
10/12/2024 12:41:43 India Standard Time : Information : Setting environment variable 'DOTNET_ROLL_FORWARD' to 'Major' in the "/Users/shashibhushankumar/.vscode/extensions/ms-dotnettools.csdevkit-1.11.14-darwin-arm64/components/vs-green-server/platforms/darwin-arm64/node_modules/@microsoft/visualstudio-code-servicehost.darwin-arm64/Microsoft.VisualStudio.Code.ServiceHost" process.
10/12/2024 12:41:43 India Standard Time : Information : Launched 'dotnet.projectSystem$C94B8CFE-E3FD-4BAF-A941-2866DBB566FE' hub host. PID: 72124
10/12/2024 12:41:43 India Standard Time : Information : Locating service 'Microsoft.CodeCoverage.VSCode.ReportService' requested by VsHubClient (pid:72113)
10/12/2024 12:41:43 India Standard Time : Information : Service 'Microsoft.CodeCoverage.VSCode.ReportService' has not been loaded before. Loading now.
10/12/2024 12:41:43 India Standard Time : Information : Loading host info for 'dotnet' from '/Users/shashibhushankumar/.vscode/extensions/ms-dotnettools.csdevkit-1.11.14-darwin-arm64/components/servicehub/dotnet.servicehub.host.json'
10/12/2024 12:41:43 India Standard Time : Information : Launching 'dotnet$C94B8CFE-E3FD-4BAF-A941-2866DBB566FE' hub host with command line: '/Users/shashibhushankumar/.vscode/extensions/ms-dotnettools.csdevkit-1.11.14-darwin-arm64/components/vs-green-server/platforms/darwin-arm64/node_modules/@microsoft/visualstudio-code-servicehost.darwin-arm64/Microsoft.VisualStudio.Code.ServiceHost dotnet$C94B8CFE-E3FD-4BAF-A941-2866DBB566FE net.pipe://72122923AA'
10/12/2024 12:41:43 India Standard Time : Information : Launched 'dotnet$C94B8CFE-E3FD-4BAF-A941-2866DBB566FE' hub host. PID: 72125
10/12/2024 12:41:43 India Standard Time : Information : Locating service 'Microsoft.VisualStudio.TestWindow.VSCode.Service' requested by VsHubClient (pid:72113)
10/12/2024 12:41:43 India Standard Time : Information : Service 'Microsoft.VisualStudio.TestWindow.VSCode.Service' has not been loaded before. Loading now.
10/12/2024 12:41:43 India Standard Time : Information : Locating service 'Microsoft.VisualStudio.LaunchConfigurationService' requested by VsHubClient (pid:72113)
10/12/2024 12:41:43 India Standard Time : Information : Service 'Microsoft.VisualStudio.LaunchConfigurationService' has not been loaded before. Loading now.
10/12/2024 12:41:43 India Standard Time : Information : Locating service 'Microsoft.VisualStudio.ProjectSystem.Query.Remoting.QueryExecutionService' requested by VsHubClient (pid:72113)
10/12/2024 12:41:43 India Standard Time : Information : Service 'Microsoft.VisualStudio.ProjectSystem.Query.Remoting.QueryExecutionService' has not been loaded before. Loading now.
10/12/2024 12:41:43 India Standard Time : Information : LocationService write: Content-Length: 111

{"jsonrpc":"2.0","id":2,"method":"initializeHost","params":[{"HostsRootDirectory":".","AppConfigFallback":""}]}
10/12/2024 12:41:43 India Standard Time : Information : LocationService read: Content-Length: 79

{"jsonrpc":"2.0","id":2,"result":"dotnet$C94B8CFE-E3FD-4BAF-A941-2866DBB566FE"}
10/12/2024 12:41:43 India Standard Time : Information : LocationService write: Content-Length: 111

{"jsonrpc":"2.0","id":2,"method":"initializeHost","params":[{"HostsRootDirectory":".","AppConfigFallback":""}]}
10/12/2024 12:41:43 India Standard Time : Information : LocationService write: Content-Length: 1010

{"jsonrpc":"2.0","id":3,"method":"startService","params":[{"name":"Microsoft.CodeCoverage.VSCode.ReportService","host":"dotnet","hostId":"C94B8CFE-E3FD-4BAF-A941-2866DBB566FE","serviceBaseDirectory":"/Users/shashibhushankumar/.vscode/extensions/ms-dotnettools.csdevkit-1.11.14-darwin-arm64/components/vs-code-coverage/platforms/darwin-arm64/node_modules/@microsoft/coverage-services.darwin-arm64","entryPoint":{"assemblyPath":"/Users/shashibhushankumar/.vscode/extensions/ms-dotnettools.csdevkit-1.11.14-darwin-arm64/components/vs-code-coverage/platforms/darwin-arm64/node_modules/@microsoft/coverage-services.darwin-arm64/Microsoft.CodeCoverage.VSCode.Services.dll","fullClassName":"Microsoft.VisualStudio.CoverageServices.ReportServiceFactory"}},{"ActivationArguments":{"__servicehub__ServiceHubRemoteServiceBrokerPipeName":"/Users/shashibhushankumar/.ServiceHub/45db7b903d/951cc5e078","__servicehub__RequestedServiceVersion":"1.0"},"ClientCredentials":{},"ClientCulture":"en-GB","ClientUICulture":"en-GB"}]}
10/12/2024 12:41:43 India Standard Time : Information : LocationService write: Content-Length: 1080

{"jsonrpc":"2.0","id":4,"method":"startService","params":[{"name":"Microsoft.VisualStudio.TestWindow.VSCode.Service","host":"dotnet","hostId":"C94B8CFE-E3FD-4BAF-A941-2866DBB566FE","serviceBaseDirectory":"/Users/shashibhushankumar/.vscode/extensions/ms-dotnettools.csdevkit-1.11.14-darwin-arm64/components/VSUnitTesting/platforms/darwin-arm64/node_modules/@microsoft/visualstudio-testwindow-vscode-service.darwin-arm64","entryPoint":{"assemblyPath":"/Users/shashibhushankumar/.vscode/extensions/ms-dotnettools.csdevkit-1.11.14-darwin-arm64/components/VSUnitTesting/platforms/darwin-arm64/node_modules/@microsoft/visualstudio-testwindow-vscode-service.darwin-arm64/Microsoft.VisualStudio.TestWindow.VSCode.Service.dll","fullClassName":"Microsoft.VisualStudio.TestWindow.VSCode.Service.TestWindowVSCodeServiceFactory"}},{"ActivationArguments":{"__servicehub__ServiceHubRemoteServiceBrokerPipeName":"/Users/shashibhushankumar/.ServiceHub/45db7b903d/a72d17fb49","__servicehub__RequestedServiceVersion":"0.1"},"ClientCredentials":{},"ClientCulture":"en-GB","ClientUICulture":"en-GB"}]}
10/12/2024 12:41:43 India Standard Time : Information : LocationService read: Content-Length: 95

{"jsonrpc":"2.0","id":3,"result":"/Users/shashibhushankumar/.ServiceHub/45db7b903d/f8658bf064"}
10/12/2024 12:41:43 India Standard Time : Information : Located service \'Microsoft.CodeCoverage.VSCode.ReportService\' at '/Users/shashibhushankumar/.ServiceHub/45db7b903d/f8658bf064 @ dotnet$C94B8CFE-E3FD-4BAF-A941-2866DBB566FE' requested by VsHubClient (pid:72113)
10/12/2024 12:41:43 India Standard Time : Information : LocationService read: Content-Length: 95

{"jsonrpc":"2.0","id":4,"result":"/Users/shashibhushankumar/.ServiceHub/45db7b903d/9423e95c2c"}
10/12/2024 12:41:43 India Standard Time : Information : Located service \'Microsoft.VisualStudio.TestWindow.VSCode.Service\' at '/Users/shashibhushankumar/.ServiceHub/45db7b903d/9423e95c2c @ dotnet$C94B8CFE-E3FD-4BAF-A941-2866DBB566FE' requested by VsHubClient (pid:72113)
10/12/2024 12:41:43 India Standard Time : Information : Microsoft.ServiceHub.Controller.HubController write: Content-Length: 175

{"jsonrpc":"2.0","id":4,"result":{"RequestId":"ccde4cdb-0c61-4144-a18f-5313aed5b734","PipeName":"/Users/shashibhushankumar/.ServiceHub/45db7b903d/f8658bf064","IsEmpty":false}}
10/12/2024 12:41:43 India Standard Time : Information : Microsoft.ServiceHub.Controller.HubController write: Content-Length: 175

{"jsonrpc":"2.0","id":5,"result":{"RequestId":"570ecc6a-c6a7-4437-bf77-39ce959ff2b7","PipeName":"/Users/shashibhushankumar/.ServiceHub/45db7b903d/9423e95c2c","IsEmpty":false}}
10/12/2024 12:41:43 India Standard Time : Information : LocationService read: Content-Length: 93

{"jsonrpc":"2.0","id":2,"result":"dotnet.projectSystem$C94B8CFE-E3FD-4BAF-A941-2866DBB566FE"}
10/12/2024 12:41:43 India Standard Time : Information : LocationService write: Content-Length: 1027

{"jsonrpc":"2.0","id":5,"method":"startService","params":[{"name":"Microsoft.VisualStudio.LaunchConfigurationService","host":"dotnet.projectSystem","hostId":"C94B8CFE-E3FD-4BAF-A941-2866DBB566FE","serviceBaseDirectory":"/Users/shashibhushankumar/.vscode/extensions/ms-dotnettools.csdevkit-1.11.14-darwin-arm64/components/CPS/platforms/darwin-arm64/node_modules/@microsoft/visualstudio-projectsystem-server.darwin-arm64","entryPoint":{"assemblyPath":"/Users/shashibhushankumar/.vscode/extensions/ms-dotnettools.csdevkit-1.11.14-darwin-arm64/components/CPS/platforms/darwin-arm64/node_modules/@microsoft/visualstudio-projectsystem-server.darwin-arm64/Microsoft.VisualStudio.ProjectSystem.Server.Implementation.dll","fullClassName":"Microsoft.VisualStudio.ProjectSystem.Server.LaunchConfigurationServiceFactory"}},{"ActivationArguments":{"__servicehub__ServiceHubRemoteServiceBrokerPipeName":"/Users/shashibhushankumar/.ServiceHub/45db7b903d/0cfd5ca7b9"},"ClientCredentials":{},"ClientCulture":"en-GB","ClientUICulture":"en-GB"}]}
10/12/2024 12:41:43 India Standard Time : Information : LocationService write: Content-Length: 1027

{"jsonrpc":"2.0","id":3,"method":"startService","params":[{"name":"Microsoft.VisualStudio.LaunchConfigurationService","host":"dotnet.projectSystem","hostId":"C94B8CFE-E3FD-4BAF-A941-2866DBB566FE","serviceBaseDirectory":"/Users/shashibhushankumar/.vscode/extensions/ms-dotnettools.csdevkit-1.11.14-darwin-arm64/components/CPS/platforms/darwin-arm64/node_modules/@microsoft/visualstudio-projectsystem-server.darwin-arm64","entryPoint":{"assemblyPath":"/Users/shashibhushankumar/.vscode/extensions/ms-dotnettools.csdevkit-1.11.14-darwin-arm64/components/CPS/platforms/darwin-arm64/node_modules/@microsoft/visualstudio-projectsystem-server.darwin-arm64/Microsoft.VisualStudio.ProjectSystem.Server.Implementation.dll","fullClassName":"Microsoft.VisualStudio.ProjectSystem.Server.LaunchConfigurationServiceFactory"}},{"ActivationArguments":{"__servicehub__ServiceHubRemoteServiceBrokerPipeName":"/Users/shashibhushankumar/.ServiceHub/45db7b903d/a66398938f"},"ClientCredentials":{},"ClientCulture":"en-GB","ClientUICulture":"en-GB"}]}
10/12/2024 12:41:43 India Standard Time : Information : LocationService write: Content-Length: 1092

{"jsonrpc":"2.0","id":4,"method":"startService","params":[{"name":"Microsoft.VisualStudio.ProjectSystem.Query.Remoting.QueryExecutionService","host":"dotnet.projectSystem","hostId":"C94B8CFE-E3FD-4BAF-A941-2866DBB566FE","serviceBaseDirectory":"/Users/shashibhushankumar/.vscode/extensions/ms-dotnettools.csdevkit-1.11.14-darwin-arm64/components/CPS/platforms/darwin-arm64/node_modules/@microsoft/visualstudio-projectsystem-server.darwin-arm64","entryPoint":{"assemblyPath":"/Users/shashibhushankumar/.vscode/extensions/ms-dotnettools.csdevkit-1.11.14-darwin-arm64/components/CPS/platforms/darwin-arm64/node_modules/@microsoft/visualstudio-projectsystem-server.darwin-arm64/Microsoft.VisualStudio.ProjectSystem.Server.Implementation.dll","fullClassName":"Microsoft.VisualStudio.ProjectSystem.Server.QueryExecutionServiceFactory"}},{"ActivationArguments":{"__servicehub__ServiceHubRemoteServiceBrokerPipeName":"/Users/shashibhushankumar/.ServiceHub/45db7b903d/f7df172831","__servicehub__RequestedServiceVersion":"0.3"},"ClientCredentials":{},"ClientCulture":"en-GB","ClientUICulture":"en-GB"}]}
10/12/2024 12:41:43 India Standard Time : Information : Microsoft.ServiceHub.Controller.HubController read: Content-Length: 358

{"jsonrpc":"2.0","id":8,"method":"requestServiceChannel","params":[{"Name":"Microsoft.CodeCoverage.VSCode.CollectionService","Version":"1.0"},{"ActivationArguments":{"__servicehub__ServiceHubRemoteServiceBrokerPipeName":"/Users/shashibhushankumar/.ServiceHub/45db7b903d/c62f22ab5a"},"ClientCredentials":{},"ClientCulture":"en-GB","ClientUICulture":"en-GB"}]}
10/12/2024 12:41:43 India Standard Time : Information : Locating service 'Microsoft.CodeCoverage.VSCode.CollectionService' requested by VsHubClient (pid:72113)
10/12/2024 12:41:43 India Standard Time : Information : Service 'Microsoft.CodeCoverage.VSCode.CollectionService' has not been loaded before. Loading now.
10/12/2024 12:41:43 India Standard Time : Information : LocationService write: Content-Length: 1018

{"jsonrpc":"2.0","id":5,"method":"startService","params":[{"name":"Microsoft.CodeCoverage.VSCode.CollectionService","host":"dotnet","hostId":"C94B8CFE-E3FD-4BAF-A941-2866DBB566FE","serviceBaseDirectory":"/Users/shashibhushankumar/.vscode/extensions/ms-dotnettools.csdevkit-1.11.14-darwin-arm64/components/vs-code-coverage/platforms/darwin-arm64/node_modules/@microsoft/coverage-services.darwin-arm64","entryPoint":{"assemblyPath":"/Users/shashibhushankumar/.vscode/extensions/ms-dotnettools.csdevkit-1.11.14-darwin-arm64/components/vs-code-coverage/platforms/darwin-arm64/node_modules/@microsoft/coverage-services.darwin-arm64/Microsoft.CodeCoverage.VSCode.Services.dll","fullClassName":"Microsoft.VisualStudio.CoverageServices.CollectionServiceFactory"}},{"ActivationArguments":{"__servicehub__ServiceHubRemoteServiceBrokerPipeName":"/Users/shashibhushankumar/.ServiceHub/45db7b903d/c62f22ab5a","__servicehub__RequestedServiceVersion":"1.0"},"ClientCredentials":{},"ClientCulture":"en-GB","ClientUICulture":"en-GB"}]}
10/12/2024 12:41:43 India Standard Time : Information : LocationService read: Content-Length: 105

{"jsonrpc":"2.0","method":"hostServicesStarted","params":["dotnet$C94B8CFE-E3FD-4BAF-A941-2866DBB566FE"]}
10/12/2024 12:41:43 India Standard Time : Information : LocationService read: Content-Length: 95

{"jsonrpc":"2.0","id":5,"result":"/Users/shashibhushankumar/.ServiceHub/45db7b903d/307ed0fc9d"}
10/12/2024 12:41:43 India Standard Time : Information : Located service \'Microsoft.CodeCoverage.VSCode.CollectionService\' at '/Users/shashibhushankumar/.ServiceHub/45db7b903d/307ed0fc9d @ dotnet$C94B8CFE-E3FD-4BAF-A941-2866DBB566FE' requested by VsHubClient (pid:72113)
10/12/2024 12:41:43 India Standard Time : Information : Microsoft.ServiceHub.Controller.HubController write: Content-Length: 175

{"jsonrpc":"2.0","id":8,"result":{"RequestId":"e92bf6d0-4fc9-4aff-b9af-54fdd3939158","PipeName":"/Users/shashibhushankumar/.ServiceHub/45db7b903d/307ed0fc9d","IsEmpty":false}}
10/12/2024 12:41:43 India Standard Time : Information : LocationService read: Content-Length: 95

{"jsonrpc":"2.0","id":5,"result":"/Users/shashibhushankumar/.ServiceHub/45db7b903d/123e59c2c8"}
10/12/2024 12:41:43 India Standard Time : Information : Located service \'Microsoft.VisualStudio.LaunchConfigurationService\' at '/Users/shashibhushankumar/.ServiceHub/45db7b903d/123e59c2c8 @ dotnet.projectSystem$C94B8CFE-E3FD-4BAF-A941-2866DBB566FE' requested by VsHubClient (pid:72113)
10/12/2024 12:41:43 India Standard Time : Information : Microsoft.ServiceHub.Controller.HubController write: Content-Length: 175

{"jsonrpc":"2.0","id":6,"result":{"RequestId":"177dc167-1562-45cd-8447-2409ba289df8","PipeName":"/Users/shashibhushankumar/.ServiceHub/45db7b903d/123e59c2c8","IsEmpty":false}}
10/12/2024 12:41:43 India Standard Time : Information : LocationService read: Content-Length: 95

{"jsonrpc":"2.0","id":3,"result":"/Users/shashibhushankumar/.ServiceHub/45db7b903d/c8234c34e4"}
10/12/2024 12:41:43 India Standard Time : Information : Located service \'Microsoft.VisualStudio.LaunchConfigurationService\' at '/Users/shashibhushankumar/.ServiceHub/45db7b903d/c8234c34e4 @ dotnet.projectSystem$C94B8CFE-E3FD-4BAF-A941-2866DBB566FE' requested by VsHubClient (pid:72113)
10/12/2024 12:41:43 India Standard Time : Information : LocationService read: Content-Length: 95

{"jsonrpc":"2.0","id":4,"result":"/Users/shashibhushankumar/.ServiceHub/45db7b903d/cb7ec2bca7"}
10/12/2024 12:41:43 India Standard Time : Information : Microsoft.ServiceHub.Controller.HubController write: Content-Length: 175

{"jsonrpc":"2.0","id":3,"result":{"RequestId":"da638bfc-9b42-4d26-92eb-2518bf11d3dd","PipeName":"/Users/shashibhushankumar/.ServiceHub/45db7b903d/c8234c34e4","IsEmpty":false}}
10/12/2024 12:41:43 India Standard Time : Information : Located service \'Microsoft.VisualStudio.ProjectSystem.Query.Remoting.QueryExecutionService\' at '/Users/shashibhushankumar/.ServiceHub/45db7b903d/cb7ec2bca7 @ dotnet.projectSystem$C94B8CFE-E3FD-4BAF-A941-2866DBB566FE' requested by VsHubClient (pid:72113)
10/12/2024 12:41:43 India Standard Time : Information : Microsoft.ServiceHub.Controller.HubController write: Content-Length: 175

{"jsonrpc":"2.0","id":7,"result":{"RequestId":"a45448a8-cbac-42ca-b87c-7c019cd4c0e2","PipeName":"/Users/shashibhushankumar/.ServiceHub/45db7b903d/cb7ec2bca7","IsEmpty":false}}
10/12/2024 12:41:43 India Standard Time : Information : LocationService read: Content-Length: 119

{"jsonrpc":"2.0","method":"hostServicesStarted","params":["dotnet.projectSystem$C94B8CFE-E3FD-4BAF-A941-2866DBB566FE"]}
10/12/2024 12:41:44 India Standard Time : Information : Microsoft.ServiceHub.Controller.HubController read: end of stream
10/12/2024 12:41:44 India Standard Time : Information : JsonRpc disconnected due to RemotePartyTerminated. Reached end of stream.
10/12/2024 12:41:44 India Standard Time : Information : Microsoft.ServiceHub.Controller.HubController read: end of stream
10/12/2024 12:41:44 India Standard Time : Information : JsonRpc disconnected due to RemotePartyTerminated. Reached end of stream.
10/12/2024 12:41:44 India Standard Time : Information : Microsoft.ServiceHub.Controller.HubController read: end of stream
10/12/2024 12:41:44 India Standard Time : Information : JsonRpc disconnected due to RemotePartyTerminated. Reached end of stream.
10/12/2024 12:41:44 India Standard Time : Information : Microsoft.ServiceHub.Controller.HubController read: end of stream
10/12/2024 12:41:44 India Standard Time : Information : Microsoft.ServiceHub.Controller.HubController read: end of stream
10/12/2024 12:41:44 India Standard Time : Information : JsonRpc disconnected due to RemotePartyTerminated. Reached end of stream.
10/12/2024 12:41:44 India Standard Time : Information : Microsoft.ServiceHub.Controller.HubController read: end of stream
10/12/2024 12:41:44 India Standard Time : Information : JsonRpc disconnected due to RemotePartyTerminated. Reached end of stream.
10/12/2024 12:41:44 India Standard Time : Information : Microsoft.ServiceHub.Controller.HubController read: end of stream
10/12/2024 12:41:44 India Standard Time : Information : JsonRpc disconnected due to RemotePartyTerminated. Reached end of stream.
10/12/2024 12:41:44 India Standard Time : Information : Microsoft.ServiceHub.Controller.HubController read: end of stream
10/12/2024 12:41:44 India Standard Time : Information : JsonRpc disconnected due to RemotePartyTerminated. Reached end of stream.
10/12/2024 12:41:44 India Standard Time : Information : Microsoft.ServiceHub.Controller.HubController read: end of stream
10/12/2024 12:41:44 India Standard Time : Information : JsonRpc disconnected due to RemotePartyTerminated. Reached end of stream.
10/12/2024 12:41:44 India Standard Time : Information : Microsoft.ServiceHub.Controller.HubController read: end of stream
10/12/2024 12:41:44 India Standard Time : Information : JsonRpc disconnected due to RemotePartyTerminated. Reached end of stream.
10/12/2024 12:41:44 India Standard Time : Information : Microsoft.ServiceHub.Controller.HubController read: end of stream
10/12/2024 12:41:44 India Standard Time : Information : JsonRpc disconnected due to RemotePartyTerminated. Reached end of stream.
10/12/2024 12:41:44 India Standard Time : Information : Microsoft.ServiceHub.Controller.HubController read: end of stream
10/12/2024 12:41:44 India Standard Time : Information : JsonRpc disconnected due to RemotePartyTerminated. Reached end of stream.
10/12/2024 12:41:44 India Standard Time : Information : Microsoft.ServiceHub.Controller.HubController read: end of stream
10/12/2024 12:41:44 India Standard Time : Information : JsonRpc disconnected due to RemotePartyTerminated. Reached end of stream.
10/12/2024 12:41:44 India Standard Time : Information : Microsoft.ServiceHub.Controller.HubController read: end of stream
10/12/2024 12:41:44 India Standard Time : Information : JsonRpc disconnected due to RemotePartyTerminated. Reached end of stream.
10/12/2024 12:41:44 India Standard Time : Information : Microsoft.ServiceHub.Controller.HubController read: end of stream
10/12/2024 12:41:44 India Standard Time : Information : JsonRpc disconnected due to RemotePartyTerminated. Reached end of stream.
10/12/2024 12:41:44 India Standard Time : Information : Microsoft.ServiceHub.Controller.HubController read: end of stream
10/12/2024 12:41:44 India Standard Time : Information : JsonRpc disconnected due to RemotePartyTerminated. Reached end of stream.
10/12/2024 12:41:44 India Standard Time : Information : Microsoft.ServiceHub.Controller.HubController read: end of stream
10/12/2024 12:41:44 India Standard Time : Information : JsonRpc disconnected due to RemotePartyTerminated. Reached end of stream.
10/12/2024 12:41:44 India Standard Time : Information : Microsoft.ServiceHub.Controller.HubController read: end of stream
10/12/2024 12:41:44 India Standard Time : Information : JsonRpc disconnected due to RemotePartyTerminated. Reached end of stream.
10/12/2024 12:41:44 India Standard Time : Information : Microsoft.ServiceHub.Controller.HubController read: end of stream
10/12/2024 12:41:44 India Standard Time : Information : JsonRpc disconnected due to RemotePartyTerminated. Reached end of stream.
10/12/2024 12:41:44 India Standard Time : Information : Microsoft.ServiceHub.Controller.HubController read: end of stream
10/12/2024 12:41:44 India Standard Time : Information : JsonRpc disconnected due to RemotePartyTerminated. Reached end of stream.
10/12/2024 12:41:44 India Standard Time : Information : Microsoft.ServiceHub.Controller.HubController read: end of stream
10/12/2024 12:41:44 India Standard Time : Information : JsonRpc disconnected due to RemotePartyTerminated. Reached end of stream.
10/12/2024 12:41:44 India Standard Time : Information : JsonRpc disconnected due to RemotePartyTerminated. Reached end of stream.
10/12/2024 12:41:44 India Standard Time : Information : Microsoft.ServiceHub.Controller.HubController read: end of stream
10/12/2024 12:41:44 India Standard Time : Information : JsonRpc disconnected due to RemotePartyTerminated. Reached end of stream.
10/12/2024 12:41:44 India Standard Time : Information : Microsoft.ServiceHub.Controller.HubController read: end of stream
10/12/2024 12:41:44 India Standard Time : Information : JsonRpc disconnected due to RemotePartyTerminated. Reached end of stream.
10/12/2024 12:41:44 India Standard Time : Information : Microsoft.ServiceHub.Controller.HubController read: end of stream
10/12/2024 12:41:44 India Standard Time : Information : JsonRpc disconnected due to RemotePartyTerminated. Reached end of stream.
10/12/2024 12:41:44 India Standard Time : Information : External client disconnected from client watch.
10/12/2024 12:41:44 India Standard Time : Information : Starting fast shutdown
10/12/2024 12:41:44 India Standard Time : Information : Microsoft.ServiceHub.Controller.HubController read: end of stream
10/12/2024 12:41:44 India Standard Time : Information : JsonRpc disconnected due to RemotePartyTerminated. Reached end of stream.
10/12/2024 12:41:44 India Standard Time : Information : Microsoft.ServiceHub.Controller.HubController read: end of stream
10/12/2024 12:41:44 India Standard Time : Information : JsonRpc disconnected due to RemotePartyTerminated. Reached end of stream.
10/12/2024 12:41:44 India Standard Time : Information : Microsoft.ServiceHub.Controller.HubController read: end of stream
10/12/2024 12:41:44 India Standard Time : Information : JsonRpc disconnected due to RemotePartyTerminated. Reached end of stream.
10/12/2024 12:41:44 India Standard Time : Information : Stopping the location service server.
10/12/2024 12:41:44 India Standard Time : Information : Exiting hub controller.
10/12/2024 12:41:44 India Standard Time : Information : Releasing single controller instance mutex.
10/12/2024 12:41:44 India Standard Time : Information : Stopping host 'dotnet$C94B8CFE-E3FD-4BAF-A941-2866DBB566FE' PID: 72125 due to ForcedControllerShutdown
10/12/2024 12:41:44 India Standard Time : Information : LocationService write: Content-Length: 46

{"jsonrpc":"2.0","method":"exit","params":[3]}
10/12/2024 12:41:44 India Standard Time : Information : Stopping host 'dotnet.projectSystem$C94B8CFE-E3FD-4BAF-A941-2866DBB566FE' PID: 72124 due to ForcedControllerShutdown
10/12/2024 12:41:44 India Standard Time : Information : LocationService write: Content-Length: 46

{"jsonrpc":"2.0","method":"exit","params":[3]}
10/12/2024 12:41:44 India Standard Time : Information : Waiting for all hosts to shutdown. Running hosts: dotnet$C94B8CFE-E3FD-4BAF-A941-2866DBB566FE, dotnet.projectSystem$C94B8CFE-E3FD-4BAF-A941-2866DBB566FE
10/12/2024 12:41:44 India Standard Time : Information : Host 'dotnet$C94B8CFE-E3FD-4BAF-A941-2866DBB566FE' has been removed from the hosts cache.
10/12/2024 12:41:44 India Standard Time : Information : Waiting for host 'dotnet$C94B8CFE-E3FD-4BAF-A941-2866DBB566FE' with pid '72125' to exit...
10/12/2024 12:41:44 India Standard Time : Information : Host 'dotnet.projectSystem$C94B8CFE-E3FD-4BAF-A941-2866DBB566FE' has been removed from the hosts cache.
10/12/2024 12:41:44 India Standard Time : Information : Waiting for host 'dotnet.projectSystem$C94B8CFE-E3FD-4BAF-A941-2866DBB566FE' with pid '72124' to exit...
10/12/2024 12:41:44 India Standard Time : Information : LocationService read: end of stream
10/12/2024 12:41:44 India Standard Time : Information : LocationService read: Content-Length: 117

{"jsonrpc":"2.0","method":"hostServicesEnded","params":["dotnet.projectSystem$C94B8CFE-E3FD-4BAF-A941-2866DBB566FE"]}
10/12/2024 12:41:44 India Standard Time : Information : LocationService read: end of stream
10/12/2024 12:41:44 India Standard Time : Information : code: 'Hub host 'C94B8CFE-E3FD-4BAF-A941-2866DBB566FE', PID: 72125 exited.' 0.
10/12/2024 12:41:44 India Standard Time : Information : Waiting for all hosts to shutdown. Running hosts: dotnet.projectSystem$C94B8CFE-E3FD-4BAF-A941-2866DBB566FE
10/12/2024 12:41:44 India Standard Time : Information : code: 'Hub host 'C94B8CFE-E3FD-4BAF-A941-2866DBB566FE', PID: 72124 exited.' 0.
10/12/2024 12:41:44 India Standard Time : Information : All hosts have exited.
10/12/2024 12:41:44 India Standard Time : Information : Controller terminating with exit code '0'.
