10/12/2024 12:41:43 India Standard Time : Information : Local timezone is (UTC+05:30) India Standard Time (Kolkata)
10/12/2024 12:41:43 India Standard Time : Information : Service Hub .NET service module host started. Host id: dotnet.projectSystem$C94B8CFE-E3FD-4BAF-A941-2866DBB566FE. Controller pipe: net.pipe://72122923AA. PID: 72124
10/12/2024 12:41:43 India Standard Time : Information : hubHostClr read: Content-Length: 111

{"jsonrpc":"2.0","id":2,"method":"initializeHost","params":[{"HostsRootDirectory":".","AppConfigFallback":""}]}
10/12/2024 12:41:43 India Standard Time : Information : hubHostClr write: Content-Length: 93

{"jsonrpc":"2.0","id":2,"result":"dotnet.projectSystem$C94B8CFE-E3FD-4BAF-A941-2866DBB566FE"}
10/12/2024 12:41:43 India Standard Time : Information : hubHostClr read: Content-Length: 1027

{"jsonrpc":"2.0","id":5,"method":"startService","params":[{"name":"Microsoft.VisualStudio.LaunchConfigurationService","host":"dotnet.projectSystem","hostId":"C94B8CFE-E3FD-4BAF-A941-2866DBB566FE","serviceBaseDirectory":"/Users/shashibhushankumar/.vscode/extensions/ms-dotnettools.csdevkit-1.11.14-darwin-arm64/components/CPS/platforms/darwin-arm64/node_modules/@microsoft/visualstudio-projectsystem-server.darwin-arm64","entryPoint":{"assemblyPath":"/Users/shashibhushankumar/.vscode/extensions/ms-dotnettools.csdevkit-1.11.14-darwin-arm64/components/CPS/platforms/darwin-arm64/node_modules/@microsoft/visualstudio-projectsystem-server.darwin-arm64/Microsoft.VisualStudio.ProjectSystem.Server.Implementation.dll","fullClassName":"Microsoft.VisualStudio.ProjectSystem.Server.LaunchConfigurationServiceFactory"}},{"ActivationArguments":{"__servicehub__ServiceHubRemoteServiceBrokerPipeName":"/Users/shashibhushankumar/.ServiceHub/45db7b903d/0cfd5ca7b9"},"ClientCredentials":{},"ClientCulture":"en-GB","ClientUICulture":"en-GB"}]}
10/12/2024 12:41:43 India Standard Time : Information : hubHostClr read: Content-Length: 1027

{"jsonrpc":"2.0","id":3,"method":"startService","params":[{"name":"Microsoft.VisualStudio.LaunchConfigurationService","host":"dotnet.projectSystem","hostId":"C94B8CFE-E3FD-4BAF-A941-2866DBB566FE","serviceBaseDirectory":"/Users/shashibhushankumar/.vscode/extensions/ms-dotnettools.csdevkit-1.11.14-darwin-arm64/components/CPS/platforms/darwin-arm64/node_modules/@microsoft/visualstudio-projectsystem-server.darwin-arm64","entryPoint":{"assemblyPath":"/Users/shashibhushankumar/.vscode/extensions/ms-dotnettools.csdevkit-1.11.14-darwin-arm64/components/CPS/platforms/darwin-arm64/node_modules/@microsoft/visualstudio-projectsystem-server.darwin-arm64/Microsoft.VisualStudio.ProjectSystem.Server.Implementation.dll","fullClassName":"Microsoft.VisualStudio.ProjectSystem.Server.LaunchConfigurationServiceFactory"}},{"ActivationArguments":{"__servicehub__ServiceHubRemoteServiceBrokerPipeName":"/Users/shashibhushankumar/.ServiceHub/45db7b903d/a66398938f"},"ClientCredentials":{},"ClientCulture":"en-GB","ClientUICulture":"en-GB"}]}Content-Length: 1092

{"jsonrpc":"2.0","id":4,"method":"startService","params":[{"name":"Microsoft.VisualStudio.ProjectSystem.Query.Remoting.QueryExecutionService","host":"dotnet.projectSystem","hostId":"C94B8CFE-E3FD-4BAF-A941-2866DBB566FE","serviceBaseDirectory":"/Users/shashibhushankumar/.vscode/extensions/ms-dotnettools.csdevkit-1.11.14-darwin-arm64/components/CPS/platforms/darwin-arm64/node_modules/@microsoft/visualstudio-projectsystem-server.darwin-arm64","entryPoint":{"assemblyPath":"/Users/shashibhushankumar/.vscode/extensions/ms-dotnettools.csdevkit-1.11.14-darwin-arm64/components/CPS/platforms/darwin-arm64/node_modules/@microsoft/visualstudio-projectsystem-server.darwin-arm64/Microsoft.VisualStudio.ProjectSystem.Server.Implementation.dll","fullClassName":"Microsoft.VisualStudio.ProjectSystem.Server.QueryExecutionServiceFactory"}},{"ActivationArguments":{"__servicehub__ServiceHubRemoteServiceBrokerPipeName":"/Users/shashibhushankumar/.ServiceHub/45db7b903d/f7df172831","__servicehub__RequestedServiceVersion":"0.3"},"ClientCredentials":{},"ClientCulture":"en-GB","ClientUICulture":"en-GB"}]}
10/12/2024 12:41:43 India Standard Time : Information : CLR host received start request for service 'Microsoft.VisualStudio.LaunchConfigurationService'
10/12/2024 12:41:43 India Standard Time : Information : Loading service module assembly '/Users/shashibhushankumar/.vscode/extensions/ms-dotnettools.csdevkit-1.11.14-darwin-arm64/components/CPS/platforms/darwin-arm64/node_modules/@microsoft/visualstudio-projectsystem-server.darwin-arm64/Microsoft.VisualStudio.ProjectSystem.Server.Implementation.dll' from '/Users/shashibhushankumar/.vscode/extensions/ms-dotnettools.csdevkit-1.11.14-darwin-arm64/components/CPS/platforms/darwin-arm64/node_modules/@microsoft/visualstudio-projectsystem-server.darwin-arm64'
10/12/2024 12:41:43 India Standard Time : Information : Starting service module 'Microsoft.VisualStudio.LaunchConfigurationService'. Class: Microsoft.VisualStudio.ProjectSystem.Server.LaunchConfigurationServiceFactory, Supported Version: 
10/12/2024 12:41:43 India Standard Time : Information : Started service 'Microsoft.VisualStudio.LaunchConfigurationService'. Pipe name: /Users/shashibhushankumar/.ServiceHub/45db7b903d/123e59c2c8, Supported Version: 
10/12/2024 12:41:43 India Standard Time : Information : hubHostClr write: Content-Length: 95

{"jsonrpc":"2.0","id":5,"result":"/Users/shashibhushankumar/.ServiceHub/45db7b903d/123e59c2c8"}
10/12/2024 12:41:43 India Standard Time : Information : CLR host received start request for service 'Microsoft.VisualStudio.LaunchConfigurationService'
10/12/2024 12:41:43 India Standard Time : Information : Loading service module assembly '/Users/shashibhushankumar/.vscode/extensions/ms-dotnettools.csdevkit-1.11.14-darwin-arm64/components/CPS/platforms/darwin-arm64/node_modules/@microsoft/visualstudio-projectsystem-server.darwin-arm64/Microsoft.VisualStudio.ProjectSystem.Server.Implementation.dll' from '/Users/shashibhushankumar/.vscode/extensions/ms-dotnettools.csdevkit-1.11.14-darwin-arm64/components/CPS/platforms/darwin-arm64/node_modules/@microsoft/visualstudio-projectsystem-server.darwin-arm64'
10/12/2024 12:41:43 India Standard Time : Information : Starting service module 'Microsoft.VisualStudio.LaunchConfigurationService'. Class: Microsoft.VisualStudio.ProjectSystem.Server.LaunchConfigurationServiceFactory, Supported Version: 
10/12/2024 12:41:43 India Standard Time : Information : Started service 'Microsoft.VisualStudio.LaunchConfigurationService'. Pipe name: /Users/shashibhushankumar/.ServiceHub/45db7b903d/c8234c34e4, Supported Version: 
10/12/2024 12:41:43 India Standard Time : Information : CLR host received start request for service 'Microsoft.VisualStudio.ProjectSystem.Query.Remoting.QueryExecutionService'
10/12/2024 12:41:43 India Standard Time : Information : hubHostClr write: Content-Length: 95

{"jsonrpc":"2.0","id":3,"result":"/Users/shashibhushankumar/.ServiceHub/45db7b903d/c8234c34e4"}
10/12/2024 12:41:43 India Standard Time : Information : Loading service module assembly '/Users/shashibhushankumar/.vscode/extensions/ms-dotnettools.csdevkit-1.11.14-darwin-arm64/components/CPS/platforms/darwin-arm64/node_modules/@microsoft/visualstudio-projectsystem-server.darwin-arm64/Microsoft.VisualStudio.ProjectSystem.Server.Implementation.dll' from '/Users/shashibhushankumar/.vscode/extensions/ms-dotnettools.csdevkit-1.11.14-darwin-arm64/components/CPS/platforms/darwin-arm64/node_modules/@microsoft/visualstudio-projectsystem-server.darwin-arm64'
10/12/2024 12:41:43 India Standard Time : Information : Starting service module 'Microsoft.VisualStudio.ProjectSystem.Query.Remoting.QueryExecutionService'. Class: Microsoft.VisualStudio.ProjectSystem.Server.QueryExecutionServiceFactory, Supported Version: 
10/12/2024 12:41:43 India Standard Time : Information : Started service 'Microsoft.VisualStudio.ProjectSystem.Query.Remoting.QueryExecutionService'. Pipe name: /Users/shashibhushankumar/.ServiceHub/45db7b903d/cb7ec2bca7, Supported Version: 
10/12/2024 12:41:43 India Standard Time : Information : hubHostClr write: Content-Length: 95

{"jsonrpc":"2.0","id":4,"result":"/Users/shashibhushankumar/.ServiceHub/45db7b903d/cb7ec2bca7"}
10/12/2024 12:41:43 India Standard Time : Information : A new client connected to CLR service module 'Microsoft.VisualStudio.LaunchConfigurationService'
10/12/2024 12:41:43 India Standard Time : Information : A new client connected to CLR service module 'Microsoft.VisualStudio.LaunchConfigurationService'
10/12/2024 12:41:43 India Standard Time : Information : A new client connected to CLR service module 'Microsoft.VisualStudio.ProjectSystem.Query.Remoting.QueryExecutionService'
10/12/2024 12:41:43 India Standard Time : Information : hubHostClr write: Content-Length: 119

{"jsonrpc":"2.0","method":"hostServicesStarted","params":["dotnet.projectSystem$C94B8CFE-E3FD-4BAF-A941-2866DBB566FE"]}
10/12/2024 12:41:43 India Standard Time : Information : Found FactoryVersion=Version2 for service : Microsoft.VisualStudio.LaunchConfigurationService.
10/12/2024 12:41:43 India Standard Time : Information : Service 'Microsoft.VisualStudio.ProjectSystem.Server.LaunchConfigurationServiceFactory' implements IServiceHubServiceFactory. Creating factory instance and caching it.
10/12/2024 12:41:43 India Standard Time : Information : Found FactoryVersion=Version2 for service : Microsoft.VisualStudio.ProjectSystem.Query.Remoting.QueryExecutionService.
10/12/2024 12:41:43 India Standard Time : Information : Service 'Microsoft.VisualStudio.ProjectSystem.Server.QueryExecutionServiceFactory' implements IServiceHubServiceFactory. Creating factory instance and caching it.
10/12/2024 12:41:43 India Standard Time : Information : Found IServiceHubServiceFactory in cache. Creating instance from the factory.
10/12/2024 12:41:44 India Standard Time : Information : Creating service Microsoft.VisualStudio.ProjectSystem.Server.LaunchConfigurationServiceFactory from factory with FactoryVersion=Version2 and ClientRequestedVersion=.
10/12/2024 12:41:44 India Standard Time : Information : Creating service Microsoft.VisualStudio.ProjectSystem.Server.QueryExecutionServiceFactory from factory with FactoryVersion=Version2 and ClientRequestedVersion=0.3.
10/12/2024 12:41:44 India Standard Time : Information : Creating service Microsoft.VisualStudio.ProjectSystem.Server.LaunchConfigurationServiceFactory from factory with FactoryVersion=Version2 and ClientRequestedVersion=.
10/12/2024 12:41:44 India Standard Time : Information : Setting up RPC connection for service 'Microsoft.VisualStudio.ProjectSystem.Server.QueryExecutionServiceFactory' from factory
10/12/2024 12:41:44 India Standard Time : Information : Setting up RPC connection for service 'Microsoft.VisualStudio.ProjectSystem.Server.LaunchConfigurationServiceFactory' from factory
10/12/2024 12:41:44 India Standard Time : Information : Setting up RPC connection for service 'Microsoft.VisualStudio.ProjectSystem.Server.LaunchConfigurationServiceFactory' from factory
10/12/2024 12:41:44 India Standard Time : Information : hubHostClr read: Content-Length: 46

{"jsonrpc":"2.0","method":"exit","params":[3]}
10/12/2024 12:41:44 India Standard Time : Information : Exit command received with reason 'ForcedControllerShutdown'. Exiting CLR host
10/12/2024 12:41:44 India Standard Time : Information : Checking if 'Microsoft.VisualStudio.ProjectSystem.Server.LaunchConfigurationServiceFactory' implements Microsoft.VisualStudio.Threading.IAsyncDisposable.
10/12/2024 12:41:44 India Standard Time : Information : Checking if 'Microsoft.VisualStudio.ProjectSystem.Server.LaunchConfigurationServiceFactory' implements System.IAsyncDisposable.
10/12/2024 12:41:44 India Standard Time : Information : Checking if 'Microsoft.VisualStudio.ProjectSystem.Server.LaunchConfigurationServiceFactory' implements System.IDisposable.
10/12/2024 12:41:44 India Standard Time : Information : Checking if 'Microsoft.VisualStudio.ProjectSystem.Server.QueryExecutionServiceFactory' implements Microsoft.VisualStudio.Threading.IAsyncDisposable.
10/12/2024 12:41:44 India Standard Time : Information : Checking if 'Microsoft.VisualStudio.ProjectSystem.Server.QueryExecutionServiceFactory' implements System.IAsyncDisposable.
10/12/2024 12:41:44 India Standard Time : Information : Checking if 'Microsoft.VisualStudio.ProjectSystem.Server.QueryExecutionServiceFactory' implements System.IDisposable.
10/12/2024 12:41:44 India Standard Time : Information : Checking if 'Microsoft.VisualStudio.ProjectSystem.Server.QueryExecutionServiceFactory' implements Microsoft.VisualStudio.Threading.IAsyncDisposable.
10/12/2024 12:41:44 India Standard Time : Information : Checking if 'Microsoft.VisualStudio.ProjectSystem.Server.QueryExecutionServiceFactory' implements System.IAsyncDisposable.
10/12/2024 12:41:44 India Standard Time : Information : Checking if 'Microsoft.VisualStudio.ProjectSystem.Server.QueryExecutionServiceFactory' implements System.IDisposable.
10/12/2024 12:41:44 India Standard Time : Information : Checking if 'Microsoft.VisualStudio.ProjectSystem.Server.LaunchConfigurationServiceFactory' implements Microsoft.VisualStudio.Threading.IAsyncDisposable.
10/12/2024 12:41:44 India Standard Time : Information : Checking if 'Microsoft.VisualStudio.ProjectSystem.Server.LaunchConfigurationServiceFactory' implements System.IAsyncDisposable.
10/12/2024 12:41:44 India Standard Time : Information : Checking if 'Microsoft.VisualStudio.ProjectSystem.Server.LaunchConfigurationServiceFactory' implements System.IDisposable.
10/12/2024 12:41:44 India Standard Time : Information : hubHostClr write: Content-Length: 117

{"jsonrpc":"2.0","method":"hostServicesEnded","params":["dotnet.projectSystem$C94B8CFE-E3FD-4BAF-A941-2866DBB566FE"]}
10/12/2024 12:41:44 India Standard Time : Error : Error creating Microsoft.VisualStudio.ProjectSystem.Server.QueryExecutionServiceFactory instance of CLR service module 'Microsoft.VisualStudio.ProjectSystem.Query.Remoting.QueryExecutionService': StreamJsonRpc.ConnectionLostException: The JSON-RPC connection with the remote party was lost before the request could complete. HResult='-2146233088' 
   at StreamJsonRpc.JsonRpc.InvokeCoreAsync(JsonRpcRequest request, Type expectedResultType, CancellationToken cancellationToken)
   at StreamJsonRpc.JsonRpc.InvokeCoreAsync[TResult](RequestId id, String targetName, IReadOnlyList`1 arguments, IReadOnlyList`1 positionalArgumentDeclaredTypes, IReadOnlyDictionary`2 namedArgumentDeclaredTypes, CancellationToken cancellationToken, Boolean isParameterObject)
   at Microsoft.ServiceHub.Framework.RemoteServiceBroker.GetProxyAsync[T](ServiceRpcDescriptor serviceDescriptor, ServiceActivationOptions options, CancellationToken cancellationToken)
   at Microsoft.VisualStudio.ProjectSystem.Server.ProcessServiceContainer.GetContainerCoreAsync(IServiceBroker serviceBroker, TaskCompletionSource`1 toComplete)
   at Microsoft.VisualStudio.Threading.ThreadingTools.WithCancellationSlow[T](Task`1 task, CancellationToken cancellationToken)
   at Microsoft.VisualStudio.ProjectSystem.Server.ProcessServiceContainer.GetContainerAsync(IServiceBroker serviceBroker, CancellationToken cancellationToken)
   at Microsoft.VisualStudio.ProjectSystem.Server.QueryExecutionServiceFactory.CreateAsync(IServiceProvider hostProvidedServices, ServiceMoniker serviceMoniker, ServiceActivationOptions serviceActivationOptions, IServiceBroker serviceBroker, AuthorizationServiceClient authorizationServiceClient, CancellationToken cancellationToken)
   at Microsoft.VisualStudio.ProjectSystem.Server.ProcessServiceContainer.GetContainerAsync(IServiceBroker serviceBroker, CancellationToken cancellationToken)
   at Microsoft.ServiceHub.HostStub.Utilities.InvokeMethodIfObjectImplementsInterfaceAsync(Object obj, Type implementedInterface, String methodName, Object[] parameters, Boolean throwOnError)
   at Microsoft.VisualStudio.ProjectSystem.Server.LaunchConfigurationServiceFactory.CreateAsync(IServiceProvider hostProvidedServices, ServiceMoniker serviceMoniker, ServiceActivationOptions serviceActivationOptions, IServiceBroker serviceBroker, AuthorizationServiceClient authorizationServiceClient, CancellationToken cancellationToken)
   at Microsoft.ServiceHub.HostStub.ServiceManager.ExecuteServiceManagerReflectionHelperMethodAsync(AssemblyName serviceHubFramework, String methodName, Object[] parameters)
   at Microsoft.ServiceHub.HostStub.ServiceManager.CreateServiceModuleObjectWithFactoryAsync(ServiceModuleInfo smi, ServiceFactoryDetails serviceFactoryDetails, String serializedServiceActivationOptions, Stream stream, TraceSource serviceModuleTracer, AssemblyName serviceHubFrameworkReference, CancellationToken cancellationToken)
   at Microsoft.ServiceHub.HostStub.Utilities.InvokeMethodIfObjectImplementsInterfaceAsync(Object obj, Type implementedInterface, String methodName, Object[] parameters, Boolean throwOnError)
   at Microsoft.ServiceHub.HostStub.ServiceManager.CreateAndConfigureServiceAsync(ServiceModuleInfo smi, Type serviceModuleType, Stream stream, String serializedServiceActivationOptions, CancellationTokenSource cts)
   at Microsoft.ServiceHub.HostStub.ServiceManager.InvokeServiceHubServiceFactory(AssemblyName serviceHubFramework, Object serviceFactory, Object[] args, String serviceHubServiceFactoryTypeName, String methodName)
   at Microsoft.ServiceHub.HostStub.ServiceManager.<>c__DisplayClass74_0.<<CreateServiceModuleObjectWithFactoryAsync>b__0>d.MoveNext()
--- End of stack trace from previous location ---
   at Microsoft.ServiceHub.Framework.ServiceManagerReflectionHelpers.SetupRpcConnectionAsync(Func`2 getRpcObject, Stream stream, ServiceRpcDescriptor serviceDescriptor, ServiceActivationOptions options, TraceSource traceSource, Action`1 completionTask)
   at Microsoft.ServiceHub.HostStub.ServiceManager.ExecuteServiceManagerReflectionHelperMethodAsync(AssemblyName serviceHubFramework, String methodName, Object[] parameters)
   at Microsoft.ServiceHub.HostStub.ServiceManager.CreateServiceModuleObjectWithFactoryAsync(ServiceModuleInfo smi, ServiceFactoryDetails serviceFactoryDetails, String serializedServiceActivationOptions, Stream stream, TraceSource serviceModuleTracer, AssemblyName serviceHubFrameworkReference, CancellationToken cancellationToken)
   at Microsoft.ServiceHub.HostStub.ServiceManager.CreateAndConfigureServiceAsync(ServiceModuleInfo smi, Type serviceModuleType, Stream stream, String serializedServiceActivationOptions, CancellationTokenSource cts)
   at Microsoft.ServiceHub.HostStub.ServiceManager.ExecuteServiceManagerReflectionHelperMethodAsync(AssemblyName serviceHubFramework, String methodName, Object[] parameters)
   at Microsoft.ServiceHub.HostStub.ServiceManager.CreateServiceModuleObjectWithFactoryAsync(ServiceModuleInfo smi, ServiceFactoryDetails serviceFactoryDetails, String serializedServiceActivationOptions, Stream stream, TraceSource serviceModuleTracer, AssemblyName serviceHubFrameworkReference, CancellationToken cancellationToken)
   at Microsoft.ServiceHub.HostStub.ServiceManager.CreateAndConfigureServiceAsync(ServiceModuleInfo smi, Type serviceModuleType, Stream stream, String serializedServiceActivationOptions, CancellationTokenSource cts)
===InnerException===
System.OperationCanceledException: The operation was canceled. HResult='-2146233029' 
   at System.Threading.CancellationToken.ThrowOperationCanceledException()
   at System.Threading.CancellationToken.ThrowIfCancellationRequested()
   at StreamJsonRpc.MessageHandlerBase.WriteAsync(JsonRpcMessage content, CancellationToken cancellationToken)
   at StreamJsonRpc.JsonRpc.SendAsync(JsonRpcMessage message, CancellationToken cancellationToken)
   at StreamJsonRpc.JsonRpc.InvokeCoreAsync(JsonRpcRequest request, Type expectedResultType, CancellationToken cancellationToken)
10/12/2024 12:41:44 India Standard Time : Information : hubHostClr JSON RPC has been disposed
10/12/2024 12:41:44 India Standard Time : Error : Error creating Microsoft.VisualStudio.ProjectSystem.Server.LaunchConfigurationServiceFactory instance of CLR service module 'Microsoft.VisualStudio.LaunchConfigurationService': StreamJsonRpc.ConnectionLostException: The JSON-RPC connection with the remote party was lost before the request could complete. HResult='-2146233088' 
   at StreamJsonRpc.JsonRpc.InvokeCoreAsync(JsonRpcRequest request, Type expectedResultType, CancellationToken cancellationToken)
   at StreamJsonRpc.JsonRpc.InvokeCoreAsync[TResult](RequestId id, String targetName, IReadOnlyList`1 arguments, IReadOnlyList`1 positionalArgumentDeclaredTypes, IReadOnlyDictionary`2 namedArgumentDeclaredTypes, CancellationToken cancellationToken, Boolean isParameterObject)
   at Microsoft.ServiceHub.Framework.RemoteServiceBroker.GetProxyAsync[T](ServiceRpcDescriptor serviceDescriptor, ServiceActivationOptions options, CancellationToken cancellationToken)
   at Microsoft.VisualStudio.ProjectSystem.Server.ProcessServiceContainer.GetContainerCoreAsync(IServiceBroker serviceBroker, TaskCompletionSource`1 toComplete)
   at Microsoft.VisualStudio.Threading.ThreadingTools.WithCancellationSlow[T](Task`1 task, CancellationToken cancellationToken)
   at Microsoft.VisualStudio.ProjectSystem.Server.ProcessServiceContainer.GetContainerAsync(IServiceBroker serviceBroker, CancellationToken cancellationToken)
   at Microsoft.VisualStudio.ProjectSystem.Server.QueryExecutionServiceFactory.CreateAsync(IServiceProvider hostProvidedServices, ServiceMoniker serviceMoniker, ServiceActivationOptions serviceActivationOptions, IServiceBroker serviceBroker, AuthorizationServiceClient authorizationServiceClient, CancellationToken cancellationToken)
   at Microsoft.VisualStudio.ProjectSystem.Server.ProcessServiceContainer.GetContainerAsync(IServiceBroker serviceBroker, CancellationToken cancellationToken)
   at Microsoft.ServiceHub.HostStub.Utilities.InvokeMethodIfObjectImplementsInterfaceAsync(Object obj, Type implementedInterface, String methodName, Object[] parameters, Boolean throwOnError)
   at Microsoft.VisualStudio.ProjectSystem.Server.LaunchConfigurationServiceFactory.CreateAsync(IServiceProvider hostProvidedServices, ServiceMoniker serviceMoniker, ServiceActivationOptions serviceActivationOptions, IServiceBroker serviceBroker, AuthorizationServiceClient authorizationServiceClient, CancellationToken cancellationToken)
   at Microsoft.ServiceHub.HostStub.ServiceManager.ExecuteServiceManagerReflectionHelperMethodAsync(AssemblyName serviceHubFramework, String methodName, Object[] parameters)
   at Microsoft.ServiceHub.HostStub.ServiceManager.CreateServiceModuleObjectWithFactoryAsync(ServiceModuleInfo smi, ServiceFactoryDetails serviceFactoryDetails, String serializedServiceActivationOptions, Stream stream, TraceSource serviceModuleTracer, AssemblyName serviceHubFrameworkReference, CancellationToken cancellationToken)
   at Microsoft.ServiceHub.HostStub.Utilities.InvokeMethodIfObjectImplementsInterfaceAsync(Object obj, Type implementedInterface, String methodName, Object[] parameters, Boolean throwOnError)
   at Microsoft.ServiceHub.HostStub.ServiceManager.CreateAndConfigureServiceAsync(ServiceModuleInfo smi, Type serviceModuleType, Stream stream, String serializedServiceActivationOptions, CancellationTokenSource cts)
   at Microsoft.ServiceHub.HostStub.ServiceManager.InvokeServiceHubServiceFactory(AssemblyName serviceHubFramework, Object serviceFactory, Object[] args, String serviceHubServiceFactoryTypeName, String methodName)
   at Microsoft.ServiceHub.HostStub.ServiceManager.<>c__DisplayClass74_0.<<CreateServiceModuleObjectWithFactoryAsync>b__0>d.MoveNext()
--- End of stack trace from previous location ---
   at Microsoft.ServiceHub.Framework.ServiceManagerReflectionHelpers.SetupRpcConnectionAsync(Func`2 getRpcObject, Stream stream, ServiceRpcDescriptor serviceDescriptor, ServiceActivationOptions options, TraceSource traceSource, Action`1 completionTask)
   at Microsoft.ServiceHub.HostStub.ServiceManager.ExecuteServiceManagerReflectionHelperMethodAsync(AssemblyName serviceHubFramework, String methodName, Object[] parameters)
   at Microsoft.ServiceHub.HostStub.ServiceManager.CreateServiceModuleObjectWithFactoryAsync(ServiceModuleInfo smi, ServiceFactoryDetails serviceFactoryDetails, String serializedServiceActivationOptions, Stream stream, TraceSource serviceModuleTracer, AssemblyName serviceHubFrameworkReference, CancellationToken cancellationToken)
   at Microsoft.ServiceHub.HostStub.ServiceManager.CreateAndConfigureServiceAsync(ServiceModuleInfo smi, Type serviceModuleType, Stream stream, String serializedServiceActivationOptions, CancellationTokenSource cts)
   at Microsoft.ServiceHub.HostStub.ServiceManager.ExecuteServiceManagerReflectionHelperMethodAsync(AssemblyName serviceHubFramework, String methodName, Object[] parameters)
   at Microsoft.ServiceHub.HostStub.ServiceManager.CreateServiceModuleObjectWithFactoryAsync(ServiceModuleInfo smi, ServiceFactoryDetails serviceFactoryDetails, String serializedServiceActivationOptions, Stream stream, TraceSource serviceModuleTracer, AssemblyName serviceHubFrameworkReference, CancellationToken cancellationToken)
   at Microsoft.ServiceHub.HostStub.ServiceManager.CreateAndConfigureServiceAsync(ServiceModuleInfo smi, Type serviceModuleType, Stream stream, String serializedServiceActivationOptions, CancellationTokenSource cts)
===InnerException===
System.OperationCanceledException: The operation was canceled. HResult='-2146233029' 
   at System.Threading.CancellationToken.ThrowOperationCanceledException()
   at System.Threading.CancellationToken.ThrowIfCancellationRequested()
   at StreamJsonRpc.MessageHandlerBase.WriteAsync(JsonRpcMessage content, CancellationToken cancellationToken)
   at StreamJsonRpc.JsonRpc.SendAsync(JsonRpcMessage message, CancellationToken cancellationToken)
   at StreamJsonRpc.JsonRpc.InvokeCoreAsync(JsonRpcRequest request, Type expectedResultType, CancellationToken cancellationToken)
10/12/2024 12:41:44 India Standard Time : Error : Error creating Microsoft.VisualStudio.ProjectSystem.Server.LaunchConfigurationServiceFactory instance of CLR service module 'Microsoft.VisualStudio.LaunchConfigurationService': StreamJsonRpc.ConnectionLostException: The JSON-RPC connection with the remote party was lost before the request could complete. HResult='-2146233088' 
   at StreamJsonRpc.JsonRpc.InvokeCoreAsync(JsonRpcRequest request, Type expectedResultType, CancellationToken cancellationToken)
   at StreamJsonRpc.JsonRpc.InvokeCoreAsync[TResult](RequestId id, String targetName, IReadOnlyList`1 arguments, IReadOnlyList`1 positionalArgumentDeclaredTypes, IReadOnlyDictionary`2 namedArgumentDeclaredTypes, CancellationToken cancellationToken, Boolean isParameterObject)
   at Microsoft.ServiceHub.Framework.RemoteServiceBroker.GetProxyAsync[T](ServiceRpcDescriptor serviceDescriptor, ServiceActivationOptions options, CancellationToken cancellationToken)
   at Microsoft.VisualStudio.ProjectSystem.Server.ProcessServiceContainer.GetContainerCoreAsync(IServiceBroker serviceBroker, TaskCompletionSource`1 toComplete)
   at Microsoft.VisualStudio.Threading.ThreadingTools.WithCancellationSlow[T](Task`1 task, CancellationToken cancellationToken)
   at Microsoft.VisualStudio.ProjectSystem.Server.ProcessServiceContainer.GetContainerAsync(IServiceBroker serviceBroker, CancellationToken cancellationToken)
   at Microsoft.VisualStudio.ProjectSystem.Server.QueryExecutionServiceFactory.CreateAsync(IServiceProvider hostProvidedServices, ServiceMoniker serviceMoniker, ServiceActivationOptions serviceActivationOptions, IServiceBroker serviceBroker, AuthorizationServiceClient authorizationServiceClient, CancellationToken cancellationToken)
   at Microsoft.VisualStudio.ProjectSystem.Server.ProcessServiceContainer.GetContainerAsync(IServiceBroker serviceBroker, CancellationToken cancellationToken)
   at Microsoft.ServiceHub.HostStub.Utilities.InvokeMethodIfObjectImplementsInterfaceAsync(Object obj, Type implementedInterface, String methodName, Object[] parameters, Boolean throwOnError)
   at Microsoft.VisualStudio.ProjectSystem.Server.LaunchConfigurationServiceFactory.CreateAsync(IServiceProvider hostProvidedServices, ServiceMoniker serviceMoniker, ServiceActivationOptions serviceActivationOptions, IServiceBroker serviceBroker, AuthorizationServiceClient authorizationServiceClient, CancellationToken cancellationToken)
   at Microsoft.ServiceHub.HostStub.ServiceManager.ExecuteServiceManagerReflectionHelperMethodAsync(AssemblyName serviceHubFramework, String methodName, Object[] parameters)
   at Microsoft.ServiceHub.HostStub.ServiceManager.CreateServiceModuleObjectWithFactoryAsync(ServiceModuleInfo smi, ServiceFactoryDetails serviceFactoryDetails, String serializedServiceActivationOptions, Stream stream, TraceSource serviceModuleTracer, AssemblyName serviceHubFrameworkReference, CancellationToken cancellationToken)
   at Microsoft.ServiceHub.HostStub.Utilities.InvokeMethodIfObjectImplementsInterfaceAsync(Object obj, Type implementedInterface, String methodName, Object[] parameters, Boolean throwOnError)
   at Microsoft.ServiceHub.HostStub.ServiceManager.CreateAndConfigureServiceAsync(ServiceModuleInfo smi, Type serviceModuleType, Stream stream, String serializedServiceActivationOptions, CancellationTokenSource cts)
   at Microsoft.ServiceHub.HostStub.ServiceManager.InvokeServiceHubServiceFactory(AssemblyName serviceHubFramework, Object serviceFactory, Object[] args, String serviceHubServiceFactoryTypeName, String methodName)
   at Microsoft.ServiceHub.HostStub.ServiceManager.<>c__DisplayClass74_0.<<CreateServiceModuleObjectWithFactoryAsync>b__0>d.MoveNext()
--- End of stack trace from previous location ---
   at Microsoft.ServiceHub.Framework.ServiceManagerReflectionHelpers.SetupRpcConnectionAsync(Func`2 getRpcObject, Stream stream, ServiceRpcDescriptor serviceDescriptor, ServiceActivationOptions options, TraceSource traceSource, Action`1 completionTask)
   at Microsoft.ServiceHub.HostStub.ServiceManager.ExecuteServiceManagerReflectionHelperMethodAsync(AssemblyName serviceHubFramework, String methodName, Object[] parameters)
   at Microsoft.ServiceHub.HostStub.ServiceManager.CreateServiceModuleObjectWithFactoryAsync(ServiceModuleInfo smi, ServiceFactoryDetails serviceFactoryDetails, String serializedServiceActivationOptions, Stream stream, TraceSource serviceModuleTracer, AssemblyName serviceHubFrameworkReference, CancellationToken cancellationToken)
   at Microsoft.ServiceHub.HostStub.ServiceManager.CreateAndConfigureServiceAsync(ServiceModuleInfo smi, Type serviceModuleType, Stream stream, String serializedServiceActivationOptions, CancellationTokenSource cts)
   at Microsoft.ServiceHub.HostStub.ServiceManager.ExecuteServiceManagerReflectionHelperMethodAsync(AssemblyName serviceHubFramework, String methodName, Object[] parameters)
   at Microsoft.ServiceHub.HostStub.ServiceManager.CreateServiceModuleObjectWithFactoryAsync(ServiceModuleInfo smi, ServiceFactoryDetails serviceFactoryDetails, String serializedServiceActivationOptions, Stream stream, TraceSource serviceModuleTracer, AssemblyName serviceHubFrameworkReference, CancellationToken cancellationToken)
   at Microsoft.ServiceHub.HostStub.ServiceManager.CreateAndConfigureServiceAsync(ServiceModuleInfo smi, Type serviceModuleType, Stream stream, String serializedServiceActivationOptions, CancellationTokenSource cts)
===InnerException===
System.OperationCanceledException: The operation was canceled. HResult='-2146233029' 
   at System.Threading.CancellationToken.ThrowOperationCanceledException()
   at System.Threading.CancellationToken.ThrowIfCancellationRequested()
   at StreamJsonRpc.MessageHandlerBase.WriteAsync(JsonRpcMessage content, CancellationToken cancellationToken)
   at StreamJsonRpc.JsonRpc.SendAsync(JsonRpcMessage message, CancellationToken cancellationToken)
   at StreamJsonRpc.JsonRpc.InvokeCoreAsync(JsonRpcRequest request, Type expectedResultType, CancellationToken cancellationToken)
10/12/2024 12:41:44 India Standard Time : Information : hubHostClr read: end of stream
